#
# There is insufficient memory for the Java Runtime Environment to continue.
# Native memory allocation (malloc) failed to allocate 1352976 bytes for Chunk::new
# Possible reasons:
#   The system is out of physical RAM or swap space
#   The process is running with CompressedOops enabled, and the Java Heap may be blocking the growth of the native heap
# Possible solutions:
#   Reduce memory load on the system
#   Increase physical memory or swap space
#   Check if swap backing store is full
#   Decrease Java heap size (-Xmx/-Xms)
#   Decrease number of Java threads
#   Decrease Java thread stack sizes (-Xss)
#   Set larger code cache with -XX:ReservedCodeCacheSize=
#   JVM is running with Unscaled Compressed Oops mode in which the Java heap is
#     placed in the first 4GB address space. The Java Heap base address is the
#     maximum limit for the native heap growth. Please use -XX:HeapBaseMinAddress
#     to set the Java Heap base and to place the Java Heap above 4GB virtual address.
# This output file may be truncated or incomplete.
#
#  Out of Memory Error (t:/workspace/open/src/hotspot/share/memory/arena.cpp:197), pid=39240, tid=31812
#
# JRE version: OpenJDK Runtime Environment (11.0.2+9) (build 11.0.2+9)
# Java VM: OpenJDK 64-Bit Server VM (11.0.2+9, mixed mode, tiered, compressed oops, g1 gc, windows-amd64)
# No core dump will be written. Minidumps are not enabled by default on client versions of Windows
#

---------------  S U M M A R Y ------------

Command Line: --add-opens=java.base/java.util=ALL-UNNAMED --add-opens=java.base/java.lang=ALL-UNNAMED --add-opens=java.base/java.lang.invoke=ALL-UNNAMED --add-opens=java.base/java.util=ALL-UNNAMED --add-opens=java.prefs/java.util.prefs=ALL-UNNAMED --add-opens=java.prefs/java.util.prefs=ALL-UNNAMED --add-opens=java.base/java.nio.charset=ALL-UNNAMED --add-opens=java.base/java.net=ALL-UNNAMED --add-opens=java.base/java.util.concurrent.atomic=ALL-UNNAMED -XX:MaxMetaspaceSize=256m -XX:+HeapDumpOnOutOfMemoryError -Xms256m -Xmx512m -Dfile.encoding=utf8 -Duser.country=IN -Duser.language=en -Duser.variant org.gradle.launcher.daemon.bootstrap.GradleDaemon 7.5.1

Host: AMD Ryzen 5 3500U with Radeon Vega Mobile Gfx  , 8 cores, 5G,  Windows 10 , 64 bit Build 19041 (10.0.19041.4957)
Time: Sat Dec  7 14:55:17 2024 India Standard Time elapsed time: 9 seconds (0d 0h 0m 9s)

---------------  T H R E A D  ---------------

Current thread (0x0000016d33309800):  JavaThread "C2 CompilerThread0" daemon [_thread_in_native, id=31812, stack(0x0000000da8300000,0x0000000da8400000)]


Current CompileTask:
C2:   9644 3544       4       groovyjarjarantlr4.v4.runtime.atn.ParserATNSimulator::closure (784 bytes)

Stack: [0x0000000da8300000,0x0000000da8400000]
Native frames: (J=compiled Java code, j=interpreted, Vv=VM code, C=native code)
V  [jvm.dll+0x63489a]
V  [jvm.dll+0x771f9f]
V  [jvm.dll+0x773648]
V  [jvm.dll+0x773d03]
V  [jvm.dll+0x25eba8]
V  [jvm.dll+0xc2191]
V  [jvm.dll+0xc271c]
V  [jvm.dll+0x36cc47]
V  [jvm.dll+0x339b13]
V  [jvm.dll+0x338eea]
V  [jvm.dll+0x2189c5]
V  [jvm.dll+0x217b6a]
V  [jvm.dll+0x194370]
V  [jvm.dll+0x226b3f]
V  [jvm.dll+0x225148]
V  [jvm.dll+0x73774d]
V  [jvm.dll+0x633942]
C  [ucrtbase.dll+0x21bb2]
C  [KERNEL32.DLL+0x17374]
C  [ntdll.dll+0x4cc91]


---------------  P R O C E S S  ---------------

Threads class SMR info:
_java_thread_list=0x0000016d35e54520, length=36, elements={
0x0000016d176e0000, 0x0000016d332b0800, 0x0000016d332bd000, 0x0000016d33306800,
0x0000016d33307000, 0x0000016d33309800, 0x0000016d33318000, 0x0000016d33319000,
0x0000016d33486000, 0x0000016d3347c000, 0x0000016d354cc000, 0x0000016d34d12800,
0x0000016d34d95800, 0x0000016d35332800, 0x0000016d356ad800, 0x0000016d338f5000,
0x0000016d354b4800, 0x0000016d3571b800, 0x0000016d344dd000, 0x0000016d344de000,
0x0000016d3561b800, 0x0000016d3561e000, 0x0000016d3561b000, 0x0000016d3561c800,
0x0000016d3561a000, 0x0000016d3561d800, 0x0000016d3561f000, 0x0000016d3561f800,
0x0000016d37e20000, 0x0000016d37e1e800, 0x0000016d37e1b000, 0x0000016d37e21000,
0x0000016d37e1d000, 0x0000016d37e21800, 0x0000016d37e1c000, 0x0000016d37e22800
}

Java Threads: ( => current thread )
  0x0000016d176e0000 JavaThread "main" [_thread_blocked, id=38924, stack(0x0000000da7800000,0x0000000da7900000)]
  0x0000016d332b0800 JavaThread "Reference Handler" daemon [_thread_blocked, id=27484, stack(0x0000000da7f00000,0x0000000da8000000)]
  0x0000016d332bd000 JavaThread "Finalizer" daemon [_thread_blocked, id=44420, stack(0x0000000da8000000,0x0000000da8100000)]
  0x0000016d33306800 JavaThread "Signal Dispatcher" daemon [_thread_blocked, id=45768, stack(0x0000000da8100000,0x0000000da8200000)]
  0x0000016d33307000 JavaThread "Attach Listener" daemon [_thread_blocked, id=47896, stack(0x0000000da8200000,0x0000000da8300000)]
=>0x0000016d33309800 JavaThread "C2 CompilerThread0" daemon [_thread_in_native, id=31812, stack(0x0000000da8300000,0x0000000da8400000)]
  0x0000016d33318000 JavaThread "C1 CompilerThread0" daemon [_thread_blocked, id=1600, stack(0x0000000da8400000,0x0000000da8500000)]
  0x0000016d33319000 JavaThread "Sweeper thread" daemon [_thread_blocked, id=19084, stack(0x0000000da8500000,0x0000000da8600000)]
  0x0000016d33486000 JavaThread "Common-Cleaner" daemon [_thread_blocked, id=30832, stack(0x0000000da8600000,0x0000000da8700000)]
  0x0000016d3347c000 JavaThread "Service Thread" daemon [_thread_blocked, id=43728, stack(0x0000000da8700000,0x0000000da8800000)]
  0x0000016d354cc000 JavaThread "Daemon health stats" [_thread_blocked, id=47312, stack(0x0000000da8f00000,0x0000000da9000000)]
  0x0000016d34d12800 JavaThread "Incoming local TCP Connector on port 54765" [_thread_in_native, id=15756, stack(0x0000000da8900000,0x0000000da8a00000)]
  0x0000016d34d95800 JavaThread "Daemon periodic checks" [_thread_blocked, id=34844, stack(0x0000000da9000000,0x0000000da9100000)]
  0x0000016d35332800 JavaThread "Daemon" [_thread_blocked, id=45668, stack(0x0000000da9100000,0x0000000da9200000)]
  0x0000016d356ad800 JavaThread "Handler for socket connection from /127.0.0.1:54765 to /127.0.0.1:54767" [_thread_in_native, id=37860, stack(0x0000000da9200000,0x0000000da9300000)]
  0x0000016d338f5000 JavaThread "Cancel handler" [_thread_blocked, id=47216, stack(0x0000000da9300000,0x0000000da9400000)]
  0x0000016d354b4800 JavaThread "Daemon worker" [_thread_in_Java, id=45576, stack(0x0000000da9400000,0x0000000da9500000)]
  0x0000016d3571b800 JavaThread "Asynchronous log dispatcher for DefaultDaemonConnection: socket connection from /127.0.0.1:54765 to /127.0.0.1:54767" [_thread_blocked, id=24040, stack(0x0000000da9500000,0x0000000da9600000)]
  0x0000016d344dd000 JavaThread "Stdin handler" [_thread_blocked, id=22940, stack(0x0000000da9600000,0x0000000da9700000)]
  0x0000016d344de000 JavaThread "Daemon client event forwarder" [_thread_blocked, id=15940, stack(0x0000000da9700000,0x0000000da9800000)]
  0x0000016d3561b800 JavaThread "Cache worker for journal cache (C:\Users\athul\.gradle\caches\journal-1)" [_thread_blocked, id=2856, stack(0x0000000da9800000,0x0000000da9900000)]
  0x0000016d3561e000 JavaThread "File lock request listener" [_thread_in_native, id=15664, stack(0x0000000da9900000,0x0000000da9a00000)]
  0x0000016d3561b000 JavaThread "Cache worker for file hash cache (C:\Users\athul\.gradle\caches\7.5.1\fileHashes)" [_thread_blocked, id=44276, stack(0x0000000da9d00000,0x0000000da9e00000)]
  0x0000016d3561c800 JavaThread "File watcher server" daemon [_thread_in_native, id=46984, stack(0x0000000da9f00000,0x0000000daa000000)]
  0x0000016d3561a000 JavaThread "File watcher consumer" daemon [_thread_blocked, id=41420, stack(0x0000000daa000000,0x0000000daa100000)]
  0x0000016d3561d800 JavaThread "jar transforms" [_thread_blocked, id=47724, stack(0x0000000daa100000,0x0000000daa200000)]
  0x0000016d3561f000 JavaThread "jar transforms Thread 2" [_thread_blocked, id=31680, stack(0x0000000daa200000,0x0000000daa300000)]
  0x0000016d3561f800 JavaThread "jar transforms Thread 3" [_thread_blocked, id=41808, stack(0x0000000daa300000,0x0000000daa400000)]
  0x0000016d37e20000 JavaThread "Cache worker for checksums cache (C:\Users\athul\athul-b02-ME_QA_XGOOGLE_FORM\.gradle\7.5.1\checksums)" [_thread_blocked, id=24276, stack(0x0000000daa400000,0x0000000daa500000)]
  0x0000016d37e1e800 JavaThread "Cache worker for cache directory md-rule (C:\Users\athul\.gradle\caches\7.5.1\md-rule)" [_thread_blocked, id=24188, stack(0x0000000daa500000,0x0000000daa600000)]
  0x0000016d37e1b000 JavaThread "Cache worker for file content cache (C:\Users\athul\.gradle\caches\7.5.1\fileContent)" [_thread_blocked, id=46156, stack(0x0000000daa600000,0x0000000daa700000)]
  0x0000016d37e21000 JavaThread "Cache worker for file hash cache (C:\Users\athul\athul-b02-ME_QA_XGOOGLE_FORM\.gradle\7.5.1\fileHashes)" [_thread_blocked, id=47408, stack(0x0000000da9e00000,0x0000000da9f00000)]
  0x0000016d37e1d000 JavaThread "Cache worker for cache directory md-supplier (C:\Users\athul\.gradle\caches\7.5.1\md-supplier)" [_thread_blocked, id=46104, stack(0x0000000daa700000,0x0000000daa800000)]
  0x0000016d37e21800 JavaThread "Cache worker for execution history cache (C:\Users\athul\.gradle\caches\7.5.1\executionHistory)" [_thread_blocked, id=24256, stack(0x0000000daa800000,0x0000000daa900000)]
  0x0000016d37e1c000 JavaThread "C2 CompilerThread1" daemon [_thread_in_native, id=40772, stack(0x0000000daa900000,0x0000000daaa00000)]
  0x0000016d37e22800 JavaThread "C2 CompilerThread2" daemon [_thread_in_native, id=40192, stack(0x0000000daaa00000,0x0000000daab00000)]

Other Threads:
  0x0000016d32aa1800 VMThread "VM Thread" [stack: 0x0000000da7e00000,0x0000000da7f00000] [id=43768]
  0x0000016d3347d000 WatcherThread [stack: 0x0000000da8800000,0x0000000da8900000] [id=14112]
  0x0000016d176f6000 GCTaskThread "GC Thread#0" [stack: 0x0000000da7900000,0x0000000da7a00000] [id=27248]
  0x0000016d34148000 GCTaskThread "GC Thread#1" [stack: 0x0000000da8a00000,0x0000000da8b00000] [id=43720]
  0x0000016d337e8000 GCTaskThread "GC Thread#2" [stack: 0x0000000da8b00000,0x0000000da8c00000] [id=31840]
  0x0000016d3427d000 GCTaskThread "GC Thread#3" [stack: 0x0000000da8c00000,0x0000000da8d00000] [id=16584]
  0x0000016d346a1000 GCTaskThread "GC Thread#4" [stack: 0x0000000da8d00000,0x0000000da8e00000] [id=38212]
  0x0000016d33917800 GCTaskThread "GC Thread#5" [stack: 0x0000000da8e00000,0x0000000da8f00000] [id=42228]
  0x0000016d34561000 GCTaskThread "GC Thread#6" [stack: 0x0000000da9a00000,0x0000000da9b00000] [id=46340]
  0x0000016d33c59800 GCTaskThread "GC Thread#7" [stack: 0x0000000da9b00000,0x0000000da9c00000] [id=33032]
  0x0000016d17705800 ConcurrentGCThread "G1 Main Marker" [stack: 0x0000000da7a00000,0x0000000da7b00000] [id=43812]
  0x0000016d17707000 ConcurrentGCThread "G1 Conc#0" [stack: 0x0000000da7b00000,0x0000000da7c00000] [id=37840]
  0x0000016d35315800 ConcurrentGCThread "G1 Conc#1" [stack: 0x0000000da9c00000,0x0000000da9d00000] [id=41044]
  0x0000016d32906800 ConcurrentGCThread "G1 Refine#0" [stack: 0x0000000da7c00000,0x0000000da7d00000] [id=47536]
  0x0000016d32907800 ConcurrentGCThread "G1 Young RemSet Sampling" [stack: 0x0000000da7d00000,0x0000000da7e00000] [id=31508]

Threads with active compile tasks:
C2 CompilerThread03544       4       groovyjarjarantlr4.v4.runtime.atn.ParserATNSimulator::closure (784 bytes)
C2 CompilerThread13686       4       java.util.HashMap::resize (356 bytes)
C2 CompilerThread23633       4       groovyjarjarantlr4.v4.runtime.atn.PredictionContext::join (569 bytes)

VM state:not at safepoint (normal execution)

VM Mutex/Monitor currently owned by a thread: None

Heap address: 0x00000000e0000000, size: 512 MB, Compressed Oops mode: 32-bit
Narrow klass base: 0x0000000000000000, Narrow klass shift: 3
Compressed class space size: 260046848 Address: 0x0000000100000000

Heap:
 garbage-first heap   total 262144K, used 74585K [0x00000000e0000000, 0x0000000100000000)
  region size 1024K, 59 young (60416K), 7 survivors (7168K)
 Metaspace       used 39895K, capacity 40968K, committed 41088K, reserved 290816K
  class space    used 5333K, capacity 5719K, committed 5760K, reserved 253952K
Heap Regions: E=young(eden), S=young(survivor), O=old, HS=humongous(starts), HC=humongous(continues), CS=collection set, F=free, A=archive, TAMS=top-at-mark-start (previous, next)
|   0|0x00000000e0000000, 0x00000000e0100000, 0x00000000e0100000|100%| O|  |TAMS 0x00000000e0100000, 0x00000000e0000000| Untracked 
|   1|0x00000000e0100000, 0x00000000e0200000, 0x00000000e0200000|100%| O|  |TAMS 0x00000000e0200000, 0x00000000e0100000| Untracked 
|   2|0x00000000e0200000, 0x00000000e0300000, 0x00000000e0300000|100%| O|  |TAMS 0x00000000e0300000, 0x00000000e0200000| Untracked 
|   3|0x00000000e0300000, 0x00000000e0400000, 0x00000000e0400000|100%|HS|  |TAMS 0x00000000e0400000, 0x00000000e0300000| Complete 
|   4|0x00000000e0400000, 0x00000000e0500000, 0x00000000e0500000|100%|HC|  |TAMS 0x00000000e0500000, 0x00000000e0400000| Complete 
|   5|0x00000000e0500000, 0x00000000e0600000, 0x00000000e0600000|100%|HC|  |TAMS 0x00000000e0600000, 0x00000000e0500000| Complete 
|   6|0x00000000e0600000, 0x00000000e0700000, 0x00000000e0700000|100%| O|  |TAMS 0x00000000e0700000, 0x00000000e0600000| Untracked 
|   7|0x00000000e0700000, 0x00000000e0800000, 0x00000000e0800000|100%| O|  |TAMS 0x00000000e0800000, 0x00000000e0700000| Untracked 
|   8|0x00000000e0800000, 0x00000000e0900000, 0x00000000e0900000|100%| O|  |TAMS 0x00000000e0900000, 0x00000000e0800000| Untracked 
|   9|0x00000000e0900000, 0x00000000e0a00000, 0x00000000e0a00000|100%| O|  |TAMS 0x00000000e0a00000, 0x00000000e0900000| Untracked 
|  10|0x00000000e0a00000, 0x00000000e0b00000, 0x00000000e0b00000|100%| O|  |TAMS 0x00000000e0b00000, 0x00000000e0a00000| Untracked 
|  11|0x00000000e0b00000, 0x00000000e0c00000, 0x00000000e0c00000|100%| O|  |TAMS 0x00000000e0c00000, 0x00000000e0b00000| Untracked 
|  12|0x00000000e0c00000, 0x00000000e0d00000, 0x00000000e0d00000|100%| O|  |TAMS 0x00000000e0d00000, 0x00000000e0c00000| Untracked 
|  13|0x00000000e0d00000, 0x00000000e0e00000, 0x00000000e0e00000|100%| O|  |TAMS 0x00000000e0e00000, 0x00000000e0d00000| Untracked 
|  14|0x00000000e0e00000, 0x00000000e0f00000, 0x00000000e0f00000|100%| O|  |TAMS 0x00000000e0f00000, 0x00000000e0e00000| Untracked 
|  15|0x00000000e0f00000, 0x00000000e1000000, 0x00000000e1000000|100%| O|  |TAMS 0x00000000e1000000, 0x00000000e0f00000| Untracked 
|  16|0x00000000e1000000, 0x00000000e1050000, 0x00000000e1100000| 31%| O|  |TAMS 0x00000000e1050000, 0x00000000e1000000| Untracked 
|  17|0x00000000e1100000, 0x00000000e1100000, 0x00000000e1200000|  0%| F|  |TAMS 0x00000000e1100000, 0x00000000e1100000| Untracked 
|  18|0x00000000e1200000, 0x00000000e1200000, 0x00000000e1300000|  0%| F|  |TAMS 0x00000000e1200000, 0x00000000e1200000| Untracked 
|  19|0x00000000e1300000, 0x00000000e1300000, 0x00000000e1400000|  0%| F|  |TAMS 0x00000000e1300000, 0x00000000e1300000| Untracked 
|  20|0x00000000e1400000, 0x00000000e1400000, 0x00000000e1500000|  0%| F|  |TAMS 0x00000000e1400000, 0x00000000e1400000| Untracked 
|  21|0x00000000e1500000, 0x00000000e1500000, 0x00000000e1600000|  0%| F|  |TAMS 0x00000000e1500000, 0x00000000e1500000| Untracked 
|  22|0x00000000e1600000, 0x00000000e1600000, 0x00000000e1700000|  0%| F|  |TAMS 0x00000000e1600000, 0x00000000e1600000| Untracked 
|  23|0x00000000e1700000, 0x00000000e1700000, 0x00000000e1800000|  0%| F|  |TAMS 0x00000000e1700000, 0x00000000e1700000| Untracked 
|  24|0x00000000e1800000, 0x00000000e1800000, 0x00000000e1900000|  0%| F|  |TAMS 0x00000000e1800000, 0x00000000e1800000| Untracked 
|  25|0x00000000e1900000, 0x00000000e1900000, 0x00000000e1a00000|  0%| F|  |TAMS 0x00000000e1900000, 0x00000000e1900000| Untracked 
|  26|0x00000000e1a00000, 0x00000000e1a00000, 0x00000000e1b00000|  0%| F|  |TAMS 0x00000000e1a00000, 0x00000000e1a00000| Untracked 
|  27|0x00000000e1b00000, 0x00000000e1b00000, 0x00000000e1c00000|  0%| F|  |TAMS 0x00000000e1b00000, 0x00000000e1b00000| Untracked 
|  28|0x00000000e1c00000, 0x00000000e1c00000, 0x00000000e1d00000|  0%| F|  |TAMS 0x00000000e1c00000, 0x00000000e1c00000| Untracked 
|  29|0x00000000e1d00000, 0x00000000e1d00000, 0x00000000e1e00000|  0%| F|  |TAMS 0x00000000e1d00000, 0x00000000e1d00000| Untracked 
|  30|0x00000000e1e00000, 0x00000000e1e00000, 0x00000000e1f00000|  0%| F|  |TAMS 0x00000000e1e00000, 0x00000000e1e00000| Untracked 
|  31|0x00000000e1f00000, 0x00000000e1f00000, 0x00000000e2000000|  0%| F|  |TAMS 0x00000000e1f00000, 0x00000000e1f00000| Untracked 
|  32|0x00000000e2000000, 0x00000000e2000000, 0x00000000e2100000|  0%| F|  |TAMS 0x00000000e2000000, 0x00000000e2000000| Untracked 
|  33|0x00000000e2100000, 0x00000000e2100000, 0x00000000e2200000|  0%| F|  |TAMS 0x00000000e2100000, 0x00000000e2100000| Untracked 
|  34|0x00000000e2200000, 0x00000000e2200000, 0x00000000e2300000|  0%| F|  |TAMS 0x00000000e2200000, 0x00000000e2200000| Untracked 
|  35|0x00000000e2300000, 0x00000000e2300000, 0x00000000e2400000|  0%| F|  |TAMS 0x00000000e2300000, 0x00000000e2300000| Untracked 
|  36|0x00000000e2400000, 0x00000000e2400000, 0x00000000e2500000|  0%| F|  |TAMS 0x00000000e2400000, 0x00000000e2400000| Untracked 
|  37|0x00000000e2500000, 0x00000000e2500000, 0x00000000e2600000|  0%| F|  |TAMS 0x00000000e2500000, 0x00000000e2500000| Untracked 
|  38|0x00000000e2600000, 0x00000000e2600000, 0x00000000e2700000|  0%| F|  |TAMS 0x00000000e2600000, 0x00000000e2600000| Untracked 
|  39|0x00000000e2700000, 0x00000000e2700000, 0x00000000e2800000|  0%| F|  |TAMS 0x00000000e2700000, 0x00000000e2700000| Untracked 
|  40|0x00000000e2800000, 0x00000000e2800000, 0x00000000e2900000|  0%| F|  |TAMS 0x00000000e2800000, 0x00000000e2800000| Untracked 
|  41|0x00000000e2900000, 0x00000000e2900000, 0x00000000e2a00000|  0%| F|  |TAMS 0x00000000e2900000, 0x00000000e2900000| Untracked 
|  42|0x00000000e2a00000, 0x00000000e2a00000, 0x00000000e2b00000|  0%| F|  |TAMS 0x00000000e2a00000, 0x00000000e2a00000| Untracked 
|  43|0x00000000e2b00000, 0x00000000e2b00000, 0x00000000e2c00000|  0%| F|  |TAMS 0x00000000e2b00000, 0x00000000e2b00000| Untracked 
|  44|0x00000000e2c00000, 0x00000000e2c00000, 0x00000000e2d00000|  0%| F|  |TAMS 0x00000000e2c00000, 0x00000000e2c00000| Untracked 
|  45|0x00000000e2d00000, 0x00000000e2d00000, 0x00000000e2e00000|  0%| F|  |TAMS 0x00000000e2d00000, 0x00000000e2d00000| Untracked 
|  46|0x00000000e2e00000, 0x00000000e2e00000, 0x00000000e2f00000|  0%| F|  |TAMS 0x00000000e2e00000, 0x00000000e2e00000| Untracked 
|  47|0x00000000e2f00000, 0x00000000e2f00000, 0x00000000e3000000|  0%| F|  |TAMS 0x00000000e2f00000, 0x00000000e2f00000| Untracked 
|  48|0x00000000e3000000, 0x00000000e3000000, 0x00000000e3100000|  0%| F|  |TAMS 0x00000000e3000000, 0x00000000e3000000| Untracked 
|  49|0x00000000e3100000, 0x00000000e3100000, 0x00000000e3200000|  0%| F|  |TAMS 0x00000000e3100000, 0x00000000e3100000| Untracked 
|  50|0x00000000e3200000, 0x00000000e3200000, 0x00000000e3300000|  0%| F|  |TAMS 0x00000000e3200000, 0x00000000e3200000| Untracked 
|  51|0x00000000e3300000, 0x00000000e3300000, 0x00000000e3400000|  0%| F|  |TAMS 0x00000000e3300000, 0x00000000e3300000| Untracked 
|  52|0x00000000e3400000, 0x00000000e3400000, 0x00000000e3500000|  0%| F|  |TAMS 0x00000000e3400000, 0x00000000e3400000| Untracked 
|  53|0x00000000e3500000, 0x00000000e3500000, 0x00000000e3600000|  0%| F|  |TAMS 0x00000000e3500000, 0x00000000e3500000| Untracked 
|  54|0x00000000e3600000, 0x00000000e3600000, 0x00000000e3700000|  0%| F|  |TAMS 0x00000000e3600000, 0x00000000e3600000| Untracked 
|  55|0x00000000e3700000, 0x00000000e3700000, 0x00000000e3800000|  0%| F|  |TAMS 0x00000000e3700000, 0x00000000e3700000| Untracked 
|  56|0x00000000e3800000, 0x00000000e3800000, 0x00000000e3900000|  0%| F|  |TAMS 0x00000000e3800000, 0x00000000e3800000| Untracked 
|  57|0x00000000e3900000, 0x00000000e3900000, 0x00000000e3a00000|  0%| F|  |TAMS 0x00000000e3900000, 0x00000000e3900000| Untracked 
|  58|0x00000000e3a00000, 0x00000000e3a00000, 0x00000000e3b00000|  0%| F|  |TAMS 0x00000000e3a00000, 0x00000000e3a00000| Untracked 
|  59|0x00000000e3b00000, 0x00000000e3b00000, 0x00000000e3c00000|  0%| F|  |TAMS 0x00000000e3b00000, 0x00000000e3b00000| Untracked 
|  60|0x00000000e3c00000, 0x00000000e3c00000, 0x00000000e3d00000|  0%| F|  |TAMS 0x00000000e3c00000, 0x00000000e3c00000| Untracked 
|  61|0x00000000e3d00000, 0x00000000e3d00000, 0x00000000e3e00000|  0%| F|  |TAMS 0x00000000e3d00000, 0x00000000e3d00000| Untracked 
|  62|0x00000000e3e00000, 0x00000000e3e00000, 0x00000000e3f00000|  0%| F|  |TAMS 0x00000000e3e00000, 0x00000000e3e00000| Untracked 
|  63|0x00000000e3f00000, 0x00000000e3f00000, 0x00000000e4000000|  0%| F|  |TAMS 0x00000000e3f00000, 0x00000000e3f00000| Untracked 
|  64|0x00000000e4000000, 0x00000000e4000000, 0x00000000e4100000|  0%| F|  |TAMS 0x00000000e4000000, 0x00000000e4000000| Untracked 
|  65|0x00000000e4100000, 0x00000000e4100000, 0x00000000e4200000|  0%| F|  |TAMS 0x00000000e4100000, 0x00000000e4100000| Untracked 
|  66|0x00000000e4200000, 0x00000000e4200000, 0x00000000e4300000|  0%| F|  |TAMS 0x00000000e4200000, 0x00000000e4200000| Untracked 
|  67|0x00000000e4300000, 0x00000000e4300000, 0x00000000e4400000|  0%| F|  |TAMS 0x00000000e4300000, 0x00000000e4300000| Untracked 
|  68|0x00000000e4400000, 0x00000000e4400000, 0x00000000e4500000|  0%| F|  |TAMS 0x00000000e4400000, 0x00000000e4400000| Untracked 
|  69|0x00000000e4500000, 0x00000000e4500000, 0x00000000e4600000|  0%| F|  |TAMS 0x00000000e4500000, 0x00000000e4500000| Untracked 
|  70|0x00000000e4600000, 0x00000000e4600000, 0x00000000e4700000|  0%| F|  |TAMS 0x00000000e4600000, 0x00000000e4600000| Untracked 
|  71|0x00000000e4700000, 0x00000000e4700000, 0x00000000e4800000|  0%| F|  |TAMS 0x00000000e4700000, 0x00000000e4700000| Untracked 
|  72|0x00000000e4800000, 0x00000000e4800000, 0x00000000e4900000|  0%| F|  |TAMS 0x00000000e4800000, 0x00000000e4800000| Untracked 
|  73|0x00000000e4900000, 0x00000000e4900000, 0x00000000e4a00000|  0%| F|  |TAMS 0x00000000e4900000, 0x00000000e4900000| Untracked 
|  74|0x00000000e4a00000, 0x00000000e4a00000, 0x00000000e4b00000|  0%| F|  |TAMS 0x00000000e4a00000, 0x00000000e4a00000| Untracked 
|  75|0x00000000e4b00000, 0x00000000e4b00000, 0x00000000e4c00000|  0%| F|  |TAMS 0x00000000e4b00000, 0x00000000e4b00000| Untracked 
|  76|0x00000000e4c00000, 0x00000000e4c00000, 0x00000000e4d00000|  0%| F|  |TAMS 0x00000000e4c00000, 0x00000000e4c00000| Untracked 
|  77|0x00000000e4d00000, 0x00000000e4d00000, 0x00000000e4e00000|  0%| F|  |TAMS 0x00000000e4d00000, 0x00000000e4d00000| Untracked 
|  78|0x00000000e4e00000, 0x00000000e4e00000, 0x00000000e4f00000|  0%| F|  |TAMS 0x00000000e4e00000, 0x00000000e4e00000| Untracked 
|  79|0x00000000e4f00000, 0x00000000e4f00000, 0x00000000e5000000|  0%| F|  |TAMS 0x00000000e4f00000, 0x00000000e4f00000| Untracked 
|  80|0x00000000e5000000, 0x00000000e5000000, 0x00000000e5100000|  0%| F|  |TAMS 0x00000000e5000000, 0x00000000e5000000| Untracked 
|  81|0x00000000e5100000, 0x00000000e5100000, 0x00000000e5200000|  0%| F|  |TAMS 0x00000000e5100000, 0x00000000e5100000| Untracked 
|  82|0x00000000e5200000, 0x00000000e5200000, 0x00000000e5300000|  0%| F|  |TAMS 0x00000000e5200000, 0x00000000e5200000| Untracked 
|  83|0x00000000e5300000, 0x00000000e5300000, 0x00000000e5400000|  0%| F|  |TAMS 0x00000000e5300000, 0x00000000e5300000| Untracked 
|  84|0x00000000e5400000, 0x00000000e5400000, 0x00000000e5500000|  0%| F|  |TAMS 0x00000000e5400000, 0x00000000e5400000| Untracked 
|  85|0x00000000e5500000, 0x00000000e5500000, 0x00000000e5600000|  0%| F|  |TAMS 0x00000000e5500000, 0x00000000e5500000| Untracked 
|  86|0x00000000e5600000, 0x00000000e5600000, 0x00000000e5700000|  0%| F|  |TAMS 0x00000000e5600000, 0x00000000e5600000| Untracked 
|  87|0x00000000e5700000, 0x00000000e5700000, 0x00000000e5800000|  0%| F|  |TAMS 0x00000000e5700000, 0x00000000e5700000| Untracked 
|  88|0x00000000e5800000, 0x00000000e5800000, 0x00000000e5900000|  0%| F|  |TAMS 0x00000000e5800000, 0x00000000e5800000| Untracked 
|  89|0x00000000e5900000, 0x00000000e5900000, 0x00000000e5a00000|  0%| F|  |TAMS 0x00000000e5900000, 0x00000000e5900000| Untracked 
|  90|0x00000000e5a00000, 0x00000000e5a00000, 0x00000000e5b00000|  0%| F|  |TAMS 0x00000000e5a00000, 0x00000000e5a00000| Untracked 
|  91|0x00000000e5b00000, 0x00000000e5b00000, 0x00000000e5c00000|  0%| F|  |TAMS 0x00000000e5b00000, 0x00000000e5b00000| Untracked 
|  92|0x00000000e5c00000, 0x00000000e5c00000, 0x00000000e5d00000|  0%| F|  |TAMS 0x00000000e5c00000, 0x00000000e5c00000| Untracked 
|  93|0x00000000e5d00000, 0x00000000e5d00000, 0x00000000e5e00000|  0%| F|  |TAMS 0x00000000e5d00000, 0x00000000e5d00000| Untracked 
|  94|0x00000000e5e00000, 0x00000000e5e00000, 0x00000000e5f00000|  0%| F|  |TAMS 0x00000000e5e00000, 0x00000000e5e00000| Untracked 
|  95|0x00000000e5f00000, 0x00000000e5f00000, 0x00000000e6000000|  0%| F|  |TAMS 0x00000000e5f00000, 0x00000000e5f00000| Untracked 
|  96|0x00000000e6000000, 0x00000000e6000000, 0x00000000e6100000|  0%| F|  |TAMS 0x00000000e6000000, 0x00000000e6000000| Untracked 
|  97|0x00000000e6100000, 0x00000000e6100000, 0x00000000e6200000|  0%| F|  |TAMS 0x00000000e6100000, 0x00000000e6100000| Untracked 
|  98|0x00000000e6200000, 0x00000000e6200000, 0x00000000e6300000|  0%| F|  |TAMS 0x00000000e6200000, 0x00000000e6200000| Untracked 
|  99|0x00000000e6300000, 0x00000000e6300000, 0x00000000e6400000|  0%| F|  |TAMS 0x00000000e6300000, 0x00000000e6300000| Untracked 
| 100|0x00000000e6400000, 0x00000000e6400000, 0x00000000e6500000|  0%| F|  |TAMS 0x00000000e6400000, 0x00000000e6400000| Untracked 
| 101|0x00000000e6500000, 0x00000000e6500000, 0x00000000e6600000|  0%| F|  |TAMS 0x00000000e6500000, 0x00000000e6500000| Untracked 
| 102|0x00000000e6600000, 0x00000000e6600000, 0x00000000e6700000|  0%| F|  |TAMS 0x00000000e6600000, 0x00000000e6600000| Untracked 
| 103|0x00000000e6700000, 0x00000000e6700000, 0x00000000e6800000|  0%| F|  |TAMS 0x00000000e6700000, 0x00000000e6700000| Untracked 
| 104|0x00000000e6800000, 0x00000000e6800000, 0x00000000e6900000|  0%| F|  |TAMS 0x00000000e6800000, 0x00000000e6800000| Untracked 
| 105|0x00000000e6900000, 0x00000000e6900000, 0x00000000e6a00000|  0%| F|  |TAMS 0x00000000e6900000, 0x00000000e6900000| Untracked 
| 106|0x00000000e6a00000, 0x00000000e6a00000, 0x00000000e6b00000|  0%| F|  |TAMS 0x00000000e6a00000, 0x00000000e6a00000| Untracked 
| 107|0x00000000e6b00000, 0x00000000e6b00000, 0x00000000e6c00000|  0%| F|  |TAMS 0x00000000e6b00000, 0x00000000e6b00000| Untracked 
| 108|0x00000000e6c00000, 0x00000000e6c00000, 0x00000000e6d00000|  0%| F|  |TAMS 0x00000000e6c00000, 0x00000000e6c00000| Untracked 
| 109|0x00000000e6d00000, 0x00000000e6d00000, 0x00000000e6e00000|  0%| F|  |TAMS 0x00000000e6d00000, 0x00000000e6d00000| Untracked 
| 110|0x00000000e6e00000, 0x00000000e6e00000, 0x00000000e6f00000|  0%| F|  |TAMS 0x00000000e6e00000, 0x00000000e6e00000| Untracked 
| 111|0x00000000e6f00000, 0x00000000e6f00000, 0x00000000e7000000|  0%| F|  |TAMS 0x00000000e6f00000, 0x00000000e6f00000| Untracked 
| 112|0x00000000e7000000, 0x00000000e7000000, 0x00000000e7100000|  0%| F|  |TAMS 0x00000000e7000000, 0x00000000e7000000| Untracked 
| 113|0x00000000e7100000, 0x00000000e7100000, 0x00000000e7200000|  0%| F|  |TAMS 0x00000000e7100000, 0x00000000e7100000| Untracked 
| 114|0x00000000e7200000, 0x00000000e7200000, 0x00000000e7300000|  0%| F|  |TAMS 0x00000000e7200000, 0x00000000e7200000| Untracked 
| 115|0x00000000e7300000, 0x00000000e7300000, 0x00000000e7400000|  0%| F|  |TAMS 0x00000000e7300000, 0x00000000e7300000| Untracked 
| 116|0x00000000e7400000, 0x00000000e7400000, 0x00000000e7500000|  0%| F|  |TAMS 0x00000000e7400000, 0x00000000e7400000| Untracked 
| 117|0x00000000e7500000, 0x00000000e7500000, 0x00000000e7600000|  0%| F|  |TAMS 0x00000000e7500000, 0x00000000e7500000| Untracked 
| 118|0x00000000e7600000, 0x00000000e7600000, 0x00000000e7700000|  0%| F|  |TAMS 0x00000000e7600000, 0x00000000e7600000| Untracked 
| 119|0x00000000e7700000, 0x00000000e7700000, 0x00000000e7800000|  0%| F|  |TAMS 0x00000000e7700000, 0x00000000e7700000| Untracked 
| 120|0x00000000e7800000, 0x00000000e7800000, 0x00000000e7900000|  0%| F|  |TAMS 0x00000000e7800000, 0x00000000e7800000| Untracked 
| 121|0x00000000e7900000, 0x00000000e7900000, 0x00000000e7a00000|  0%| F|  |TAMS 0x00000000e7900000, 0x00000000e7900000| Untracked 
| 122|0x00000000e7a00000, 0x00000000e7a00000, 0x00000000e7b00000|  0%| F|  |TAMS 0x00000000e7a00000, 0x00000000e7a00000| Untracked 
| 123|0x00000000e7b00000, 0x00000000e7b00000, 0x00000000e7c00000|  0%| F|  |TAMS 0x00000000e7b00000, 0x00000000e7b00000| Untracked 
| 124|0x00000000e7c00000, 0x00000000e7c00000, 0x00000000e7d00000|  0%| F|  |TAMS 0x00000000e7c00000, 0x00000000e7c00000| Untracked 
| 125|0x00000000e7d00000, 0x00000000e7d00000, 0x00000000e7e00000|  0%| F|  |TAMS 0x00000000e7d00000, 0x00000000e7d00000| Untracked 
| 126|0x00000000e7e00000, 0x00000000e7e00000, 0x00000000e7f00000|  0%| F|  |TAMS 0x00000000e7e00000, 0x00000000e7e00000| Untracked 
| 127|0x00000000e7f00000, 0x00000000e7f00000, 0x00000000e8000000|  0%| F|  |TAMS 0x00000000e7f00000, 0x00000000e7f00000| Untracked 
| 128|0x00000000e8000000, 0x00000000e8000000, 0x00000000e8100000|  0%| F|  |TAMS 0x00000000e8000000, 0x00000000e8000000| Untracked 
| 129|0x00000000e8100000, 0x00000000e8100000, 0x00000000e8200000|  0%| F|  |TAMS 0x00000000e8100000, 0x00000000e8100000| Untracked 
| 130|0x00000000e8200000, 0x00000000e8200000, 0x00000000e8300000|  0%| F|  |TAMS 0x00000000e8200000, 0x00000000e8200000| Untracked 
| 131|0x00000000e8300000, 0x00000000e8300000, 0x00000000e8400000|  0%| F|  |TAMS 0x00000000e8300000, 0x00000000e8300000| Untracked 
| 132|0x00000000e8400000, 0x00000000e8400000, 0x00000000e8500000|  0%| F|  |TAMS 0x00000000e8400000, 0x00000000e8400000| Untracked 
| 133|0x00000000e8500000, 0x00000000e8500000, 0x00000000e8600000|  0%| F|  |TAMS 0x00000000e8500000, 0x00000000e8500000| Untracked 
| 134|0x00000000e8600000, 0x00000000e8600000, 0x00000000e8700000|  0%| F|  |TAMS 0x00000000e8600000, 0x00000000e8600000| Untracked 
| 135|0x00000000e8700000, 0x00000000e8700000, 0x00000000e8800000|  0%| F|  |TAMS 0x00000000e8700000, 0x00000000e8700000| Untracked 
| 136|0x00000000e8800000, 0x00000000e8800000, 0x00000000e8900000|  0%| F|  |TAMS 0x00000000e8800000, 0x00000000e8800000| Untracked 
| 137|0x00000000e8900000, 0x00000000e8900000, 0x00000000e8a00000|  0%| F|  |TAMS 0x00000000e8900000, 0x00000000e8900000| Untracked 
| 138|0x00000000e8a00000, 0x00000000e8a00000, 0x00000000e8b00000|  0%| F|  |TAMS 0x00000000e8a00000, 0x00000000e8a00000| Untracked 
| 139|0x00000000e8b00000, 0x00000000e8b00000, 0x00000000e8c00000|  0%| F|  |TAMS 0x00000000e8b00000, 0x00000000e8b00000| Untracked 
| 140|0x00000000e8c00000, 0x00000000e8c00000, 0x00000000e8d00000|  0%| F|  |TAMS 0x00000000e8c00000, 0x00000000e8c00000| Untracked 
| 141|0x00000000e8d00000, 0x00000000e8d00000, 0x00000000e8e00000|  0%| F|  |TAMS 0x00000000e8d00000, 0x00000000e8d00000| Untracked 
| 142|0x00000000e8e00000, 0x00000000e8e00000, 0x00000000e8f00000|  0%| F|  |TAMS 0x00000000e8e00000, 0x00000000e8e00000| Untracked 
| 143|0x00000000e8f00000, 0x00000000e8f00000, 0x00000000e9000000|  0%| F|  |TAMS 0x00000000e8f00000, 0x00000000e8f00000| Untracked 
| 144|0x00000000e9000000, 0x00000000e9000000, 0x00000000e9100000|  0%| F|  |TAMS 0x00000000e9000000, 0x00000000e9000000| Untracked 
| 145|0x00000000e9100000, 0x00000000e9100000, 0x00000000e9200000|  0%| F|  |TAMS 0x00000000e9100000, 0x00000000e9100000| Untracked 
| 146|0x00000000e9200000, 0x00000000e9200000, 0x00000000e9300000|  0%| F|  |TAMS 0x00000000e9200000, 0x00000000e9200000| Untracked 
| 147|0x00000000e9300000, 0x00000000e9300000, 0x00000000e9400000|  0%| F|  |TAMS 0x00000000e9300000, 0x00000000e9300000| Untracked 
| 148|0x00000000e9400000, 0x00000000e9400000, 0x00000000e9500000|  0%| F|  |TAMS 0x00000000e9400000, 0x00000000e9400000| Untracked 
| 149|0x00000000e9500000, 0x00000000e9500000, 0x00000000e9600000|  0%| F|  |TAMS 0x00000000e9500000, 0x00000000e9500000| Untracked 
| 150|0x00000000e9600000, 0x00000000e9600000, 0x00000000e9700000|  0%| F|  |TAMS 0x00000000e9600000, 0x00000000e9600000| Untracked 
| 151|0x00000000e9700000, 0x00000000e9700000, 0x00000000e9800000|  0%| F|  |TAMS 0x00000000e9700000, 0x00000000e9700000| Untracked 
| 152|0x00000000e9800000, 0x00000000e9800000, 0x00000000e9900000|  0%| F|  |TAMS 0x00000000e9800000, 0x00000000e9800000| Untracked 
| 153|0x00000000e9900000, 0x00000000e9900000, 0x00000000e9a00000|  0%| F|  |TAMS 0x00000000e9900000, 0x00000000e9900000| Untracked 
| 154|0x00000000e9a00000, 0x00000000e9a00000, 0x00000000e9b00000|  0%| F|  |TAMS 0x00000000e9a00000, 0x00000000e9a00000| Untracked 
| 155|0x00000000e9b00000, 0x00000000e9b00000, 0x00000000e9c00000|  0%| F|  |TAMS 0x00000000e9b00000, 0x00000000e9b00000| Untracked 
| 156|0x00000000e9c00000, 0x00000000e9c00000, 0x00000000e9d00000|  0%| F|  |TAMS 0x00000000e9c00000, 0x00000000e9c00000| Untracked 
| 157|0x00000000e9d00000, 0x00000000e9d00000, 0x00000000e9e00000|  0%| F|  |TAMS 0x00000000e9d00000, 0x00000000e9d00000| Untracked 
| 158|0x00000000e9e00000, 0x00000000e9e00000, 0x00000000e9f00000|  0%| F|  |TAMS 0x00000000e9e00000, 0x00000000e9e00000| Untracked 
| 159|0x00000000e9f00000, 0x00000000e9f00000, 0x00000000ea000000|  0%| F|  |TAMS 0x00000000e9f00000, 0x00000000e9f00000| Untracked 
| 160|0x00000000ea000000, 0x00000000ea000000, 0x00000000ea100000|  0%| F|  |TAMS 0x00000000ea000000, 0x00000000ea000000| Untracked 
| 161|0x00000000ea100000, 0x00000000ea100000, 0x00000000ea200000|  0%| F|  |TAMS 0x00000000ea100000, 0x00000000ea100000| Untracked 
| 162|0x00000000ea200000, 0x00000000ea200000, 0x00000000ea300000|  0%| F|  |TAMS 0x00000000ea200000, 0x00000000ea200000| Untracked 
| 163|0x00000000ea300000, 0x00000000ea300000, 0x00000000ea400000|  0%| F|  |TAMS 0x00000000ea300000, 0x00000000ea300000| Untracked 
| 164|0x00000000ea400000, 0x00000000ea400000, 0x00000000ea500000|  0%| F|  |TAMS 0x00000000ea400000, 0x00000000ea400000| Untracked 
| 165|0x00000000ea500000, 0x00000000ea500000, 0x00000000ea600000|  0%| F|  |TAMS 0x00000000ea500000, 0x00000000ea500000| Untracked 
| 166|0x00000000ea600000, 0x00000000ea600000, 0x00000000ea700000|  0%| F|  |TAMS 0x00000000ea600000, 0x00000000ea600000| Untracked 
| 167|0x00000000ea700000, 0x00000000ea700000, 0x00000000ea800000|  0%| F|  |TAMS 0x00000000ea700000, 0x00000000ea700000| Untracked 
| 168|0x00000000ea800000, 0x00000000ea800000, 0x00000000ea900000|  0%| F|  |TAMS 0x00000000ea800000, 0x00000000ea800000| Untracked 
| 169|0x00000000ea900000, 0x00000000ea900000, 0x00000000eaa00000|  0%| F|  |TAMS 0x00000000ea900000, 0x00000000ea900000| Untracked 
| 170|0x00000000eaa00000, 0x00000000eaa00000, 0x00000000eab00000|  0%| F|  |TAMS 0x00000000eaa00000, 0x00000000eaa00000| Untracked 
| 171|0x00000000eab00000, 0x00000000eab00000, 0x00000000eac00000|  0%| F|  |TAMS 0x00000000eab00000, 0x00000000eab00000| Untracked 
| 172|0x00000000eac00000, 0x00000000eac00000, 0x00000000ead00000|  0%| F|  |TAMS 0x00000000eac00000, 0x00000000eac00000| Untracked 
| 173|0x00000000ead00000, 0x00000000ead00000, 0x00000000eae00000|  0%| F|  |TAMS 0x00000000ead00000, 0x00000000ead00000| Untracked 
| 174|0x00000000eae00000, 0x00000000eae00000, 0x00000000eaf00000|  0%| F|  |TAMS 0x00000000eae00000, 0x00000000eae00000| Untracked 
| 175|0x00000000eaf00000, 0x00000000eaf00000, 0x00000000eb000000|  0%| F|  |TAMS 0x00000000eaf00000, 0x00000000eaf00000| Untracked 
| 176|0x00000000eb000000, 0x00000000eb000000, 0x00000000eb100000|  0%| F|  |TAMS 0x00000000eb000000, 0x00000000eb000000| Untracked 
| 177|0x00000000eb100000, 0x00000000eb100000, 0x00000000eb200000|  0%| F|  |TAMS 0x00000000eb100000, 0x00000000eb100000| Untracked 
| 178|0x00000000eb200000, 0x00000000eb200000, 0x00000000eb300000|  0%| F|  |TAMS 0x00000000eb200000, 0x00000000eb200000| Untracked 
| 179|0x00000000eb300000, 0x00000000eb300000, 0x00000000eb400000|  0%| F|  |TAMS 0x00000000eb300000, 0x00000000eb300000| Untracked 
| 180|0x00000000eb400000, 0x00000000eb400000, 0x00000000eb500000|  0%| F|  |TAMS 0x00000000eb400000, 0x00000000eb400000| Untracked 
| 181|0x00000000eb500000, 0x00000000eb500000, 0x00000000eb600000|  0%| F|  |TAMS 0x00000000eb500000, 0x00000000eb500000| Untracked 
| 182|0x00000000eb600000, 0x00000000eb600000, 0x00000000eb700000|  0%| F|  |TAMS 0x00000000eb600000, 0x00000000eb600000| Untracked 
| 183|0x00000000eb700000, 0x00000000eb700000, 0x00000000eb800000|  0%| F|  |TAMS 0x00000000eb700000, 0x00000000eb700000| Untracked 
| 184|0x00000000eb800000, 0x00000000eb800000, 0x00000000eb900000|  0%| F|  |TAMS 0x00000000eb800000, 0x00000000eb800000| Untracked 
| 185|0x00000000eb900000, 0x00000000eb900000, 0x00000000eba00000|  0%| F|  |TAMS 0x00000000eb900000, 0x00000000eb900000| Untracked 
| 186|0x00000000eba00000, 0x00000000eba00000, 0x00000000ebb00000|  0%| F|  |TAMS 0x00000000eba00000, 0x00000000eba00000| Untracked 
| 187|0x00000000ebb00000, 0x00000000ebb00000, 0x00000000ebc00000|  0%| F|  |TAMS 0x00000000ebb00000, 0x00000000ebb00000| Untracked 
| 188|0x00000000ebc00000, 0x00000000ebc00000, 0x00000000ebd00000|  0%| F|  |TAMS 0x00000000ebc00000, 0x00000000ebc00000| Untracked 
| 189|0x00000000ebd00000, 0x00000000ebd00000, 0x00000000ebe00000|  0%| F|  |TAMS 0x00000000ebd00000, 0x00000000ebd00000| Untracked 
| 190|0x00000000ebe00000, 0x00000000ebe00000, 0x00000000ebf00000|  0%| F|  |TAMS 0x00000000ebe00000, 0x00000000ebe00000| Untracked 
| 191|0x00000000ebf00000, 0x00000000ebf00000, 0x00000000ec000000|  0%| F|  |TAMS 0x00000000ebf00000, 0x00000000ebf00000| Untracked 
| 192|0x00000000ec000000, 0x00000000ec000000, 0x00000000ec100000|  0%| F|  |TAMS 0x00000000ec000000, 0x00000000ec000000| Untracked 
| 193|0x00000000ec100000, 0x00000000ec100000, 0x00000000ec200000|  0%| F|  |TAMS 0x00000000ec100000, 0x00000000ec100000| Untracked 
| 194|0x00000000ec200000, 0x00000000ec200000, 0x00000000ec300000|  0%| F|  |TAMS 0x00000000ec200000, 0x00000000ec200000| Untracked 
| 195|0x00000000ec300000, 0x00000000ec300000, 0x00000000ec400000|  0%| F|  |TAMS 0x00000000ec300000, 0x00000000ec300000| Untracked 
| 196|0x00000000ec400000, 0x00000000ec480800, 0x00000000ec500000| 50%| E|  |TAMS 0x00000000ec400000, 0x00000000ec400000| Complete 
| 197|0x00000000ec500000, 0x00000000ec600000, 0x00000000ec600000|100%| E|CS|TAMS 0x00000000ec500000, 0x00000000ec500000| Complete 
| 198|0x00000000ec600000, 0x00000000ec700000, 0x00000000ec700000|100%| E|CS|TAMS 0x00000000ec600000, 0x00000000ec600000| Complete 
| 199|0x00000000ec700000, 0x00000000ec800000, 0x00000000ec800000|100%| E|CS|TAMS 0x00000000ec700000, 0x00000000ec700000| Complete 
| 200|0x00000000ec800000, 0x00000000ec900000, 0x00000000ec900000|100%| E|CS|TAMS 0x00000000ec800000, 0x00000000ec800000| Complete 
| 201|0x00000000ec900000, 0x00000000eca00000, 0x00000000eca00000|100%| E|CS|TAMS 0x00000000ec900000, 0x00000000ec900000| Complete 
| 202|0x00000000eca00000, 0x00000000ecb00000, 0x00000000ecb00000|100%| E|CS|TAMS 0x00000000eca00000, 0x00000000eca00000| Complete 
| 203|0x00000000ecb00000, 0x00000000ecc00000, 0x00000000ecc00000|100%| E|CS|TAMS 0x00000000ecb00000, 0x00000000ecb00000| Complete 
| 204|0x00000000ecc00000, 0x00000000ecd00000, 0x00000000ecd00000|100%| E|CS|TAMS 0x00000000ecc00000, 0x00000000ecc00000| Complete 
| 205|0x00000000ecd00000, 0x00000000ece00000, 0x00000000ece00000|100%| E|CS|TAMS 0x00000000ecd00000, 0x00000000ecd00000| Complete 
| 206|0x00000000ece00000, 0x00000000ecf00000, 0x00000000ecf00000|100%| E|CS|TAMS 0x00000000ece00000, 0x00000000ece00000| Complete 
| 207|0x00000000ecf00000, 0x00000000ed000000, 0x00000000ed000000|100%| E|CS|TAMS 0x00000000ecf00000, 0x00000000ecf00000| Complete 
| 208|0x00000000ed000000, 0x00000000ed100000, 0x00000000ed100000|100%| E|CS|TAMS 0x00000000ed000000, 0x00000000ed000000| Complete 
| 209|0x00000000ed100000, 0x00000000ed200000, 0x00000000ed200000|100%| E|CS|TAMS 0x00000000ed100000, 0x00000000ed100000| Complete 
| 210|0x00000000ed200000, 0x00000000ed300000, 0x00000000ed300000|100%| E|CS|TAMS 0x00000000ed200000, 0x00000000ed200000| Complete 
| 211|0x00000000ed300000, 0x00000000ed400000, 0x00000000ed400000|100%| E|CS|TAMS 0x00000000ed300000, 0x00000000ed300000| Complete 
| 212|0x00000000ed400000, 0x00000000ed500000, 0x00000000ed500000|100%| E|CS|TAMS 0x00000000ed400000, 0x00000000ed400000| Complete 
| 213|0x00000000ed500000, 0x00000000ed600000, 0x00000000ed600000|100%| E|CS|TAMS 0x00000000ed500000, 0x00000000ed500000| Complete 
| 214|0x00000000ed600000, 0x00000000ed700000, 0x00000000ed700000|100%| E|CS|TAMS 0x00000000ed600000, 0x00000000ed600000| Complete 
| 215|0x00000000ed700000, 0x00000000ed800000, 0x00000000ed800000|100%| E|CS|TAMS 0x00000000ed700000, 0x00000000ed700000| Complete 
| 216|0x00000000ed800000, 0x00000000ed900000, 0x00000000ed900000|100%| E|CS|TAMS 0x00000000ed800000, 0x00000000ed800000| Complete 
| 217|0x00000000ed900000, 0x00000000eda00000, 0x00000000eda00000|100%| E|CS|TAMS 0x00000000ed900000, 0x00000000ed900000| Complete 
| 218|0x00000000eda00000, 0x00000000edb00000, 0x00000000edb00000|100%| E|CS|TAMS 0x00000000eda00000, 0x00000000eda00000| Complete 
| 219|0x00000000edb00000, 0x00000000edc00000, 0x00000000edc00000|100%| E|CS|TAMS 0x00000000edb00000, 0x00000000edb00000| Complete 
| 220|0x00000000edc00000, 0x00000000edd00000, 0x00000000edd00000|100%| E|CS|TAMS 0x00000000edc00000, 0x00000000edc00000| Complete 
| 221|0x00000000edd00000, 0x00000000ede00000, 0x00000000ede00000|100%| E|CS|TAMS 0x00000000edd00000, 0x00000000edd00000| Complete 
| 222|0x00000000ede00000, 0x00000000edf00000, 0x00000000edf00000|100%| E|CS|TAMS 0x00000000ede00000, 0x00000000ede00000| Complete 
| 223|0x00000000edf00000, 0x00000000ee000000, 0x00000000ee000000|100%| E|CS|TAMS 0x00000000edf00000, 0x00000000edf00000| Complete 
| 224|0x00000000ee000000, 0x00000000ee100000, 0x00000000ee100000|100%| E|CS|TAMS 0x00000000ee000000, 0x00000000ee000000| Complete 
| 225|0x00000000ee100000, 0x00000000ee200000, 0x00000000ee200000|100%| E|CS|TAMS 0x00000000ee100000, 0x00000000ee100000| Complete 
| 226|0x00000000ee200000, 0x00000000ee300000, 0x00000000ee300000|100%| E|CS|TAMS 0x00000000ee200000, 0x00000000ee200000| Complete 
| 227|0x00000000ee300000, 0x00000000ee400000, 0x00000000ee400000|100%| E|CS|TAMS 0x00000000ee300000, 0x00000000ee300000| Complete 
| 228|0x00000000ee400000, 0x00000000ee500000, 0x00000000ee500000|100%| E|CS|TAMS 0x00000000ee400000, 0x00000000ee400000| Complete 
| 229|0x00000000ee500000, 0x00000000ee600000, 0x00000000ee600000|100%| E|CS|TAMS 0x00000000ee500000, 0x00000000ee500000| Complete 
| 230|0x00000000ee600000, 0x00000000ee700000, 0x00000000ee700000|100%| E|CS|TAMS 0x00000000ee600000, 0x00000000ee600000| Complete 
| 231|0x00000000ee700000, 0x00000000ee800000, 0x00000000ee800000|100%| E|CS|TAMS 0x00000000ee700000, 0x00000000ee700000| Complete 
| 232|0x00000000ee800000, 0x00000000ee900000, 0x00000000ee900000|100%| E|CS|TAMS 0x00000000ee800000, 0x00000000ee800000| Complete 
| 233|0x00000000ee900000, 0x00000000eea00000, 0x00000000eea00000|100%| E|CS|TAMS 0x00000000ee900000, 0x00000000ee900000| Complete 
| 234|0x00000000eea00000, 0x00000000eeb00000, 0x00000000eeb00000|100%| E|CS|TAMS 0x00000000eea00000, 0x00000000eea00000| Complete 
| 235|0x00000000eeb00000, 0x00000000eeb86448, 0x00000000eec00000| 52%| S|CS|TAMS 0x00000000eeb00000, 0x00000000eeb00000| Complete 
| 236|0x00000000eec00000, 0x00000000eed00000, 0x00000000eed00000|100%| S|CS|TAMS 0x00000000eec00000, 0x00000000eec00000| Complete 
| 237|0x00000000eed00000, 0x00000000eee00000, 0x00000000eee00000|100%| S|CS|TAMS 0x00000000eed00000, 0x00000000eed00000| Complete 
| 238|0x00000000eee00000, 0x00000000eef00000, 0x00000000eef00000|100%| S|CS|TAMS 0x00000000eee00000, 0x00000000eee00000| Complete 
| 239|0x00000000eef00000, 0x00000000ef000000, 0x00000000ef000000|100%| S|CS|TAMS 0x00000000eef00000, 0x00000000eef00000| Complete 
| 240|0x00000000ef000000, 0x00000000ef100000, 0x00000000ef100000|100%| S|CS|TAMS 0x00000000ef000000, 0x00000000ef000000| Complete 
| 241|0x00000000ef100000, 0x00000000ef200000, 0x00000000ef200000|100%| S|CS|TAMS 0x00000000ef100000, 0x00000000ef100000| Complete 
| 242|0x00000000ef200000, 0x00000000ef300000, 0x00000000ef300000|100%| E|CS|TAMS 0x00000000ef200000, 0x00000000ef200000| Complete 
| 243|0x00000000ef300000, 0x00000000ef400000, 0x00000000ef400000|100%| E|CS|TAMS 0x00000000ef300000, 0x00000000ef300000| Complete 
| 244|0x00000000ef400000, 0x00000000ef500000, 0x00000000ef500000|100%| E|CS|TAMS 0x00000000ef400000, 0x00000000ef400000| Complete 
| 245|0x00000000ef500000, 0x00000000ef600000, 0x00000000ef600000|100%| E|CS|TAMS 0x00000000ef500000, 0x00000000ef500000| Complete 
| 246|0x00000000ef600000, 0x00000000ef700000, 0x00000000ef700000|100%| E|CS|TAMS 0x00000000ef600000, 0x00000000ef600000| Complete 
| 247|0x00000000ef700000, 0x00000000ef800000, 0x00000000ef800000|100%| E|CS|TAMS 0x00000000ef700000, 0x00000000ef700000| Complete 
| 248|0x00000000ef800000, 0x00000000ef900000, 0x00000000ef900000|100%| E|CS|TAMS 0x00000000ef800000, 0x00000000ef800000| Complete 
| 249|0x00000000ef900000, 0x00000000efa00000, 0x00000000efa00000|100%| E|  |TAMS 0x00000000ef900000, 0x00000000ef900000| Complete 
| 250|0x00000000efa00000, 0x00000000efb00000, 0x00000000efb00000|100%| E|CS|TAMS 0x00000000efa00000, 0x00000000efa00000| Complete 
| 251|0x00000000efb00000, 0x00000000efc00000, 0x00000000efc00000|100%| E|CS|TAMS 0x00000000efb00000, 0x00000000efb00000| Complete 
| 252|0x00000000efc00000, 0x00000000efd00000, 0x00000000efd00000|100%| E|CS|TAMS 0x00000000efc00000, 0x00000000efc00000| Complete 
| 253|0x00000000efd00000, 0x00000000efe00000, 0x00000000efe00000|100%| E|CS|TAMS 0x00000000efd00000, 0x00000000efd00000| Complete 
| 254|0x00000000efe00000, 0x00000000eff00000, 0x00000000eff00000|100%| E|CS|TAMS 0x00000000efe00000, 0x00000000efe00000| Complete 
| 255|0x00000000eff00000, 0x00000000f0000000, 0x00000000f0000000|100%| E|CS|TAMS 0x00000000eff00000, 0x00000000eff00000| Complete 

Card table byte_map: [0x0000016d2ee20000,0x0000016d2ef20000] _byte_map_base: 0x0000016d2e720000

Marking Bits (Prev, Next): (CMBitMap*) 0x0000016d17702258, (CMBitMap*) 0x0000016d17702290
 Prev Bits: [0x0000016d2f020000, 0x0000016d2f820000)
 Next Bits: [0x0000016d2f820000, 0x0000016d30020000)

Polling page: 0x0000016d155c0000

Metaspace:

Usage:
  Non-class:     34.42 MB capacity,    33.76 MB ( 98%) used,   586.97 KB (  2%) free+waste,    95.75 KB ( <1%) overhead. 
      Class:      5.58 MB capacity,     5.21 MB ( 93%) used,   338.27 KB (  6%) free+waste,    46.94 KB ( <1%) overhead. 
       Both:     40.01 MB capacity,    38.96 MB ( 97%) used,   925.23 KB (  2%) free+waste,   142.69 KB ( <1%) overhead. 

Virtual space:
  Non-class space:       36.00 MB reserved,      34.50 MB ( 96%) committed 
      Class space:      248.00 MB reserved,       5.63 MB (  2%) committed 
             Both:      284.00 MB reserved,      40.13 MB ( 14%) committed 

Chunk freelists:
   Non-Class:  1.88 KB
       Class:  1.13 KB
        Both:  3.00 KB

CodeHeap 'non-profiled nmethods': size=120000Kb used=1870Kb max_used=1870Kb free=118129Kb
 bounds [0x0000016d274c0000, 0x0000016d27730000, 0x0000016d2e9f0000]
CodeHeap 'profiled nmethods': size=120000Kb used=7130Kb max_used=7130Kb free=112869Kb
 bounds [0x0000016d1ff90000, 0x0000016d20690000, 0x0000016d274c0000]
CodeHeap 'non-nmethods': size=5760Kb used=1518Kb max_used=1543Kb free=4242Kb
 bounds [0x0000016d1f9f0000, 0x0000016d1fc60000, 0x0000016d1ff90000]
 total_blobs=5297 nmethods=3438 adapters=538
 compilation: enabled
              stopped_count=0, restarted_count=0
 full_count=0

Compilation events (10 events):
Event: 9.636 Thread 0x0000016d33318000 3674       3       groovyjarjarantlr4.v4.runtime.atn.ParserATNSimulator::closure (98 bytes)
Event: 9.637 Thread 0x0000016d33318000 nmethod 3674 0x0000016d2067a510 code [0x0000016d2067a7a0, 0x0000016d2067b660]
Event: 9.637 Thread 0x0000016d37e1c000 nmethod 3650 0x0000016d27690810 code [0x0000016d276909a0, 0x0000016d27690cf8]
Event: 9.637 Thread 0x0000016d33318000 3677       3       java.util.TimSort::mergeCollapse (134 bytes)
Event: 9.638 Thread 0x0000016d37e1c000 3675       4       java.util.LinkedList::listIterator (15 bytes)
Event: 9.639 Thread 0x0000016d33318000 nmethod 3677 0x0000016d2067bb90 code [0x0000016d2067bd80, 0x0000016d2067c310]
Event: 9.639 Thread 0x0000016d33318000 3676       3       java.util.TimSort::pushRun (31 bytes)
Event: 9.639 Thread 0x0000016d33318000 nmethod 3676 0x0000016d2067c590 code [0x0000016d2067c740, 0x0000016d2067c8f8]
Event: 9.639 Thread 0x0000016d33318000 3678       1       groovyjarjarantlr4.v4.runtime.atn.ATNConfigSet::getConflictInfo (5 bytes)
Event: 9.639 Thread 0x0000016d33318000 nmethod 3678 0x0000016d27690e90 code [0x0000016d27691040, 0x0000016d27691158]

GC Heap History (10 events):
Event: 1.526 GC heap before
{Heap before GC invocations=0 (full 0):
 garbage-first heap   total 262144K, used 29696K [0x00000000e0000000, 0x0000000100000000)
  region size 1024K, 24 young (24576K), 0 survivors (0K)
 Metaspace       used 9981K, capacity 10210K, committed 10368K, reserved 264192K
  class space    used 1036K, capacity 1107K, committed 1152K, reserved 253952K
}
Event: 1.534 GC heap after
{Heap after GC invocations=1 (full 0):
 garbage-first heap   total 262144K, used 9368K [0x00000000e0000000, 0x0000000100000000)
  region size 1024K, 3 young (3072K), 3 survivors (3072K)
 Metaspace       used 9981K, capacity 10210K, committed 10368K, reserved 264192K
  class space    used 1036K, capacity 1107K, committed 1152K, reserved 253952K
}
Event: 5.211 GC heap before
{Heap before GC invocations=1 (full 0):
 garbage-first heap   total 262144K, used 109720K [0x00000000e0000000, 0x0000000100000000)
  region size 1024K, 102 young (104448K), 3 survivors (3072K)
 Metaspace       used 20661K, capacity 21091K, committed 21248K, reserved 272384K
  class space    used 2516K, capacity 2701K, committed 2816K, reserved 253952K
}
Event: 5.226 GC heap after
{Heap after GC invocations=2 (full 0):
 garbage-first heap   total 262144K, used 16938K [0x00000000e0000000, 0x0000000100000000)
  region size 1024K, 11 young (11264K), 11 survivors (11264K)
 Metaspace       used 20661K, capacity 21091K, committed 21248K, reserved 272384K
  class space    used 2516K, capacity 2701K, committed 2816K, reserved 253952K
}
Event: 5.823 GC heap before
{Heap before GC invocations=3 (full 0):
 garbage-first heap   total 262144K, used 38442K [0x00000000e0000000, 0x0000000100000000)
  region size 1024K, 32 young (32768K), 11 survivors (11264K)
 Metaspace       used 22623K, capacity 23150K, committed 23296K, reserved 274432K
  class space    used 2862K, capacity 3052K, committed 3072K, reserved 253952K
}
Event: 5.832 GC heap after
{Heap after GC invocations=4 (full 0):
 garbage-first heap   total 262144K, used 18059K [0x00000000e0000000, 0x0000000100000000)
  region size 1024K, 2 young (2048K), 2 survivors (2048K)
 Metaspace       used 22623K, capacity 23150K, committed 23296K, reserved 274432K
  class space    used 2862K, capacity 3052K, committed 3072K, reserved 253952K
}
Event: 8.312 GC heap before
{Heap before GC invocations=4 (full 0):
 garbage-first heap   total 262144K, used 121483K [0x00000000e0000000, 0x0000000100000000)
  region size 1024K, 104 young (106496K), 2 survivors (2048K)
 Metaspace       used 32922K, capacity 33903K, committed 34048K, reserved 284672K
  class space    used 4423K, capacity 4772K, committed 4864K, reserved 253952K
}
Event: 8.319 GC heap after
{Heap after GC invocations=5 (full 0):
 garbage-first heap   total 262144K, used 22691K [0x00000000e0000000, 0x0000000100000000)
  region size 1024K, 6 young (6144K), 6 survivors (6144K)
 Metaspace       used 32922K, capacity 33903K, committed 34048K, reserved 284672K
  class space    used 4423K, capacity 4772K, committed 4864K, reserved 253952K
}
Event: 8.581 GC heap before
{Heap before GC invocations=5 (full 0):
 garbage-first heap   total 262144K, used 36003K [0x00000000e0000000, 0x0000000100000000)
  region size 1024K, 20 young (20480K), 6 survivors (6144K)
 Metaspace       used 34855K, capacity 35822K, committed 35840K, reserved 286720K
  class space    used 4657K, capacity 4986K, committed 4992K, reserved 253952K
}
Event: 8.595 GC heap after
{Heap after GC invocations=6 (full 0):
 garbage-first heap   total 262144K, used 23385K [0x00000000e0000000, 0x0000000100000000)
  region size 1024K, 7 young (7168K), 7 survivors (7168K)
 Metaspace       used 34855K, capacity 35822K, committed 35840K, reserved 286720K
  class space    used 4657K, capacity 4986K, committed 4992K, reserved 253952K
}

Deoptimization events (10 events):
Event: 8.962 Thread 0x0000016d354b4800 Uncommon trap: reason=profile_predicate action=maybe_recompile pc=0x0000016d2764d5b4 method=jdk.internal.jimage.ImageStringsReader.charsFromByteBuffer([CLjava/nio/ByteBuffer;)V @ 6 c2
Event: 8.962 Thread 0x0000016d354b4800 Uncommon trap: reason=profile_predicate action=maybe_recompile pc=0x0000016d2764d5b4 method=jdk.internal.jimage.ImageStringsReader.charsFromByteBuffer([CLjava/nio/ByteBuffer;)V @ 6 c2
Event: 8.964 Thread 0x0000016d354b4800 Uncommon trap: reason=profile_predicate action=maybe_recompile pc=0x0000016d2764f5ec method=jdk.internal.jimage.ImageStringsReader.charsFromByteBuffer([CLjava/nio/ByteBuffer;)V @ 6 c2
Event: 9.009 Thread 0x0000016d354cc000 Uncommon trap: reason=class_check action=maybe_recompile pc=0x0000016d2762fcd8 method=java.util.stream.ReferencePipeline.forEachWithCancel(Ljava/util/Spliterator;Ljava/util/stream/Sink;)Z @ 1 c2
Event: 9.312 Thread 0x0000016d354b4800 Uncommon trap: reason=intrinsic_or_type_checked_inlining action=make_not_entrant pc=0x0000016d276475f4 method=java.util.Arrays.copyOf([Ljava/lang/Object;ILjava/lang/Class;)[Ljava/lang/Object; @ 35 c2
Event: 9.434 Thread 0x0000016d354b4800 Uncommon trap: reason=unstable_if action=reinterpret pc=0x0000016d2767736c method=groovyjarjarantlr4.v4.runtime.atn.ParserATNSimulator.getEpsilonTarget(Lgroovyjarjarantlr4/v4/runtime/atn/ATNConfig;Lgroovyjarjarantlr4/v4/runtime/atn/Transition;ZZLgroovyjar
Event: 9.469 Thread 0x0000016d354b4800 Uncommon trap: reason=unstable_if action=reinterpret pc=0x0000016d275347d0 method=java.util.HashMap.putVal(ILjava/lang/Object;Ljava/lang/Object;ZZ)Ljava/lang/Object; @ 162 c2
Event: 9.474 Thread 0x0000016d354b4800 Uncommon trap: reason=unstable_if action=reinterpret pc=0x0000016d27648a74 method=java.util.HashMap.getNode(ILjava/lang/Object;)Ljava/util/HashMap$Node; @ 84 c2
Event: 9.474 Thread 0x0000016d354b4800 Uncommon trap: reason=unstable_if action=reinterpret pc=0x0000016d275034e8 method=java.util.HashMap.getNode(ILjava/lang/Object;)Ljava/util/HashMap$Node; @ 84 c2
Event: 9.495 Thread 0x0000016d354b4800 Uncommon trap: reason=unstable_if action=reinterpret pc=0x0000016d275304a8 method=java.util.HashMap.resize()[Ljava/util/HashMap$Node; @ 203 c2

Classes redefined (0 events):
No events

Internal exceptions (10 events):
Event: 8.103 Thread 0x0000016d354b4800 Exception <a 'java/lang/NoSuchMethodError'{0x00000000ea6ddf90}: java.lang.invoke.Invokers$Holder.linkToTargetMethod(Ljava/lang/Object;Ljava/lang/Object;Ljava/lang/Object;Ljava/lang/Object;Ljava/lang/Object;Ljava/lang/Object;Ljava/lang/Object;Ljava/lang/Ob
Event: 8.111 Thread 0x0000016d354b4800 Exception <a 'java/lang/NoSuchMethodError'{0x00000000ea579598}: java.lang.invoke.DirectMethodHandle$Holder.invokeSpecial(Ljava/lang/Object;Ljava/lang/Object;Ljava/lang/Object;Ljava/lang/Object;Ljava/lang/Object;Ljava/lang/Object;Ljava/lang/Object;Ljava/la
Event: 8.112 Thread 0x0000016d354b4800 Exception <a 'java/lang/NoSuchMethodError'{0x00000000ea58b100}: java.lang.invoke.Invokers$Holder.linkToTargetMethod(Ljava/lang/Object;Ljava/lang/Object;Ljava/lang/Object;Ljava/lang/Object;Ljava/lang/Object;Ljava/lang/Object;Ljava/lang/Object;Ljava/lang/Ob
Event: 8.131 Thread 0x0000016d354b4800 Exception <a 'java/lang/NoSuchMethodError'{0x00000000ea474228}: java.lang.invoke.DirectMethodHandle$Holder.invokeStaticInit(Ljava/lang/Object;Ljava/lang/Object;Ljava/lang/Object;Ljava/lang/Object;)Ljava/lang/Object;> (0x00000000ea474228) thrown at [t:/wor
Event: 8.252 Thread 0x0000016d354b4800 Exception <a 'java/lang/NoSuchMethodError'{0x00000000e9b5fd88}: java.lang.invoke.Invokers$Holder.linkToTargetMethod(Ljava/lang/Object;Ljava/lang/Object;Ljava/lang/Object;Ljava/lang/Object;Ljava/lang/Object;Ljava/lang/Object;Ljava/lang/Object;Ljava/lang/Ob
Event: 8.264 Thread 0x0000016d354b4800 Exception <a 'java/lang/IncompatibleClassChangeError'{0x00000000e9bf1c30}: Found class java.lang.Object, but interface was expected> (0x00000000e9bf1c30) thrown at [t:/workspace/open/src/hotspot/share/interpreter/linkResolver.cpp, line 838]
Event: 8.661 Thread 0x0000016d354b4800 Exception <a 'java/lang/NoSuchMethodError'{0x00000000efd56bb0}: java.lang.invoke.DirectMethodHandle$Holder.invokeStaticInit(Ljava/lang/Object;Ljava/lang/Object;Ljava/lang/Object;)V> (0x00000000efd56bb0) thrown at [t:/workspace/open/src/hotspot/share/inter
Event: 8.662 Thread 0x0000016d354b4800 Exception <a 'java/lang/NoSuchMethodError'{0x00000000efd5e0a8}: java.lang.invoke.DirectMethodHandle$Holder.invokeStaticInit(Ljava/lang/Object;Ljava/lang/Object;Ljava/lang/Object;Ljava/lang/Object;)V> (0x00000000efd5e0a8) thrown at [t:/workspace/open/src/h
Event: 8.666 Thread 0x0000016d354b4800 Exception <a 'java/lang/NoSuchMethodError'{0x00000000efdda4a8}: java.lang.invoke.DirectMethodHandle$Holder.invokeStaticInit(Ljava/lang/Object;Ljava/lang/Object;Ljava/lang/Object;Ljava/lang/Object;Ljava/lang/Object;)V> (0x00000000efdda4a8) thrown at [t:/wo
Event: 9.011 Thread 0x0000016d354b4800 Exception <a 'java/lang/NoSuchMethodError'{0x00000000edefadb0}: java.lang.invoke.DirectMethodHandle$Holder.invokeVirtual(Ljava/lang/Object;Ljava/lang/Object;)V> (0x00000000edefadb0) thrown at [t:/workspace/open/src/hotspot/share/interpreter/linkResolver.c

Events (10 events):
Event: 9.474 Thread 0x0000016d354b4800 DEOPT PACKING pc=0x0000016d27648a74 sp=0x0000000da94f6ed0
Event: 9.474 Thread 0x0000016d354b4800 DEOPT UNPACKING pc=0x0000016d1fa18f2f sp=0x0000000da94f6dd0 mode 2
Event: 9.474 Thread 0x0000016d354b4800 Uncommon trap: trap_request=0xffffff4d fr.pc=0x0000016d275034e8 relative=0x00000000000001a8
Event: 9.474 Thread 0x0000016d354b4800 DEOPT PACKING pc=0x0000016d275034e8 sp=0x0000000da94f6e30
Event: 9.474 Thread 0x0000016d354b4800 DEOPT UNPACKING pc=0x0000016d1fa18f2f sp=0x0000000da94f6db8 mode 2
Event: 9.495 Thread 0x0000016d354b4800 Uncommon trap: trap_request=0xffffff4d fr.pc=0x0000016d275304a8 relative=0x00000000000009c8
Event: 9.495 Thread 0x0000016d354b4800 DEOPT PACKING pc=0x0000016d275304a8 sp=0x0000000da94f74b0
Event: 9.495 Thread 0x0000016d354b4800 DEOPT UNPACKING pc=0x0000016d1fa18f2f sp=0x0000000da94f7450 mode 2
Event: 9.577 loading class groovyjarjarantlr4/v4/runtime/atn/ConflictInfo
Event: 9.577 loading class groovyjarjarantlr4/v4/runtime/atn/ConflictInfo done


Dynamic libraries:
0x00007ff7e1280000 - 0x00007ff7e12c5000 	C:\Users\athul\scoop\apps\openjdk11\11.0.2-9\bin\java.exe
0x00007ffbe2cf0000 - 0x00007ffbe2ee8000 	C:\windows\SYSTEM32\ntdll.dll
0x00007ffbe2760000 - 0x00007ffbe2822000 	C:\windows\System32\KERNEL32.DLL
0x00007ffbe0730000 - 0x00007ffbe0a2e000 	C:\windows\System32\KERNELBASE.dll
0x00007ffbdc960000 - 0x00007ffbdc9f4000 	C:\windows\SYSTEM32\apphelp.dll
0x00007ffbe25c0000 - 0x00007ffbe275d000 	C:\windows\System32\USER32.dll
0x00007ffbe0a80000 - 0x00007ffbe0aa2000 	C:\windows\System32\win32u.dll
0x00007ffbe2980000 - 0x00007ffbe29ab000 	C:\windows\System32\GDI32.dll
0x00007ffbe0470000 - 0x00007ffbe0587000 	C:\windows\System32\gdi32full.dll
0x00007ffbe0620000 - 0x00007ffbe06bd000 	C:\windows\System32\msvcp_win.dll
0x00007ffbe0ab0000 - 0x00007ffbe0bb0000 	C:\windows\System32\ucrtbase.dll
0x00007ffbc6e30000 - 0x00007ffbc70ca000 	C:\windows\WinSxS\amd64_microsoft.windows.common-controls_6595b64144ccf1df_6.0.19041.4355_none_60b8b9eb71f62e16\COMCTL32.dll
0x00007ffbe11e0000 - 0x00007ffbe127e000 	C:\windows\System32\msvcrt.dll
0x00007ffbe2c80000 - 0x00007ffbe2caf000 	C:\windows\System32\IMM32.DLL
0x00007ffbd1e30000 - 0x00007ffbd1e46000 	C:\Users\athul\scoop\apps\openjdk11\11.0.2-9\bin\vcruntime140.dll
0x00007ffbaf210000 - 0x00007ffbaf2ba000 	C:\Users\athul\scoop\apps\openjdk11\11.0.2-9\bin\msvcp140.dll
0x00007ffb8cc40000 - 0x00007ffb8d763000 	C:\Users\athul\scoop\apps\openjdk11\11.0.2-9\bin\server\jvm.dll
0x00007ffbe24a0000 - 0x00007ffbe2552000 	C:\windows\System32\ADVAPI32.dll
0x00007ffbe1850000 - 0x00007ffbe18f0000 	C:\windows\System32\sechost.dll
0x00007ffbe1280000 - 0x00007ffbe13a3000 	C:\windows\System32\RPCRT4.dll
0x00007ffbe0390000 - 0x00007ffbe03b7000 	C:\windows\System32\bcrypt.dll
0x00007ffbe2c70000 - 0x00007ffbe2c78000 	C:\windows\System32\PSAPI.DLL
0x00007ffbd6190000 - 0x00007ffbd619a000 	C:\windows\SYSTEM32\VERSION.dll
0x00007ffbd5850000 - 0x00007ffbd5877000 	C:\windows\SYSTEM32\WINMM.dll
0x00007ffbdc6f0000 - 0x00007ffbdc6f9000 	C:\windows\SYSTEM32\WSOCK32.dll
0x00007ffbe2ba0000 - 0x00007ffbe2c0b000 	C:\windows\System32\WS2_32.dll
0x00007ffbde210000 - 0x00007ffbde222000 	C:\windows\SYSTEM32\kernel.appcore.dll
0x00007ffbd1e10000 - 0x00007ffbd1e21000 	C:\Users\athul\scoop\apps\openjdk11\11.0.2-9\bin\verify.dll
0x00007ffbd54d0000 - 0x00007ffbd56b4000 	C:\windows\SYSTEM32\DBGHELP.DLL
0x00007ffbca300000 - 0x00007ffbca334000 	C:\windows\SYSTEM32\dbgcore.DLL
0x00007ffbe0590000 - 0x00007ffbe0612000 	C:\windows\System32\bcryptPrimitives.dll
0x00007ffbc5a20000 - 0x00007ffbc5a48000 	C:\Users\athul\scoop\apps\openjdk11\11.0.2-9\bin\java.dll
0x00007ffbd1cb0000 - 0x00007ffbd1cc6000 	C:\Users\athul\scoop\apps\openjdk11\11.0.2-9\bin\zip.dll
0x00007ffbdc0c0000 - 0x00007ffbdc0ca000 	C:\Users\athul\scoop\apps\openjdk11\11.0.2-9\bin\jimage.dll
0x00007ffbe18f0000 - 0x00007ffbe205f000 	C:\windows\System32\SHELL32.dll
0x00007ffbde410000 - 0x00007ffbdebb4000 	C:\windows\SYSTEM32\windows.storage.dll
0x00007ffbe14f0000 - 0x00007ffbe1843000 	C:\windows\System32\combase.dll
0x00007ffbdfcf0000 - 0x00007ffbdfd1e000 	C:\windows\SYSTEM32\Wldp.dll
0x00007ffbe2220000 - 0x00007ffbe22ed000 	C:\windows\System32\OLEAUT32.dll
0x00007ffbe1440000 - 0x00007ffbe14ed000 	C:\windows\System32\SHCORE.dll
0x00007ffbe2c10000 - 0x00007ffbe2c65000 	C:\windows\System32\shlwapi.dll
0x00007ffbe02c0000 - 0x00007ffbe02e4000 	C:\windows\SYSTEM32\profapi.dll
0x00007ffbd1c70000 - 0x00007ffbd1c89000 	C:\Users\athul\scoop\apps\openjdk11\11.0.2-9\bin\net.dll
0x00007ffbd7660000 - 0x00007ffbd776d000 	C:\windows\SYSTEM32\WINHTTP.dll
0x00007ffbcc170000 - 0x00007ffbcc35c000 	C:\windows\SYSTEM32\urlmon.dll
0x00007ffbdf840000 - 0x00007ffbdf84c000 	C:\windows\SYSTEM32\netutils.dll
0x00007ffbca800000 - 0x00007ffbca828000 	C:\windows\SYSTEM32\srvcli.dll
0x00007ffbca9e0000 - 0x00007ffbcac9e000 	C:\windows\SYSTEM32\iertutil.dll
0x00007ffbdfa50000 - 0x00007ffbdfaba000 	C:\windows\system32\mswsock.dll
0x00007ffbd0d90000 - 0x00007ffbd0da3000 	C:\Users\athul\scoop\apps\openjdk11\11.0.2-9\bin\nio.dll
0x00007ffbb7060000 - 0x00007ffbb7087000 	C:\Users\athul\.gradle\native\e1d6ef7f7dcc3fd88c89a11ec53ec762bb8ba0a96d01ffa2cd45eb1d1d8dd5c5\windows-amd64\native-platform.dll
0x00007ffbae120000 - 0x00007ffbae264000 	C:\Users\athul\.gradle\native\0d407fdbe67a94daf76414ababcb853783967236a71b16ec16e742cd7a986fd3\windows-amd64\native-platform-file-events.dll
0x00007ffbd3760000 - 0x00007ffbd3769000 	C:\Users\athul\scoop\apps\openjdk11\11.0.2-9\bin\management.dll
0x00007ffbd3680000 - 0x00007ffbd368c000 	C:\Users\athul\scoop\apps\openjdk11\11.0.2-9\bin\management_ext.dll
0x00007ffbdfc50000 - 0x00007ffbdfc68000 	C:\windows\SYSTEM32\CRYPTSP.dll
0x00007ffbdf370000 - 0x00007ffbdf3a4000 	C:\windows\system32\rsaenh.dll
0x00007ffbe0240000 - 0x00007ffbe026e000 	C:\windows\SYSTEM32\USERENV.dll
0x00007ffbdfc40000 - 0x00007ffbdfc4c000 	C:\windows\SYSTEM32\CRYPTBASE.dll
0x00007ffbdf730000 - 0x00007ffbdf76b000 	C:\windows\SYSTEM32\IPHLPAPI.DLL
0x00007ffbe1430000 - 0x00007ffbe1438000 	C:\windows\System32\NSI.dll
0x00007ffbd81c0000 - 0x00007ffbd81d7000 	C:\windows\SYSTEM32\dhcpcsvc6.DLL
0x00007ffbd8770000 - 0x00007ffbd878d000 	C:\windows\SYSTEM32\dhcpcsvc.DLL
0x00007ffbdf770000 - 0x00007ffbdf83a000 	C:\windows\SYSTEM32\DNSAPI.dll
0x00007ffbdf5c0000 - 0x00007ffbdf5f3000 	C:\windows\SYSTEM32\ntmarta.dll

dbghelp: loaded successfully - version: 4.0.5 - missing functions: none
symbol engine: initialized successfully - sym options: 0x614 - pdb path: .;C:\Users\athul\scoop\apps\openjdk11\11.0.2-9\bin;C:\windows\SYSTEM32;C:\windows\WinSxS\amd64_microsoft.windows.common-controls_6595b64144ccf1df_6.0.19041.4355_none_60b8b9eb71f62e16;C:\Users\athul\scoop\apps\openjdk11\11.0.2-9\bin\server;C:\Users\athul\.gradle\native\e1d6ef7f7dcc3fd88c89a11ec53ec762bb8ba0a96d01ffa2cd45eb1d1d8dd5c5\windows-amd64;C:\Users\athul\.gradle\native\0d407fdbe67a94daf76414ababcb853783967236a71b16ec16e742cd7a986fd3\windows-amd64

VM Arguments:
jvm_args: --add-opens=java.base/java.util=ALL-UNNAMED --add-opens=java.base/java.lang=ALL-UNNAMED --add-opens=java.base/java.lang.invoke=ALL-UNNAMED --add-opens=java.base/java.util=ALL-UNNAMED --add-opens=java.prefs/java.util.prefs=ALL-UNNAMED --add-opens=java.prefs/java.util.prefs=ALL-UNNAMED --add-opens=java.base/java.nio.charset=ALL-UNNAMED --add-opens=java.base/java.net=ALL-UNNAMED --add-opens=java.base/java.util.concurrent.atomic=ALL-UNNAMED -XX:MaxMetaspaceSize=256m -XX:+HeapDumpOnOutOfMemoryError -Xms256m -Xmx512m -Dfile.encoding=utf8 -Duser.country=IN -Duser.language=en -Duser.variant 
java_command: org.gradle.launcher.daemon.bootstrap.GradleDaemon 7.5.1
java_class_path (initial): C:\Users\athul\.gradle\wrapper\dists\gradle-7.5.1-bin\7jzzequgds1hbszbhq3npc5ng\gradle-7.5.1\lib\gradle-launcher-7.5.1.jar
Launcher Type: SUN_STANDARD

[Global flags]
     intx CICompilerCount                          = 4                                         {product} {ergonomic}
   size_t CompressedClassSpaceSize                 = 260046848                                 {product} {ergonomic}
     uint ConcGCThreads                            = 2                                         {product} {ergonomic}
     uint G1ConcRefinementThreads                  = 8                                         {product} {ergonomic}
   size_t G1HeapRegionSize                         = 1048576                                   {product} {ergonomic}
    uintx GCDrainStackTargetSize                   = 64                                        {product} {ergonomic}
     bool HeapDumpOnOutOfMemoryError               = true                                   {manageable} {command line}
   size_t InitialHeapSize                          = 268435456                                 {product} {command line}
   size_t MarkStackSize                            = 4194304                                   {product} {ergonomic}
   size_t MaxHeapSize                              = 536870912                                 {product} {command line}
   size_t MaxMetaspaceSize                         = 268435456                                 {product} {command line}
   size_t MaxNewSize                               = 321912832                                 {product} {ergonomic}
   size_t MinHeapDeltaBytes                        = 1048576                                   {product} {ergonomic}
    uintx NonNMethodCodeHeapSize                   = 5835340                                {pd product} {ergonomic}
    uintx NonProfiledCodeHeapSize                  = 122911450                              {pd product} {ergonomic}
    uintx ProfiledCodeHeapSize                     = 122911450                              {pd product} {ergonomic}
    uintx ReservedCodeCacheSize                    = 251658240                              {pd product} {ergonomic}
     bool SegmentedCodeCache                       = true                                      {product} {ergonomic}
     bool UseCompressedClassPointers               = true                                 {lp64_product} {ergonomic}
     bool UseCompressedOops                        = true                                 {lp64_product} {ergonomic}
     bool UseG1GC                                  = true                                      {product} {ergonomic}
     bool UseLargePagesIndividualAllocation        = false                                  {pd product} {ergonomic}

Logging:
Log output configuration:
 #0: stdout all=warning uptime,level,tags
 #1: stderr all=off uptime,level,tags

Environment Variables:
JAVA_HOME=C:\Users\athul\scoop\apps\openjdk11\current
PATH=C:\Users\athul\scoop\apps\openjdk11\current\bin;C:\Program Files\Eclipse Adoptium\jdk-21.0.3.9-hotspot\bin;C:\windows\system32;C:\windows;C:\windows\System32\Wbem;C:\windows\System32\WindowsPowerShell\v1.0\;C:\windows\System32\OpenSSH\;C:\Program Files\HP\HP One Agent;C:\Program Files\Microsoft SQL Server\150\Tools\Binn\;C:\Program Files\Microsoft SQL Server\Client SDK\ODBC\170\Tools\Binn\;C:\Program Files\dotnet\;C:\Android;C:\Windows\System32;C:\Program Files\Git\cmd;C:\Users\athul\scoop\apps\python\current\Scripts;C:\Users\athul\scoop\apps\python\current;C:\Users\athul\scoop\apps\openjdk11\current\bin;C:\Users\athul\scoop\shims;C:\Program Files\Eclipse Adoptium\jdk-21.0.3.9-hotspot\bin;C:\windows\system32;C:\windows;C:\windows\System32\Wbem;C:\windows\System32\WindowsPowerShell\v1.0\;C:\windows\System32\OpenSSH\;C:\Program Files\HP\HP One Agent;C:\Program Files\Microsoft SQL Server\150\Tools\Binn\;C:\Program Files\Microsoft SQL Server\Client SDK\ODBC\170\Tools\Binn\;C:\Program Files\dotnet\;C:\Android;C:\Windows\System32;C:\Users\athul\AppData\Local\Microsoft\WindowsApps;C:\Users\athul\.dotnet\tools;C:\Users\athul\AppData\Local\Programs\Microsoft VS Code\bin;C:\WebDriver\bin;
USERNAME=athul
OS=Windows_NT
PROCESSOR_IDENTIFIER=AMD64 Family 23 Model 24 Stepping 1, AuthenticAMD



---------------  S Y S T E M  ---------------

OS: Windows 10 , 64 bit Build 19041 (10.0.19041.4957)

CPU:total 8 (initial active 8) (8 cores per cpu, 2 threads per core) family 23 model 24 stepping 1, cmov, cx8, fxsr, mmx, sse, sse2, sse3, ssse3, sse4.1, sse4.2, popcnt, avx, avx2, aes, clmul, mmxext, 3dnowpref, lzcnt, sse4a, ht, tsc, tscinvbit, tscinv, bmi1, bmi2, adx, sha, fma

Memory: 4k page, system-wide physical 6060M (342M free)
TotalPageFile size 24492M (AvailPageFile size 4M)
current process WorkingSet (physical memory assigned to process): 278M, peak: 279M
current process commit charge ("private bytes"): 447M, peak: 447M

vm_info: OpenJDK 64-Bit Server VM (11.0.2+9) for windows-amd64 JRE (11.0.2+9), built on Jan 18 2019 05:23:22 by "mach5one" with MS VC++ 15.5 (VS2017)

END.
