#
# There is insufficient memory for the Java Runtime Environment to continue.
# Native memory allocation (malloc) failed to allocate 240336 bytes. Error detail: Chunk::new
# Possible reasons:
#   The system is out of physical RAM or swap space
#   This process is running with CompressedOops enabled, and the Java Heap may be blocking the growth of the native heap
# Possible solutions:
#   Reduce memory load on the system
#   Increase physical memory or swap space
#   Check if swap backing store is full
#   Decrease Java heap size (-Xmx/-Xms)
#   Decrease number of Java threads
#   Decrease Java thread stack sizes (-Xss)
#   Set larger code cache with -XX:ReservedCodeCacheSize=
#   JVM is running with Unscaled Compressed Oops mode in which the Java heap is
#     placed in the first 4GB address space. The Java Heap base address is the
#     maximum limit for the native heap growth. Please use -XX:HeapBaseMinAddress
#     to set the Java Heap base and to place the Java Heap above 4GB virtual address.
# This output file may be truncated or incomplete.
#
#  Out of Memory Error (arena.cpp:191), pid=38224, tid=43300
#
# JRE version: OpenJDK Runtime Environment Temurin-17.0.13+11 (17.0.13+11) (build 17.0.13+11)
# Java VM: OpenJDK 64-Bit Server VM Temurin-17.0.13+11 (17.0.13+11, mixed mode, tiered, compressed oops, compressed class ptrs, parallel gc, windows-amd64)
# No core dump will be written. Minidumps are not enabled by default on client versions of Windows
#

---------------  S U M M A R Y ------------

Command Line: --add-modules=ALL-SYSTEM --add-opens=java.base/java.util=ALL-UNNAMED --add-opens=java.base/java.lang=ALL-UNNAMED --add-opens=java.base/sun.nio.fs=ALL-UNNAMED -Declipse.application=org.eclipse.jdt.ls.core.id1 -Dosgi.bundles.defaultStartLevel=4 -Declipse.product=org.eclipse.jdt.ls.core.product -Djava.import.generatesMetadataFilesAtProjectRoot=false -DDetectVMInstallationsJob.disabled=true -Dfile.encoding=utf8 -XX:+UseParallelGC -XX:GCTimeRatio=4 -XX:AdaptiveSizePolicyWeight=90 -Dsun.zip.disableMemoryMapping=true -Xmx1G -Xms100m -Xlog:disable -javaagent:c:\Users\athul\.vscode\extensions\redhat.java-1.37.0-win32-x64\lombok\lombok-1.18.34.jar -XX:+HeapDumpOnOutOfMemoryError -XX:HeapDumpPath=c:\Users\athul\AppData\Roaming\Code\User\workspaceStorage\5c278fb7de574982b3561c3920dec1c7\redhat.java -Daether.dependencyCollector.impl=bf c:\Users\athul\.vscode\extensions\redhat.java-1.37.0-win32-x64\server\plugins\org.eclipse.equinox.launcher_1.6.900.v20240613-2009.jar -configuration c:\Users\athul\AppData\Roaming\Code\User\globalStorage\redhat.java\1.37.0\config_win -data c:\Users\athul\AppData\Roaming\Code\User\workspaceStorage\5c278fb7de574982b3561c3920dec1c7\redhat.java\jdt_ws --pipe=\\.\pipe\lsp-3f2fdebee3fb71633c5236263ec8ede9-sock

Host: AMD Ryzen 5 3500U with Radeon Vega Mobile Gfx  , 8 cores, 5G,  Windows 10 , 64 bit Build 19041 (10.0.19041.4957)
Time: Sat Dec  7 14:57:13 2024 India Standard Time elapsed time: 4.743470 seconds (0d 0h 0m 4s)

---------------  T H R E A D  ---------------

Current thread (0x00000296268e8b40):  JavaThread "C2 CompilerThread0" daemon [_thread_in_native, id=43300, stack(0x0000009f6cf00000,0x0000009f6d000000)]


Current CompileTask:
C2:   4743 1070       4       java.io.DataInputStream::readUTF (501 bytes)

Stack: [0x0000009f6cf00000,0x0000009f6d000000]
Native frames: (J=compiled Java code, j=interpreted, Vv=VM code, C=native code)
V  [jvm.dll+0x682a19]
V  [jvm.dll+0x839538]
V  [jvm.dll+0x83afe3]
V  [jvm.dll+0x83b653]
V  [jvm.dll+0x24704f]
V  [jvm.dll+0xace34]
V  [jvm.dll+0xad4cc]
V  [jvm.dll+0x2ac84f]
V  [jvm.dll+0x588a79]
V  [jvm.dll+0x220ea2]
V  [jvm.dll+0x219cd2]
V  [jvm.dll+0x21738b]
V  [jvm.dll+0x1a3070]
V  [jvm.dll+0x22788c]
V  [jvm.dll+0x2259eb]
V  [jvm.dll+0x7eec98]
V  [jvm.dll+0x7e8ffc]
V  [jvm.dll+0x6818f7]
C  [ucrtbase.dll+0x21bb2]
C  [KERNEL32.DLL+0x17374]
C  [ntdll.dll+0x4cc91]


---------------  P R O C E S S  ---------------

Threads class SMR info:
_java_thread_list=0x0000029626bda3e0, length=12, elements={
0x000002960d7cebc0, 0x000002960d885270, 0x000002962166cb30, 0x000002960d88b100,
0x000002960d88bf80, 0x000002960d88ce00, 0x000002960d88e7d0, 0x00000296268e8b40,
0x00000296268ff8b0, 0x0000029626960170, 0x000002960d831f20, 0x0000029626c169b0
}

Java Threads: ( => current thread )
  0x000002960d7cebc0 JavaThread "main" [_thread_in_native, id=46868, stack(0x0000009f6c600000,0x0000009f6c700000)]
  0x000002960d885270 JavaThread "Reference Handler" daemon [_thread_blocked, id=8428, stack(0x0000009f6c900000,0x0000009f6ca00000)]
  0x000002962166cb30 JavaThread "Finalizer" daemon [_thread_blocked, id=40788, stack(0x0000009f6ca00000,0x0000009f6cb00000)]
  0x000002960d88b100 JavaThread "Signal Dispatcher" daemon [_thread_blocked, id=44300, stack(0x0000009f6cb00000,0x0000009f6cc00000)]
  0x000002960d88bf80 JavaThread "Attach Listener" daemon [_thread_blocked, id=47544, stack(0x0000009f6cc00000,0x0000009f6cd00000)]
  0x000002960d88ce00 JavaThread "Service Thread" daemon [_thread_blocked, id=23304, stack(0x0000009f6cd00000,0x0000009f6ce00000)]
  0x000002960d88e7d0 JavaThread "Monitor Deflation Thread" daemon [_thread_blocked, id=29772, stack(0x0000009f6ce00000,0x0000009f6cf00000)]
=>0x00000296268e8b40 JavaThread "C2 CompilerThread0" daemon [_thread_in_native, id=43300, stack(0x0000009f6cf00000,0x0000009f6d000000)]
  0x00000296268ff8b0 JavaThread "C1 CompilerThread0" daemon [_thread_blocked, id=4752, stack(0x0000009f6d000000,0x0000009f6d100000)]
  0x0000029626960170 JavaThread "Sweeper thread" daemon [_thread_blocked, id=14872, stack(0x0000009f6d100000,0x0000009f6d200000)]
  0x000002960d831f20 JavaThread "Common-Cleaner" daemon [_thread_blocked, id=29988, stack(0x0000009f6d200000,0x0000009f6d300000)]
  0x0000029626c169b0 JavaThread "Notification Thread" daemon [_thread_blocked, id=11444, stack(0x0000009f6d300000,0x0000009f6d400000)]

Other Threads:
  0x00000296268b0c20 VMThread "VM Thread" [stack: 0x0000009f6c800000,0x0000009f6c900000] [id=39556]
  0x0000029626bae230 WatcherThread [stack: 0x0000009f6d400000,0x0000009f6d500000] [id=41872]
  0x000002960d7e4450 GCTaskThread "GC Thread#0" [stack: 0x0000009f6c700000,0x0000009f6c800000] [id=15740]
  0x0000029628010740 GCTaskThread "GC Thread#1" [stack: 0x0000009f6d500000,0x0000009f6d600000] [id=35124]
  0x0000029627a51040 GCTaskThread "GC Thread#2" [stack: 0x0000009f6d600000,0x0000009f6d700000] [id=38492]
  0x0000029627a51300 GCTaskThread "GC Thread#3" [stack: 0x0000009f6d700000,0x0000009f6d800000] [id=28996]
  0x0000029627a515c0 GCTaskThread "GC Thread#4" [stack: 0x0000009f6d800000,0x0000009f6d900000] [id=35788]
  0x0000029627a86270 GCTaskThread "GC Thread#5" [stack: 0x0000009f6d900000,0x0000009f6da00000] [id=31844]
  0x0000029627a86530 GCTaskThread "GC Thread#6" [stack: 0x0000009f6da00000,0x0000009f6db00000] [id=7116]

Threads with active compile tasks:
C2 CompilerThread0     4779 1070       4       java.io.DataInputStream::readUTF (501 bytes)

VM state: not at safepoint (normal execution)

VM Mutex/Monitor currently owned by a thread: None

Heap address: 0x00000000c0000000, size: 1024 MB, Compressed Oops mode: 32-bit

CDS archive(s) not mapped
Compressed class space mapped at: 0x0000000100000000-0x0000000140000000, reserved size: 1073741824
Narrow klass base: 0x0000000000000000, Narrow klass shift: 3, Narrow klass range: 0x140000000

GC Precious Log:
 CPUs: 8 total, 8 available
 Memory: 6060M
 Large Page Support: Disabled
 NUMA Support: Disabled
 Compressed Oops: Enabled (32-bit)
 Alignments: Space 512K, Generation 512K, Heap 2M
 Heap Min Capacity: 100M
 Heap Initial Capacity: 100M
 Heap Max Capacity: 1G
 Pre-touch: Disabled
 Parallel Workers: 8

Heap:
 PSYoungGen      total 29696K, used 9049K [0x00000000eab00000, 0x00000000ecc00000, 0x0000000100000000)
  eden space 25600K, 23% used [0x00000000eab00000,0x00000000eb0c2f00,0x00000000ec400000)
  from space 4096K, 76% used [0x00000000ec400000,0x00000000ec7137b8,0x00000000ec800000)
  to   space 4096K, 0% used [0x00000000ec800000,0x00000000ec800000,0x00000000ecc00000)
 ParOldGen       total 68608K, used 8K [0x00000000c0000000, 0x00000000c4300000, 0x00000000eab00000)
  object space 68608K, 0% used [0x00000000c0000000,0x00000000c0002000,0x00000000c4300000)
 Metaspace       used 11978K, committed 12096K, reserved 1114112K
  class space    used 1181K, committed 1216K, reserved 1048576K

Card table byte_map: [0x000002960d1a0000,0x000002960d3b0000] _byte_map_base: 0x000002960cba0000

Marking Bits: (ParMarkBitMap*) 0x00007ffb97ba6940
 Begin Bits: [0x000002961f470000, 0x0000029620470000)
 End Bits:   [0x0000029620470000, 0x0000029621470000)

Polling page: 0x000002960cf90000

Metaspace:

Usage:
  Non-class:     10.54 MB used.
      Class:      1.15 MB used.
       Both:     11.70 MB used.

Virtual space:
  Non-class space:       64.00 MB reserved,      10.62 MB ( 17%) committed,  1 nodes.
      Class space:        1.00 GB reserved,       1.19 MB ( <1%) committed,  1 nodes.
             Both:        1.06 GB reserved,      11.81 MB (  1%) committed. 

Chunk freelists:
   Non-Class:  4.50 MB
       Class:  14.62 MB
        Both:  19.12 MB

MaxMetaspaceSize: unlimited
CompressedClassSpaceSize: 1.00 GB
Initial GC threshold: 21.00 MB
Current GC threshold: 21.00 MB
CDS: off
MetaspaceReclaimPolicy: balanced
 - commit_granule_bytes: 65536.
 - commit_granule_words: 8192.
 - virtual_space_node_default_size: 8388608.
 - enlarge_chunks_in_place: 1.
 - new_chunks_are_fully_committed: 0.
 - uncommit_free_chunks: 1.
 - use_allocation_guard: 0.
 - handle_deallocations: 1.


Internal statistics:

num_allocs_failed_limit: 0.
num_arena_births: 32.
num_arena_deaths: 0.
num_vsnodes_births: 2.
num_vsnodes_deaths: 0.
num_space_committed: 189.
num_space_uncommitted: 0.
num_chunks_returned_to_freelist: 0.
num_chunks_taken_from_freelist: 131.
num_chunk_merges: 0.
num_chunk_splits: 92.
num_chunks_enlarged: 82.
num_inconsistent_stats: 0.

CodeHeap 'non-profiled nmethods': size=120000Kb used=407Kb max_used=407Kb free=119593Kb
 bounds [0x0000029617f40000, 0x00000296181b0000, 0x000002961f470000]
CodeHeap 'profiled nmethods': size=120000Kb used=1909Kb max_used=1909Kb free=118090Kb
 bounds [0x0000029610470000, 0x00000296106e0000, 0x00000296179a0000]
CodeHeap 'non-nmethods': size=5760Kb used=1146Kb max_used=1164Kb free=4613Kb
 bounds [0x00000296179a0000, 0x0000029617c10000, 0x0000029617f40000]
 total_blobs=1531 nmethods=1093 adapters=353
 compilation: enabled
              stopped_count=0, restarted_count=0
 full_count=0

Compilation events (20 events):
Event: 4.697 Thread 0x00000296268ff8b0 1078       3       java.lang.StringLatin1::toChars (16 bytes)
Event: 4.697 Thread 0x00000296268e8b40 1070       4       java.io.DataInputStream::readUTF (501 bytes)
Event: 4.697 Thread 0x00000296268ff8b0 nmethod 1078 0x000002961063ed90 code [0x000002961063ef40, 0x000002961063f108]
Event: 4.697 Thread 0x00000296268ff8b0 1079       3       org.eclipse.osgi.container.ModuleDatabase$Persistence::readString (7 bytes)
Event: 4.698 Thread 0x00000296268ff8b0 nmethod 1079 0x000002961063f210 code [0x000002961063f3a0, 0x000002961063f4c8]
Event: 4.698 Thread 0x00000296268ff8b0 1081       3       org.eclipse.osgi.container.ModuleDatabase$Persistence::readMapValue (111 bytes)
Event: 4.699 Thread 0x00000296268ff8b0 nmethod 1081 0x000002961063f590 code [0x000002961063f840, 0x00000296106401b8]
Event: 4.699 Thread 0x00000296268ff8b0 1085       3       org.eclipse.osgi.container.ModuleDatabase$Persistence::readMap (118 bytes)
Event: 4.701 Thread 0x00000296268ff8b0 nmethod 1085 0x0000029610640590 code [0x00000296106408a0, 0x0000029610641848]
Event: 4.701 Thread 0x00000296268ff8b0 1080       3       org.eclipse.osgi.container.ModuleDatabase$Persistence::readVersion0 (96 bytes)
Event: 4.702 Thread 0x00000296268ff8b0 nmethod 1080 0x0000029610641f10 code [0x00000296106421a0, 0x0000029610642af8]
Event: 4.702 Thread 0x00000296268ff8b0 1082       3       org.eclipse.osgi.container.ModuleDatabase$Persistence::readVersion (7 bytes)
Event: 4.702 Thread 0x00000296268ff8b0 nmethod 1082 0x0000029610642f10 code [0x00000296106430a0, 0x00000296106431c8]
Event: 4.702 Thread 0x00000296268ff8b0 1084       3       org.eclipse.osgi.container.ModuleDatabase$Persistence::readIndexedMap (16 bytes)
Event: 4.703 Thread 0x00000296268ff8b0 nmethod 1084 0x0000029610643290 code [0x0000029610643440, 0x00000296106435e8]
Event: 4.703 Thread 0x00000296268ff8b0 1088       3       java.util.Collections::unmodifiableMap (20 bytes)
Event: 4.703 Thread 0x00000296268ff8b0 nmethod 1088 0x0000029610643710 code [0x00000296106438e0, 0x0000029610643c88]
Event: 4.703 Thread 0x00000296268ff8b0 1087       3       java.util.Collections$UnmodifiableMap::<init> (22 bytes)
Event: 4.704 Thread 0x00000296268ff8b0 nmethod 1087 0x0000029610643e10 code [0x0000029610643fc0, 0x0000029610644248]
Event: 4.713 Thread 0x00000296268ff8b0 1091       3       org.eclipse.osgi.container.ModuleDatabase$Persistence::readListValue (97 bytes)

GC Heap History (2 events):
Event: 4.030 GC heap before
{Heap before GC invocations=1 (full 0):
 PSYoungGen      total 29696K, used 25600K [0x00000000eab00000, 0x00000000ecc00000, 0x0000000100000000)
  eden space 25600K, 100% used [0x00000000eab00000,0x00000000ec400000,0x00000000ec400000)
  from space 4096K, 0% used [0x00000000ec800000,0x00000000ec800000,0x00000000ecc00000)
  to   space 4096K, 0% used [0x00000000ec400000,0x00000000ec400000,0x00000000ec800000)
 ParOldGen       total 68608K, used 0K [0x00000000c0000000, 0x00000000c4300000, 0x00000000eab00000)
  object space 68608K, 0% used [0x00000000c0000000,0x00000000c0000000,0x00000000c4300000)
 Metaspace       used 10980K, committed 11200K, reserved 1114112K
  class space    used 1093K, committed 1216K, reserved 1048576K
}
Event: 4.045 GC heap after
{Heap after GC invocations=1 (full 0):
 PSYoungGen      total 29696K, used 3149K [0x00000000eab00000, 0x00000000ecc00000, 0x0000000100000000)
  eden space 25600K, 0% used [0x00000000eab00000,0x00000000eab00000,0x00000000ec400000)
  from space 4096K, 76% used [0x00000000ec400000,0x00000000ec7137b8,0x00000000ec800000)
  to   space 4096K, 0% used [0x00000000ec800000,0x00000000ec800000,0x00000000ecc00000)
 ParOldGen       total 68608K, used 8K [0x00000000c0000000, 0x00000000c4300000, 0x00000000eab00000)
  object space 68608K, 0% used [0x00000000c0000000,0x00000000c0002000,0x00000000c4300000)
 Metaspace       used 10980K, committed 11200K, reserved 1114112K
  class space    used 1093K, committed 1216K, reserved 1048576K
}

Dll operation events (8 events):
Event: 0.052 Loaded shared library c:\Users\athul\.vscode\extensions\redhat.java-1.37.0-win32-x64\jre\17.0.13-win32-x86_64\bin\java.dll
Event: 0.838 Loaded shared library c:\Users\athul\.vscode\extensions\redhat.java-1.37.0-win32-x64\jre\17.0.13-win32-x86_64\bin\zip.dll
Event: 1.002 Loaded shared library C:\Users\athul\.vscode\extensions\redhat.java-1.37.0-win32-x64\jre\17.0.13-win32-x86_64\bin\instrument.dll
Event: 1.083 Loaded shared library C:\Users\athul\.vscode\extensions\redhat.java-1.37.0-win32-x64\jre\17.0.13-win32-x86_64\bin\net.dll
Event: 1.088 Loaded shared library C:\Users\athul\.vscode\extensions\redhat.java-1.37.0-win32-x64\jre\17.0.13-win32-x86_64\bin\nio.dll
Event: 1.107 Loaded shared library C:\Users\athul\.vscode\extensions\redhat.java-1.37.0-win32-x64\jre\17.0.13-win32-x86_64\bin\zip.dll
Event: 1.170 Loaded shared library C:\Users\athul\.vscode\extensions\redhat.java-1.37.0-win32-x64\jre\17.0.13-win32-x86_64\bin\jimage.dll
Event: 1.610 Loaded shared library c:\Users\athul\.vscode\extensions\redhat.java-1.37.0-win32-x64\jre\17.0.13-win32-x86_64\bin\verify.dll

Deoptimization events (20 events):
Event: 3.569 Thread 0x000002960d7cebc0 DEOPT PACKING pc=0x0000029617f84aec sp=0x0000009f6c6fda50
Event: 3.569 Thread 0x000002960d7cebc0 DEOPT UNPACKING pc=0x00000296179f66a3 sp=0x0000009f6c6fd978 mode 2
Event: 3.859 Thread 0x000002960d7cebc0 Uncommon trap: trap_request=0xffffff45 fr.pc=0x0000029617f96618 relative=0x00000000000009d8
Event: 3.859 Thread 0x000002960d7cebc0 Uncommon trap: reason=unstable_if action=reinterpret pc=0x0000029617f96618 method=java.util.HashMap.hash(Ljava/lang/Object;)I @ 1 c2
Event: 3.859 Thread 0x000002960d7cebc0 DEOPT PACKING pc=0x0000029617f96618 sp=0x0000009f6c6fe100
Event: 3.859 Thread 0x000002960d7cebc0 DEOPT UNPACKING pc=0x00000296179f66a3 sp=0x0000009f6c6fe070 mode 2
Event: 3.861 Thread 0x000002960d7cebc0 Uncommon trap: trap_request=0xffffff45 fr.pc=0x0000029617f88964 relative=0x00000000000002a4
Event: 3.861 Thread 0x000002960d7cebc0 Uncommon trap: reason=unstable_if action=reinterpret pc=0x0000029617f88964 method=java.util.HashMap.hash(Ljava/lang/Object;)I @ 1 c2
Event: 3.861 Thread 0x000002960d7cebc0 DEOPT PACKING pc=0x0000029617f88964 sp=0x0000009f6c6fe020
Event: 3.861 Thread 0x000002960d7cebc0 DEOPT UNPACKING pc=0x00000296179f66a3 sp=0x0000009f6c6fdec8 mode 2
Event: 3.861 Thread 0x000002960d7cebc0 Uncommon trap: trap_request=0xffffff45 fr.pc=0x0000029617f86474 relative=0x00000000000002b4
Event: 3.861 Thread 0x000002960d7cebc0 Uncommon trap: reason=unstable_if action=reinterpret pc=0x0000029617f86474 method=java.util.HashMap.hash(Ljava/lang/Object;)I @ 1 c2
Event: 3.861 Thread 0x000002960d7cebc0 DEOPT PACKING pc=0x0000029617f86474 sp=0x0000009f6c6fe0c0
Event: 3.861 Thread 0x000002960d7cebc0 DEOPT UNPACKING pc=0x00000296179f66a3 sp=0x0000009f6c6fdfd8 mode 2
Event: 3.861 Thread 0x000002960d7cebc0 Uncommon trap: trap_request=0xffffff45 fr.pc=0x0000029617f83a94 relative=0x0000000000000094
Event: 3.861 Thread 0x000002960d7cebc0 Uncommon trap: reason=unstable_if action=reinterpret pc=0x0000029617f83a94 method=java.util.HashMap.hash(Ljava/lang/Object;)I @ 1 c2
Event: 3.861 Thread 0x000002960d7cebc0 DEOPT PACKING pc=0x0000029617f83a94 sp=0x0000009f6c6fdf30
Event: 3.861 Thread 0x000002960d7cebc0 DEOPT UNPACKING pc=0x00000296179f66a3 sp=0x0000009f6c6fdec8 mode 2
Event: 3.917 Thread 0x000002960d7cebc0 DEOPT PACKING pc=0x00000296104bb38a sp=0x0000009f6c6f9a90
Event: 3.917 Thread 0x000002960d7cebc0 DEOPT UNPACKING pc=0x00000296179f6e43 sp=0x0000009f6c6f8ef0 mode 0

Classes loaded (20 events):
Event: 4.646 Loading class java/util/AbstractQueue done
Event: 4.646 Loading class java/util/concurrent/SynchronousQueue done
Event: 4.646 Loading class java/util/concurrent/SynchronousQueue$TransferStack
Event: 4.646 Loading class java/util/concurrent/SynchronousQueue$Transferer
Event: 4.646 Loading class java/util/concurrent/SynchronousQueue$Transferer done
Event: 4.646 Loading class java/util/concurrent/SynchronousQueue$TransferStack done
Event: 4.646 Loading class java/util/concurrent/SynchronousQueue$TransferStack$SNode
Event: 4.646 Loading class java/util/concurrent/ForkJoinPool$ManagedBlocker
Event: 4.647 Loading class java/util/concurrent/ForkJoinPool$ManagedBlocker done
Event: 4.647 Loading class java/util/concurrent/SynchronousQueue$TransferStack$SNode done
Event: 4.648 Loading class java/util/concurrent/RejectedExecutionHandler
Event: 4.648 Loading class java/util/concurrent/RejectedExecutionHandler done
Event: 4.648 Loading class java/util/concurrent/LinkedBlockingQueue
Event: 4.649 Loading class java/util/concurrent/LinkedBlockingQueue done
Event: 4.649 Loading class java/util/concurrent/LinkedBlockingQueue$Node
Event: 4.650 Loading class java/util/concurrent/LinkedBlockingQueue$Node done
Event: 4.672 Loading class java/util/concurrent/Semaphore$NonfairSync
Event: 4.672 Loading class java/util/concurrent/Semaphore$Sync
Event: 4.673 Loading class java/util/concurrent/Semaphore$Sync done
Event: 4.673 Loading class java/util/concurrent/Semaphore$NonfairSync done

Classes unloaded (0 events):
No events

Classes redefined (0 events):
No events

Internal exceptions (20 events):
Event: 3.011 Thread 0x000002960d7cebc0 Exception <a 'java/io/FileNotFoundException'{0x00000000eb88d328}> (0x00000000eb88d328) 
thrown [s\src\hotspot\share\prims\jni.cpp, line 516]
Event: 3.012 Thread 0x000002960d7cebc0 Exception <a 'java/io/FileNotFoundException'{0x00000000eb88e028}> (0x00000000eb88e028) 
thrown [s\src\hotspot\share\prims\jni.cpp, line 516]
Event: 3.013 Thread 0x000002960d7cebc0 Exception <a 'java/io/FileNotFoundException'{0x00000000eb88ecf8}> (0x00000000eb88ecf8) 
thrown [s\src\hotspot\share\prims\jni.cpp, line 516]
Event: 3.031 Thread 0x000002960d7cebc0 Implicit null exception at 0x0000029617f67e72 to 0x0000029617f68390
Event: 3.037 Thread 0x000002960d7cebc0 Exception <a 'java/io/FileNotFoundException'{0x00000000eb8c7b08}> (0x00000000eb8c7b08) 
thrown [s\src\hotspot\share\prims\jni.cpp, line 516]
Event: 3.641 Thread 0x000002960d7cebc0 Exception <a 'java/lang/ClassNotFoundException'{0x00000000ec1037f0}: sun/net/www/protocol/c/Handler> (0x00000000ec1037f0) 
thrown [s\src\hotspot\share\classfile\systemDictionary.cpp, line 256]
Event: 3.642 Thread 0x000002960d7cebc0 Exception <a 'java/lang/ClassNotFoundException'{0x00000000ec104b50}: sun/net/www/protocol/c/Handler> (0x00000000ec104b50) 
thrown [s\src\hotspot\share\classfile\systemDictionary.cpp, line 256]
Event: 3.643 Thread 0x000002960d7cebc0 Exception <a 'java/lang/ClassNotFoundException'{0x00000000ec105cf0}: sun/net/www/protocol/c/Handler> (0x00000000ec105cf0) 
thrown [s\src\hotspot\share\classfile\systemDictionary.cpp, line 256]
Event: 3.705 Thread 0x000002960d7cebc0 Exception <a 'java/io/FileNotFoundException'{0x00000000ec12da20}> (0x00000000ec12da20) 
thrown [s\src\hotspot\share\prims\jni.cpp, line 516]
Event: 3.859 Thread 0x000002960d7cebc0 Implicit null exception at 0x0000029617f95c7b to 0x0000029617f96600
Event: 3.861 Thread 0x000002960d7cebc0 Implicit null exception at 0x0000029617f8870e to 0x0000029617f88944
Event: 3.861 Thread 0x000002960d7cebc0 Implicit null exception at 0x0000029617f8620e to 0x0000029617f86454
Event: 3.861 Thread 0x000002960d7cebc0 Implicit null exception at 0x0000029617f83a0f to 0x0000029617f83a85
Event: 4.054 Thread 0x000002960d7cebc0 Exception <a 'java/lang/NoSuchMethodError'{0x00000000eab07ba8}: 'int java.lang.invoke.DirectMethodHandle$Holder.invokeStaticInit(java.lang.Object, java.lang.Object, java.lang.Object, java.lang.Object)'> (0x00000000eab07ba8) 
thrown [s\src\hotspot\share\interpreter\linkResolver.cpp, line 759]
Event: 4.060 Thread 0x000002960d7cebc0 Exception <a 'java/lang/NoSuchMethodError'{0x00000000eab12310}: 'java.lang.Object java.lang.invoke.DirectMethodHandle$Holder.invokeInterface(java.lang.Object, java.lang.Object)'> (0x00000000eab12310) 
thrown [s\src\hotspot\share\interpreter\linkResolver.cpp, line 759]
Event: 4.062 Thread 0x000002960d7cebc0 Exception <a 'java/lang/IncompatibleClassChangeError'{0x00000000eab15b08}: Found class java.lang.Object, but interface was expected> (0x00000000eab15b08) 
thrown [s\src\hotspot\share\interpreter\linkResolver.cpp, line 826]
Event: 4.066 Thread 0x000002960d7cebc0 Exception <a 'java/lang/NoSuchMethodError'{0x00000000eab19fe8}: 'void java.lang.invoke.DirectMethodHandle$Holder.invokeStatic(java.lang.Object, java.lang.Object)'> (0x00000000eab19fe8) 
thrown [s\src\hotspot\share\interpreter\linkResolver.cpp, line 759]
Event: 4.068 Thread 0x000002960d7cebc0 Exception <a 'java/lang/NoSuchMethodError'{0x00000000eab1d7e8}: 'void java.lang.invoke.DirectMethodHandle$Holder.invokeStaticInit(java.lang.Object, java.lang.Object)'> (0x00000000eab1d7e8) 
thrown [s\src\hotspot\share\interpreter\linkResolver.cpp, line 759]
Event: 4.073 Thread 0x000002960d7cebc0 Exception <a 'java/lang/NoSuchMethodError'{0x00000000eab24d68}: 'int java.lang.invoke.DirectMethodHandle$Holder.invokeStaticInit(java.lang.Object, java.lang.Object)'> (0x00000000eab24d68) 
thrown [s\src\hotspot\share\interpreter\linkResolver.cpp, line 759]
Event: 4.586 Thread 0x000002960d7cebc0 Exception <a 'java/lang/NoSuchMethodError'{0x00000000eacb07b8}: 'void java.lang.invoke.DirectMethodHandle$Holder.invokeSpecial(java.lang.Object, java.lang.Object, java.lang.Object)'> (0x00000000eacb07b8) 
thrown [s\src\hotspot\share\interpreter\linkResolver.cpp, line 759]

VM Operations (18 events):
Event: 0.619 Executing VM operation: HandshakeAllThreads
Event: 0.619 Executing VM operation: HandshakeAllThreads done
Event: 1.277 Executing VM operation: HandshakeAllThreads
Event: 1.277 Executing VM operation: HandshakeAllThreads done
Event: 1.277 Executing VM operation: Cleanup
Event: 1.277 Executing VM operation: Cleanup done
Event: 2.286 Executing VM operation: Cleanup
Event: 2.286 Executing VM operation: Cleanup done
Event: 2.841 Executing VM operation: HandshakeAllThreads
Event: 2.841 Executing VM operation: HandshakeAllThreads done
Event: 2.987 Executing VM operation: HandshakeAllThreads
Event: 2.987 Executing VM operation: HandshakeAllThreads done
Event: 3.556 Executing VM operation: HandshakeAllThreads
Event: 3.557 Executing VM operation: HandshakeAllThreads done
Event: 3.557 Executing VM operation: Cleanup
Event: 3.557 Executing VM operation: Cleanup done
Event: 4.030 Executing VM operation: ParallelGCFailedAllocation
Event: 4.046 Executing VM operation: ParallelGCFailedAllocation done

Memory protections (0 events):
No events

Nmethod flushes (0 events):
No events

Events (12 events):
Event: 0.151 Thread 0x000002960d7cebc0 Thread added: 0x000002960d7cebc0
Event: 0.184 Thread 0x000002960d7cebc0 Thread added: 0x000002960d885270
Event: 0.184 Thread 0x000002960d7cebc0 Thread added: 0x000002962166cb30
Event: 0.244 Thread 0x000002960d7cebc0 Thread added: 0x000002960d88b100
Event: 0.244 Thread 0x000002960d7cebc0 Thread added: 0x000002960d88bf80
Event: 0.244 Thread 0x000002960d7cebc0 Thread added: 0x000002960d88ce00
Event: 0.244 Thread 0x000002960d7cebc0 Thread added: 0x000002960d88e7d0
Event: 0.244 Thread 0x000002960d7cebc0 Thread added: 0x00000296268e8b40
Event: 0.247 Thread 0x000002960d7cebc0 Thread added: 0x00000296268ff8b0
Event: 0.249 Thread 0x000002960d7cebc0 Thread added: 0x0000029626960170
Event: 0.551 Thread 0x000002960d7cebc0 Thread added: 0x000002960d831f20
Event: 2.106 Thread 0x000002960d7cebc0 Thread added: 0x0000029626c169b0


Dynamic libraries:
0x00007ff6fa780000 - 0x00007ff6fa78e000 	c:\Users\athul\.vscode\extensions\redhat.java-1.37.0-win32-x64\jre\17.0.13-win32-x86_64\bin\java.exe
0x00007ffbe2cf0000 - 0x00007ffbe2ee8000 	C:\windows\SYSTEM32\ntdll.dll
0x00007ffbe2760000 - 0x00007ffbe2822000 	C:\windows\System32\KERNEL32.DLL
0x00007ffbe0730000 - 0x00007ffbe0a2e000 	C:\windows\System32\KERNELBASE.dll
0x00007ffbe0ab0000 - 0x00007ffbe0bb0000 	C:\windows\System32\ucrtbase.dll
0x00007ffbdc040000 - 0x00007ffbdc057000 	c:\Users\athul\.vscode\extensions\redhat.java-1.37.0-win32-x64\jre\17.0.13-win32-x86_64\bin\jli.dll
0x00007ffbe25c0000 - 0x00007ffbe275d000 	C:\windows\System32\USER32.dll
0x00007ffbd7de0000 - 0x00007ffbd7dfe000 	c:\Users\athul\.vscode\extensions\redhat.java-1.37.0-win32-x64\jre\17.0.13-win32-x86_64\bin\VCRUNTIME140.dll
0x00007ffbe0a80000 - 0x00007ffbe0aa2000 	C:\windows\System32\win32u.dll
0x00007ffbe2980000 - 0x00007ffbe29ab000 	C:\windows\System32\GDI32.dll
0x00007ffbe0470000 - 0x00007ffbe0587000 	C:\windows\System32\gdi32full.dll
0x00007ffbc6e30000 - 0x00007ffbc70ca000 	C:\windows\WinSxS\amd64_microsoft.windows.common-controls_6595b64144ccf1df_6.0.19041.4355_none_60b8b9eb71f62e16\COMCTL32.dll
0x00007ffbe0620000 - 0x00007ffbe06bd000 	C:\windows\System32\msvcp_win.dll
0x00007ffbe11e0000 - 0x00007ffbe127e000 	C:\windows\System32\msvcrt.dll
0x00007ffbe2c80000 - 0x00007ffbe2caf000 	C:\windows\System32\IMM32.DLL
0x00007ffbdc720000 - 0x00007ffbdc72c000 	c:\Users\athul\.vscode\extensions\redhat.java-1.37.0-win32-x64\jre\17.0.13-win32-x86_64\bin\vcruntime140_1.dll
0x00007ffbb9240000 - 0x00007ffbb92cd000 	c:\Users\athul\.vscode\extensions\redhat.java-1.37.0-win32-x64\jre\17.0.13-win32-x86_64\bin\msvcp140.dll
0x00007ffb97000000 - 0x00007ffb97c6b000 	c:\Users\athul\.vscode\extensions\redhat.java-1.37.0-win32-x64\jre\17.0.13-win32-x86_64\bin\server\jvm.dll
0x00007ffbe24a0000 - 0x00007ffbe2552000 	C:\windows\System32\ADVAPI32.dll
0x00007ffbe1850000 - 0x00007ffbe18f0000 	C:\windows\System32\sechost.dll
0x00007ffbe1280000 - 0x00007ffbe13a3000 	C:\windows\System32\RPCRT4.dll
0x00007ffbe0390000 - 0x00007ffbe03b7000 	C:\windows\System32\bcrypt.dll
0x00007ffbe2ba0000 - 0x00007ffbe2c0b000 	C:\windows\System32\WS2_32.dll
0x00007ffbe01f0000 - 0x00007ffbe023b000 	C:\windows\SYSTEM32\POWRPROF.dll
0x00007ffbd5850000 - 0x00007ffbd5877000 	C:\windows\SYSTEM32\WINMM.dll
0x00007ffbd6190000 - 0x00007ffbd619a000 	C:\windows\SYSTEM32\VERSION.dll
0x00007ffbe01d0000 - 0x00007ffbe01e2000 	C:\windows\SYSTEM32\UMPDC.dll
0x00007ffbde210000 - 0x00007ffbde222000 	C:\windows\SYSTEM32\kernel.appcore.dll
0x00007ffbdb300000 - 0x00007ffbdb30a000 	c:\Users\athul\.vscode\extensions\redhat.java-1.37.0-win32-x64\jre\17.0.13-win32-x86_64\bin\jimage.dll
0x00007ffbd54d0000 - 0x00007ffbd56b4000 	C:\windows\SYSTEM32\DBGHELP.DLL
0x00007ffbca300000 - 0x00007ffbca334000 	C:\windows\SYSTEM32\dbgcore.DLL
0x00007ffbe0590000 - 0x00007ffbe0612000 	C:\windows\System32\bcryptPrimitives.dll
0x00007ffbdc0b0000 - 0x00007ffbdc0be000 	c:\Users\athul\.vscode\extensions\redhat.java-1.37.0-win32-x64\jre\17.0.13-win32-x86_64\bin\instrument.dll
0x00007ffbd3640000 - 0x00007ffbd3665000 	c:\Users\athul\.vscode\extensions\redhat.java-1.37.0-win32-x64\jre\17.0.13-win32-x86_64\bin\java.dll
0x00007ffbd3620000 - 0x00007ffbd3638000 	c:\Users\athul\.vscode\extensions\redhat.java-1.37.0-win32-x64\jre\17.0.13-win32-x86_64\bin\zip.dll
0x00007ffbe18f0000 - 0x00007ffbe205f000 	C:\windows\System32\SHELL32.dll
0x00007ffbde410000 - 0x00007ffbdebb4000 	C:\windows\SYSTEM32\windows.storage.dll
0x00007ffbe14f0000 - 0x00007ffbe1843000 	C:\windows\System32\combase.dll
0x00007ffbdfcf0000 - 0x00007ffbdfd1e000 	C:\windows\SYSTEM32\Wldp.dll
0x00007ffbe2220000 - 0x00007ffbe22ed000 	C:\windows\System32\OLEAUT32.dll
0x00007ffbe1440000 - 0x00007ffbe14ed000 	C:\windows\System32\SHCORE.dll
0x00007ffbe2c10000 - 0x00007ffbe2c65000 	C:\windows\System32\shlwapi.dll
0x00007ffbe02c0000 - 0x00007ffbe02e4000 	C:\windows\SYSTEM32\profapi.dll
0x00007ffbd2540000 - 0x00007ffbd2559000 	C:\Users\athul\.vscode\extensions\redhat.java-1.37.0-win32-x64\jre\17.0.13-win32-x86_64\bin\net.dll
0x00007ffbd7660000 - 0x00007ffbd776d000 	C:\windows\SYSTEM32\WINHTTP.dll
0x00007ffbdfa50000 - 0x00007ffbdfaba000 	C:\windows\system32\mswsock.dll
0x00007ffbd2500000 - 0x00007ffbd2516000 	C:\Users\athul\.vscode\extensions\redhat.java-1.37.0-win32-x64\jre\17.0.13-win32-x86_64\bin\nio.dll
0x00007ffbd3610000 - 0x00007ffbd3620000 	c:\Users\athul\.vscode\extensions\redhat.java-1.37.0-win32-x64\jre\17.0.13-win32-x86_64\bin\verify.dll

dbghelp: loaded successfully - version: 4.0.5 - missing functions: none
symbol engine: initialized successfully - sym options: 0x614 - pdb path: .;c:\Users\athul\.vscode\extensions\redhat.java-1.37.0-win32-x64\jre\17.0.13-win32-x86_64\bin;C:\windows\SYSTEM32;C:\windows\WinSxS\amd64_microsoft.windows.common-controls_6595b64144ccf1df_6.0.19041.4355_none_60b8b9eb71f62e16;c:\Users\athul\.vscode\extensions\redhat.java-1.37.0-win32-x64\jre\17.0.13-win32-x86_64\bin\server

VM Arguments:
jvm_args: --add-modules=ALL-SYSTEM --add-opens=java.base/java.util=ALL-UNNAMED --add-opens=java.base/java.lang=ALL-UNNAMED --add-opens=java.base/sun.nio.fs=ALL-UNNAMED -Declipse.application=org.eclipse.jdt.ls.core.id1 -Dosgi.bundles.defaultStartLevel=4 -Declipse.product=org.eclipse.jdt.ls.core.product -Djava.import.generatesMetadataFilesAtProjectRoot=false -DDetectVMInstallationsJob.disabled=true -Dfile.encoding=utf8 -XX:+UseParallelGC -XX:GCTimeRatio=4 -XX:AdaptiveSizePolicyWeight=90 -Dsun.zip.disableMemoryMapping=true -Xmx1G -Xms100m -Xlog:disable -javaagent:c:\Users\athul\.vscode\extensions\redhat.java-1.37.0-win32-x64\lombok\lombok-1.18.34.jar -XX:+HeapDumpOnOutOfMemoryError -XX:HeapDumpPath=c:\Users\athul\AppData\Roaming\Code\User\workspaceStorage\5c278fb7de574982b3561c3920dec1c7\redhat.java -Daether.dependencyCollector.impl=bf 
java_command: c:\Users\athul\.vscode\extensions\redhat.java-1.37.0-win32-x64\server\plugins\org.eclipse.equinox.launcher_1.6.900.v20240613-2009.jar -configuration c:\Users\athul\AppData\Roaming\Code\User\globalStorage\redhat.java\1.37.0\config_win -data c:\Users\athul\AppData\Roaming\Code\User\workspaceStorage\5c278fb7de574982b3561c3920dec1c7\redhat.java\jdt_ws --pipe=\\.\pipe\lsp-3f2fdebee3fb71633c5236263ec8ede9-sock
java_class_path (initial): c:\Users\athul\.vscode\extensions\redhat.java-1.37.0-win32-x64\server\plugins\org.eclipse.equinox.launcher_1.6.900.v20240613-2009.jar
Launcher Type: SUN_STANDARD

[Global flags]
    uintx AdaptiveSizePolicyWeight                 = 90                                        {product} {command line}
     intx CICompilerCount                          = 4                                         {product} {ergonomic}
    uintx GCTimeRatio                              = 4                                         {product} {command line}
     bool HeapDumpOnOutOfMemoryError               = true                                   {manageable} {command line}
    ccstr HeapDumpPath                             = c:\Users\athul\AppData\Roaming\Code\User\workspaceStorage\5c278fb7de574982b3561c3920dec1c7\redhat.java         {manageable} {command line}
   size_t InitialHeapSize                          = 104857600                                 {product} {command line}
   size_t MaxHeapSize                              = 1073741824                                {product} {command line}
   size_t MaxNewSize                               = 357564416                                 {product} {ergonomic}
   size_t MinHeapDeltaBytes                        = 524288                                    {product} {ergonomic}
   size_t MinHeapSize                              = 104857600                                 {product} {command line}
   size_t NewSize                                  = 34603008                                  {product} {ergonomic}
    uintx NonNMethodCodeHeapSize                   = 5839372                                {pd product} {ergonomic}
    uintx NonProfiledCodeHeapSize                  = 122909434                              {pd product} {ergonomic}
   size_t OldSize                                  = 70254592                                  {product} {ergonomic}
    uintx ProfiledCodeHeapSize                     = 122909434                              {pd product} {ergonomic}
    uintx ReservedCodeCacheSize                    = 251658240                              {pd product} {ergonomic}
     bool SegmentedCodeCache                       = true                                      {product} {ergonomic}
   size_t SoftMaxHeapSize                          = 1073741824                             {manageable} {ergonomic}
     bool UseCompressedClassPointers               = true                           {product lp64_product} {ergonomic}
     bool UseCompressedOops                        = true                           {product lp64_product} {ergonomic}
     bool UseLargePagesIndividualAllocation        = false                                  {pd product} {ergonomic}
     bool UseParallelGC                            = true                                      {product} {command line}

Logging:
Log output configuration:
 #0: stdout all=off uptime,level,tags
 #1: stderr all=off uptime,level,tags

Environment Variables:
JAVA_HOME=C:\Users\athul\scoop\apps\openjdk11\current
PATH=C:\Users\athul\scoop\apps\openjdk11\current\bin;C:\Program Files\Eclipse Adoptium\jdk-21.0.3.9-hotspot\bin;C:\windows\system32;C:\windows;C:\windows\System32\Wbem;C:\windows\System32\WindowsPowerShell\v1.0\;C:\windows\System32\OpenSSH\;C:\Program Files\HP\HP One Agent;C:\Program Files\Microsoft SQL Server\150\Tools\Binn\;C:\Program Files\Microsoft SQL Server\Client SDK\ODBC\170\Tools\Binn\;C:\Program Files\dotnet\;C:\Android;C:\Windows\System32;C:\Program Files\Git\cmd;C:\Users\athul\scoop\apps\python\current\Scripts;C:\Users\athul\scoop\apps\python\current;C:\Users\athul\scoop\apps\openjdk11\current\bin;C:\Users\athul\scoop\shims;C:\Program Files\Eclipse Adoptium\jdk-21.0.3.9-hotspot\bin;C:\windows\system32;C:\windows;C:\windows\System32\Wbem;C:\windows\System32\WindowsPowerShell\v1.0\;C:\windows\System32\OpenSSH\;C:\Program Files\HP\HP One Agent;C:\Program Files\Microsoft SQL Server\150\Tools\Binn\;C:\Program Files\Microsoft SQL Server\Client SDK\ODBC\170\Tools\Binn\;C:\Program Files\dotnet\;C:\Android;C:\Windows\System32;C:\Users\athul\AppData\Local\Microsoft\WindowsApps;C:\Users\athul\.dotnet\tools;C:\Users\athul\AppData\Local\Programs\Microsoft VS Code\bin;C:\WebDriver\bin;
USERNAME=athul
OS=Windows_NT
PROCESSOR_IDENTIFIER=AMD64 Family 23 Model 24 Stepping 1, AuthenticAMD
TMP=C:\Users\athul\AppData\Local\Temp
TEMP=C:\Users\athul\AppData\Local\Temp



Periodic native trim disabled


---------------  S Y S T E M  ---------------

OS:
 Windows 10 , 64 bit Build 19041 (10.0.19041.4957)
OS uptime: 31 days 2:20 hours

CPU: total 8 (initial active 8) (8 cores per cpu, 2 threads per core) family 23 model 24 stepping 1 microcode 0x0, cx8, cmov, fxsr, ht, mmx, 3dnowpref, sse, sse2, sse3, ssse3, sse4a, sse4.1, sse4.2, popcnt, lzcnt, tsc, tscinvbit, avx, avx2, aes, clmul, bmi1, bmi2, adx, sha, fma, vzeroupper, clflush, clflushopt
Processor Information for all 8 processors :
  Max Mhz: 2100, Current Mhz: 2100, Mhz Limit: 2100

Memory: 4k page, system-wide physical 6060M (190M free)
TotalPageFile size 24492M (AvailPageFile size 0M)
current process WorkingSet (physical memory assigned to process): 76M, peak: 76M
current process commit charge ("private bytes"): 199M, peak: 199M

vm_info: OpenJDK 64-Bit Server VM (17.0.13+11) for windows-amd64 JRE (17.0.13+11), built on Oct 16 2024 00:10:08 by "admin" with MS VC++ 17.7 (VS2022)

END.
