#
# There is insufficient memory for the Java Runtime Environment to continue.
# Native memory allocation (malloc) failed to allocate 869536 bytes. Error detail: Chunk::new
# Possible reasons:
#   The system is out of physical RAM or swap space
#   This process is running with CompressedOops enabled, and the Java Heap may be blocking the growth of the native heap
# Possible solutions:
#   Reduce memory load on the system
#   Increase physical memory or swap space
#   Check if swap backing store is full
#   Decrease Java heap size (-Xmx/-Xms)
#   Decrease number of Java threads
#   Decrease Java thread stack sizes (-Xss)
#   Set larger code cache with -XX:ReservedCodeCacheSize=
#   JVM is running with Unscaled Compressed Oops mode in which the Java heap is
#     placed in the first 4GB address space. The Java Heap base address is the
#     maximum limit for the native heap growth. Please use -XX:HeapBaseMinAddress
#     to set the Java Heap base and to place the Java Heap above 4GB virtual address.
# This output file may be truncated or incomplete.
#
#  Out of Memory Error (arena.cpp:191), pid=3892, tid=45280
#
# JRE version: OpenJDK Runtime Environment Temurin-17.0.13+11 (17.0.13+11) (build 17.0.13+11)
# Java VM: OpenJDK 64-Bit Server VM Temurin-17.0.13+11 (17.0.13+11, mixed mode, tiered, compressed oops, compressed class ptrs, parallel gc, windows-amd64)
# No core dump will be written. Minidumps are not enabled by default on client versions of Windows
#

---------------  S U M M A R Y ------------

Command Line: --add-modules=ALL-SYSTEM --add-opens=java.base/java.util=ALL-UNNAMED --add-opens=java.base/java.lang=ALL-UNNAMED --add-opens=java.base/sun.nio.fs=ALL-UNNAMED -Declipse.application=org.eclipse.jdt.ls.core.id1 -Dosgi.bundles.defaultStartLevel=4 -Declipse.product=org.eclipse.jdt.ls.core.product -Djava.import.generatesMetadataFilesAtProjectRoot=false -DDetectVMInstallationsJob.disabled=true -Dfile.encoding=utf8 -XX:+UseParallelGC -XX:GCTimeRatio=4 -XX:AdaptiveSizePolicyWeight=90 -Dsun.zip.disableMemoryMapping=true -Xmx1G -Xms100m -Xlog:disable -javaagent:c:\Users\athul\.vscode\extensions\redhat.java-1.37.0-win32-x64\lombok\lombok-1.18.34.jar -XX:+HeapDumpOnOutOfMemoryError -XX:HeapDumpPath=c:\Users\athul\AppData\Roaming\Code\User\workspaceStorage\5c278fb7de574982b3561c3920dec1c7\redhat.java -Daether.dependencyCollector.impl=bf c:\Users\athul\.vscode\extensions\redhat.java-1.37.0-win32-x64\server\plugins\org.eclipse.equinox.launcher_1.6.900.v20240613-2009.jar -configuration c:\Users\athul\AppData\Roaming\Code\User\globalStorage\redhat.java\1.37.0\config_win -data c:\Users\athul\AppData\Roaming\Code\User\workspaceStorage\5c278fb7de574982b3561c3920dec1c7\redhat.java\jdt_ws --pipe=\\.\pipe\lsp-dbfd15c3513830f810eb93f01eb71691-sock

Host: AMD Ryzen 5 3500U with Radeon Vega Mobile Gfx  , 8 cores, 5G,  Windows 10 , 64 bit Build 19041 (10.0.19041.4957)
Time: Sat Dec  7 14:51:45 2024 India Standard Time elapsed time: 38.130978 seconds (0d 0h 0m 38s)

---------------  T H R E A D  ---------------

Current thread (0x000001425c6eb1c0):  JavaThread "C2 CompilerThread0" daemon [_thread_in_native, id=45280, stack(0x0000000c39b00000,0x0000000c39c00000)]


Current CompileTask:
C2:  38131 7532       4       org.eclipse.jdt.internal.compiler.util.JrtFileSystem$2::visitFile (10 bytes)

Stack: [0x0000000c39b00000,0x0000000c39c00000]
Native frames: (J=compiled Java code, j=interpreted, Vv=VM code, C=native code)
V  [jvm.dll+0x682a19]
V  [jvm.dll+0x839538]
V  [jvm.dll+0x83afe3]
V  [jvm.dll+0x83b653]
V  [jvm.dll+0x24704f]
V  [jvm.dll+0xace34]
V  [jvm.dll+0xad4cc]
V  [jvm.dll+0x2ac84f]
V  [jvm.dll+0x588a79]
V  [jvm.dll+0x220ea2]
V  [jvm.dll+0x22129f]
V  [jvm.dll+0x21a2b0]
V  [jvm.dll+0x21738b]
V  [jvm.dll+0x1a3070]
V  [jvm.dll+0x22788c]
V  [jvm.dll+0x2259eb]
V  [jvm.dll+0x7eec98]
V  [jvm.dll+0x7e8ffc]
V  [jvm.dll+0x6818f7]
C  [ucrtbase.dll+0x21bb2]
C  [KERNEL32.DLL+0x17374]
C  [ntdll.dll+0x4cc91]


---------------  P R O C E S S  ---------------

Threads class SMR info:
_java_thread_list=0x000001425c80df60, length=39, elements={
0x0000014243785b90, 0x0000014257602750, 0x0000014257604d80, 0x000001425760c150,
0x000001425760cde0, 0x000001425c6e8010, 0x000001425c6ea8f0, 0x000001425c6eb1c0,
0x000001425c6f6990, 0x000001425c6ff290, 0x00000142437eafb0, 0x000001425d8b8220,
0x000001425dd5e990, 0x000001425df9fad0, 0x000001425e2818f0, 0x000001425e281dd0,
0x000001425de83b10, 0x000001425e555440, 0x000001425e554510, 0x000001425e554a20,
0x000001425e554f30, 0x000001425e5530d0, 0x000001425e555950, 0x000001425e555e60,
0x000001425e5535e0, 0x000001425e556880, 0x000001425e553af0, 0x000001425ff31510,
0x000001425ff2e780, 0x000001425ff2fbc0, 0x000001425ff32e60, 0x000001425ff33370,
0x000001425ff31000, 0x000001425ff31f30, 0x000001425ff32440, 0x000001425ff347b0,
0x000001425ff31a20, 0x000001425ff34cc0, 0x000001425ff32950
}

Java Threads: ( => current thread )
  0x0000014243785b90 JavaThread "main" [_thread_blocked, id=20288, stack(0x0000000c39200000,0x0000000c39300000)]
  0x0000014257602750 JavaThread "Reference Handler" daemon [_thread_blocked, id=36348, stack(0x0000000c39500000,0x0000000c39600000)]
  0x0000014257604d80 JavaThread "Finalizer" daemon [_thread_blocked, id=43500, stack(0x0000000c39600000,0x0000000c39700000)]
  0x000001425760c150 JavaThread "Signal Dispatcher" daemon [_thread_blocked, id=12344, stack(0x0000000c39700000,0x0000000c39800000)]
  0x000001425760cde0 JavaThread "Attach Listener" daemon [_thread_blocked, id=42036, stack(0x0000000c39800000,0x0000000c39900000)]
  0x000001425c6e8010 JavaThread "Service Thread" daemon [_thread_blocked, id=37800, stack(0x0000000c39900000,0x0000000c39a00000)]
  0x000001425c6ea8f0 JavaThread "Monitor Deflation Thread" daemon [_thread_blocked, id=43724, stack(0x0000000c39a00000,0x0000000c39b00000)]
=>0x000001425c6eb1c0 JavaThread "C2 CompilerThread0" daemon [_thread_in_native, id=45280, stack(0x0000000c39b00000,0x0000000c39c00000)]
  0x000001425c6f6990 JavaThread "C1 CompilerThread0" daemon [_thread_blocked, id=31696, stack(0x0000000c39c00000,0x0000000c39d00000)]
  0x000001425c6ff290 JavaThread "Sweeper thread" daemon [_thread_blocked, id=42776, stack(0x0000000c39d00000,0x0000000c39e00000)]
  0x00000142437eafb0 JavaThread "Common-Cleaner" daemon [_thread_blocked, id=25756, stack(0x0000000c39e00000,0x0000000c39f00000)]
  0x000001425d8b8220 JavaThread "Notification Thread" daemon [_thread_blocked, id=20152, stack(0x0000000c39f00000,0x0000000c3a000000)]
  0x000001425dd5e990 JavaThread "Active Thread: Equinox Container: d0f7ebf4-f1e1-4093-9543-a23fda386d26" [_thread_blocked, id=37364, stack(0x0000000c3a700000,0x0000000c3a800000)]
  0x000001425df9fad0 JavaThread "Refresh Thread: Equinox Container: d0f7ebf4-f1e1-4093-9543-a23fda386d26" daemon [_thread_blocked, id=35596, stack(0x0000000c3a800000,0x0000000c3a900000)]
  0x000001425e2818f0 JavaThread "Framework Event Dispatcher: Equinox Container: d0f7ebf4-f1e1-4093-9543-a23fda386d26" daemon [_thread_blocked, id=34900, stack(0x0000000c3a900000,0x0000000c3aa00000)]
  0x000001425e281dd0 JavaThread "Start Level: Equinox Container: d0f7ebf4-f1e1-4093-9543-a23fda386d26" daemon [_thread_blocked, id=42328, stack(0x0000000c3aa00000,0x0000000c3ab00000)]
  0x000001425de83b10 JavaThread "Bundle File Closer" daemon [_thread_blocked, id=48124, stack(0x0000000c3ac00000,0x0000000c3ad00000)]
  0x000001425e555440 JavaThread "SCR Component Actor" daemon [_thread_blocked, id=48072, stack(0x0000000c3ad00000,0x0000000c3ae00000)]
  0x000001425e554510 JavaThread "Worker-JM" [_thread_blocked, id=37268, stack(0x0000000c3af00000,0x0000000c3b000000)]
  0x000001425e554a20 JavaThread "JNA Cleaner" daemon [_thread_blocked, id=46352, stack(0x0000000c3b000000,0x0000000c3b100000)]
  0x000001425e554f30 JavaThread "Worker-0: Java indexing... " [_thread_blocked, id=48004, stack(0x0000000c3b100000,0x0000000c3b200000)]
  0x000001425e5530d0 JavaThread "Worker-1: Initialize Workspace" [_thread_blocked, id=4348, stack(0x0000000c3b200000,0x0000000c3b300000)]
  0x000001425e555950 JavaThread "Worker-2" [_thread_blocked, id=45992, stack(0x0000000c3b300000,0x0000000c3b400000)]
  0x000001425e555e60 JavaThread "Worker-3" [_thread_blocked, id=12052, stack(0x0000000c3b400000,0x0000000c3b500000)]
  0x000001425e5535e0 JavaThread "Java indexing" daemon [_thread_in_Java, id=35400, stack(0x0000000c3ae00000,0x0000000c3af00000)]
  0x000001425e556880 JavaThread "Thread-2" daemon [_thread_in_native, id=47308, stack(0x0000000c3b500000,0x0000000c3b600000)]
  0x000001425e553af0 JavaThread "Thread-3" daemon [_thread_in_native, id=47792, stack(0x0000000c3b600000,0x0000000c3b700000)]
  0x000001425ff31510 JavaThread "Thread-4" daemon [_thread_in_native, id=29356, stack(0x0000000c3b700000,0x0000000c3b800000)]
  0x000001425ff2e780 JavaThread "Thread-5" daemon [_thread_in_native, id=8932, stack(0x0000000c3b800000,0x0000000c3b900000)]
  0x000001425ff2fbc0 JavaThread "Thread-6" daemon [_thread_in_native, id=25188, stack(0x0000000c3b900000,0x0000000c3ba00000)]
  0x000001425ff32e60 JavaThread "Thread-7" daemon [_thread_in_native, id=42812, stack(0x0000000c3ba00000,0x0000000c3bb00000)]
  0x000001425ff33370 JavaThread "Thread-8" daemon [_thread_in_native, id=43304, stack(0x0000000c3bb00000,0x0000000c3bc00000)]
  0x000001425ff31000 JavaThread "Thread-9" daemon [_thread_in_native, id=15916, stack(0x0000000c3bc00000,0x0000000c3bd00000)]
  0x000001425ff31f30 JavaThread "Thread-10" daemon [_thread_in_native, id=36820, stack(0x0000000c3bd00000,0x0000000c3be00000)]
  0x000001425ff32440 JavaThread "pool-2-thread-1" [_thread_blocked, id=45312, stack(0x0000000c3be00000,0x0000000c3bf00000)]
  0x000001425ff347b0 JavaThread "Worker-4" [_thread_blocked, id=40844, stack(0x0000000c3bf00000,0x0000000c3c000000)]
  0x000001425ff31a20 JavaThread "WorkspaceEventsHandler" [_thread_blocked, id=2860, stack(0x0000000c3c000000,0x0000000c3c100000)]
  0x000001425ff34cc0 JavaThread "pool-1-thread-1" [_thread_blocked, id=43636, stack(0x0000000c3c100000,0x0000000c3c200000)]
  0x000001425ff32950 JavaThread "pool-3-thread-1" [_thread_blocked, id=36476, stack(0x0000000c3c200000,0x0000000c3c300000)]

Other Threads:
  0x000001425c6c14b0 VMThread "VM Thread" [stack: 0x0000000c39400000,0x0000000c39500000] [id=38316]
  0x000001425d8b8700 WatcherThread [stack: 0x0000000c3a000000,0x0000000c3a100000] [id=13776]
  0x0000014243799390 GCTaskThread "GC Thread#0" [stack: 0x0000000c39300000,0x0000000c39400000] [id=10736]
  0x000001425e1b2090 GCTaskThread "GC Thread#1" [stack: 0x0000000c3a100000,0x0000000c3a200000] [id=20260]
  0x000001425dcc00a0 GCTaskThread "GC Thread#2" [stack: 0x0000000c3a200000,0x0000000c3a300000] [id=41184]
  0x000001425dd68390 GCTaskThread "GC Thread#3" [stack: 0x0000000c3a300000,0x0000000c3a400000] [id=39456]
  0x000001425dd68650 GCTaskThread "GC Thread#4" [stack: 0x0000000c3a400000,0x0000000c3a500000] [id=39728]
  0x000001425dd68910 GCTaskThread "GC Thread#5" [stack: 0x0000000c3a500000,0x0000000c3a600000] [id=34692]
  0x000001425dd68bd0 GCTaskThread "GC Thread#6" [stack: 0x0000000c3a600000,0x0000000c3a700000] [id=35852]
  0x000001425e351f90 GCTaskThread "GC Thread#7" [stack: 0x0000000c3ab00000,0x0000000c3ac00000] [id=45696]

Threads with active compile tasks:
C2 CompilerThread0    38204 7532       4       org.eclipse.jdt.internal.compiler.util.JrtFileSystem$2::visitFile (10 bytes)

VM state: not at safepoint (normal execution)

VM Mutex/Monitor currently owned by a thread: None

Heap address: 0x00000000c0000000, size: 1024 MB, Compressed Oops mode: 32-bit

CDS archive(s) not mapped
Compressed class space mapped at: 0x0000000100000000-0x0000000140000000, reserved size: 1073741824
Narrow klass base: 0x0000000000000000, Narrow klass shift: 3, Narrow klass range: 0x140000000

GC Precious Log:
 CPUs: 8 total, 8 available
 Memory: 6060M
 Large Page Support: Disabled
 NUMA Support: Disabled
 Compressed Oops: Enabled (32-bit)
 Alignments: Space 512K, Generation 512K, Heap 2M
 Heap Min Capacity: 100M
 Heap Initial Capacity: 100M
 Heap Max Capacity: 1G
 Pre-touch: Disabled
 Parallel Workers: 8

Heap:
 PSYoungGen      total 5120K, used 4296K [0x00000000eab00000, 0x00000000eb200000, 0x0000000100000000)
  eden space 3072K, 75% used [0x00000000eab00000,0x00000000ead425d0,0x00000000eae00000)
  from space 2048K, 99% used [0x00000000eb000000,0x00000000eb1fefb8,0x00000000eb200000)
  to   space 1536K, 0% used [0x00000000eae00000,0x00000000eae00000,0x00000000eaf80000)
 ParOldGen       total 191488K, used 171106K [0x00000000c0000000, 0x00000000cbb00000, 0x00000000eab00000)
  object space 191488K, 89% used [0x00000000c0000000,0x00000000ca718860,0x00000000cbb00000)
 Metaspace       used 55783K, committed 56768K, reserved 1114112K
  class space    used 5965K, committed 6400K, reserved 1048576K

Card table byte_map: [0x0000014243110000,0x0000014243320000] _byte_map_base: 0x0000014242b10000

Marking Bits: (ParMarkBitMap*) 0x00007ffb97ba6940
 Begin Bits: [0x0000014255410000, 0x0000014256410000)
 End Bits:   [0x0000014256410000, 0x0000014257410000)

Polling page: 0x00000142416d0000

Metaspace:

Usage:
  Non-class:     48.65 MB used.
      Class:      5.83 MB used.
       Both:     54.48 MB used.

Virtual space:
  Non-class space:       64.00 MB reserved,      49.19 MB ( 77%) committed,  1 nodes.
      Class space:        1.00 GB reserved,       6.25 MB ( <1%) committed,  1 nodes.
             Both:        1.06 GB reserved,      55.44 MB (  5%) committed. 

Chunk freelists:
   Non-Class:  14.20 MB
       Class:  9.63 MB
        Both:  23.84 MB

MaxMetaspaceSize: unlimited
CompressedClassSpaceSize: 1.00 GB
Initial GC threshold: 21.00 MB
Current GC threshold: 92.44 MB
CDS: off
MetaspaceReclaimPolicy: balanced
 - commit_granule_bytes: 65536.
 - commit_granule_words: 8192.
 - virtual_space_node_default_size: 8388608.
 - enlarge_chunks_in_place: 1.
 - new_chunks_are_fully_committed: 0.
 - uncommit_free_chunks: 1.
 - use_allocation_guard: 0.
 - handle_deallocations: 1.


Internal statistics:

num_allocs_failed_limit: 6.
num_arena_births: 606.
num_arena_deaths: 24.
num_vsnodes_births: 2.
num_vsnodes_deaths: 0.
num_space_committed: 887.
num_space_uncommitted: 0.
num_chunks_returned_to_freelist: 33.
num_chunks_taken_from_freelist: 2719.
num_chunk_merges: 11.
num_chunk_splits: 1704.
num_chunks_enlarged: 1078.
num_inconsistent_stats: 0.

CodeHeap 'non-profiled nmethods': size=120000Kb used=3370Kb max_used=3370Kb free=116629Kb
 bounds [0x000001424dee0000, 0x000001424e230000, 0x0000014255410000]
CodeHeap 'profiled nmethods': size=120000Kb used=13831Kb max_used=13831Kb free=106168Kb
 bounds [0x0000014246410000, 0x00000142471a0000, 0x000001424d940000]
CodeHeap 'non-nmethods': size=5760Kb used=1316Kb max_used=1367Kb free=4443Kb
 bounds [0x000001424d940000, 0x000001424dbb0000, 0x000001424dee0000]
 total_blobs=7364 nmethods=6712 adapters=566
 compilation: enabled
              stopped_count=0, restarted_count=0
 full_count=0

Compilation events (20 events):
Event: 36.863 Thread 0x000001425c6eb1c0 nmethod 7531 0x000001424e21d310 code [0x000001424e21d4a0, 0x000001424e21d858]
Event: 36.863 Thread 0x000001425c6eb1c0 7547       4       jdk.internal.jimage.ImageReader$SharedImageReader::lambda$handleModulesSubTree$1 (43 bytes)
Event: 36.979 Thread 0x000001425c6f6990 7559       3       java.util.concurrent.ConcurrentLinkedQueue::isEmpty (13 bytes)
Event: 36.979 Thread 0x000001425c6f6990 nmethod 7559 0x0000014247191290 code [0x0000014247191440, 0x00000142471915e8]
Event: 37.024 Thread 0x000001425c6f6990 7561       3       java.util.concurrent.ConcurrentLinkedQueue::first (65 bytes)
Event: 37.028 Thread 0x000001425c6f6990 nmethod 7561 0x0000014247191690 code [0x0000014247191a40, 0x0000014247193398]
Event: 37.090 Thread 0x000001425c6eb1c0 nmethod 7547 0x000001424e21d990 code [0x000001424e21dce0, 0x000001424e220a28]
Event: 37.090 Thread 0x000001425c6eb1c0 7560       4       jdk.internal.jimage.ImageBufferCache::releaseBuffer (75 bytes)
Event: 37.180 Thread 0x000001425c6eb1c0 nmethod 7560 0x000001424e222a10 code [0x000001424e222c60, 0x000001424e224380]
Event: 37.180 Thread 0x000001425c6eb1c0 7533       4       java.lang.StringConcatHelper::mix (22 bytes)
Event: 37.181 Thread 0x000001425c6eb1c0 nmethod 7533 0x000001424e225190 code [0x000001424e225300, 0x000001424e2253b8]
Event: 37.181 Thread 0x000001425c6eb1c0 7534       4       java.lang.StringConcatHelper::prepend (22 bytes)
Event: 37.182 Thread 0x000001425c6eb1c0 nmethod 7534 0x000001424e225490 code [0x000001424e225600, 0x000001424e2256f8]
Event: 37.182 Thread 0x000001425c6eb1c0 7535       4       java.lang.StringConcatHelper::prepend (38 bytes)
Event: 37.183 Thread 0x000001425c6eb1c0 nmethod 7535 0x000001424e225890 code [0x000001424e225a00, 0x000001424e225ad8]
Event: 37.183 Thread 0x000001425c6eb1c0 7543       4       jdk.internal.jrtfs.JrtPath::subpath (7 bytes)
Event: 37.742 Thread 0x000001425c6eb1c0 nmethod 7543 0x000001424e225c10 code [0x000001424e225e80, 0x000001424e2274c0]
Event: 37.742 Thread 0x000001425c6eb1c0 7544       4       jdk.internal.jrtfs.JrtPath::subpath (129 bytes)
Event: 37.806 Thread 0x000001425c6eb1c0 nmethod 7544 0x000001424e228390 code [0x000001424e228600, 0x000001424e229c40]
Event: 37.806 Thread 0x000001425c6eb1c0 7532       4       org.eclipse.jdt.internal.compiler.util.JrtFileSystem$2::visitFile (10 bytes)

GC Heap History (20 events):
Event: 36.953 GC heap before
{Heap before GC invocations=112 (full 6):
 PSYoungGen      total 4096K, used 3888K [0x00000000eab00000, 0x00000000eb000000, 0x0000000100000000)
  eden space 3072K, 100% used [0x00000000eab00000,0x00000000eae00000,0x00000000eae00000)
  from space 1024K, 79% used [0x00000000eae00000,0x00000000eaecc328,0x00000000eaf00000)
  to   space 1024K, 0% used [0x00000000eaf00000,0x00000000eaf00000,0x00000000eb000000)
 ParOldGen       total 172032K, used 169569K [0x00000000c0000000, 0x00000000ca800000, 0x00000000eab00000)
  object space 172032K, 98% used [0x00000000c0000000,0x00000000ca5985b0,0x00000000ca800000)
 Metaspace       used 55783K, committed 56768K, reserved 1114112K
  class space    used 5965K, committed 6400K, reserved 1048576K
}
Event: 36.956 GC heap after
{Heap after GC invocations=112 (full 6):
 PSYoungGen      total 4096K, used 801K [0x00000000eab00000, 0x00000000eb000000, 0x0000000100000000)
  eden space 3072K, 0% used [0x00000000eab00000,0x00000000eab00000,0x00000000eae00000)
  from space 1024K, 78% used [0x00000000eaf00000,0x00000000eafc84c0,0x00000000eb000000)
  to   space 1024K, 0% used [0x00000000eae00000,0x00000000eae00000,0x00000000eaf00000)
 ParOldGen       total 172032K, used 170258K [0x00000000c0000000, 0x00000000ca800000, 0x00000000eab00000)
  object space 172032K, 98% used [0x00000000c0000000,0x00000000ca6448e0,0x00000000ca800000)
 Metaspace       used 55783K, committed 56768K, reserved 1114112K
  class space    used 5965K, committed 6400K, reserved 1048576K
}
Event: 37.041 GC heap before
{Heap before GC invocations=113 (full 6):
 PSYoungGen      total 4096K, used 3873K [0x00000000eab00000, 0x00000000eb000000, 0x0000000100000000)
  eden space 3072K, 100% used [0x00000000eab00000,0x00000000eae00000,0x00000000eae00000)
  from space 1024K, 78% used [0x00000000eaf00000,0x00000000eafc84c0,0x00000000eb000000)
  to   space 1024K, 0% used [0x00000000eae00000,0x00000000eae00000,0x00000000eaf00000)
 ParOldGen       total 172032K, used 170258K [0x00000000c0000000, 0x00000000ca800000, 0x00000000eab00000)
  object space 172032K, 98% used [0x00000000c0000000,0x00000000ca6448e0,0x00000000ca800000)
 Metaspace       used 55783K, committed 56768K, reserved 1114112K
  class space    used 5965K, committed 6400K, reserved 1048576K
}
Event: 37.044 GC heap after
{Heap after GC invocations=113 (full 6):
 PSYoungGen      total 4096K, used 863K [0x00000000eab00000, 0x00000000eb000000, 0x0000000100000000)
  eden space 3072K, 0% used [0x00000000eab00000,0x00000000eab00000,0x00000000eae00000)
  from space 1024K, 84% used [0x00000000eae00000,0x00000000eaed7c18,0x00000000eaf00000)
  to   space 1024K, 0% used [0x00000000eaf00000,0x00000000eaf00000,0x00000000eb000000)
 ParOldGen       total 172032K, used 170950K [0x00000000c0000000, 0x00000000ca800000, 0x00000000eab00000)
  object space 172032K, 99% used [0x00000000c0000000,0x00000000ca6f1a20,0x00000000ca800000)
 Metaspace       used 55783K, committed 56768K, reserved 1114112K
  class space    used 5965K, committed 6400K, reserved 1048576K
}
Event: 37.125 GC heap before
{Heap before GC invocations=114 (full 6):
 PSYoungGen      total 4096K, used 3935K [0x00000000eab00000, 0x00000000eb000000, 0x0000000100000000)
  eden space 3072K, 100% used [0x00000000eab00000,0x00000000eae00000,0x00000000eae00000)
  from space 1024K, 84% used [0x00000000eae00000,0x00000000eaed7c18,0x00000000eaf00000)
  to   space 1024K, 0% used [0x00000000eaf00000,0x00000000eaf00000,0x00000000eb000000)
 ParOldGen       total 172032K, used 170950K [0x00000000c0000000, 0x00000000ca800000, 0x00000000eab00000)
  object space 172032K, 99% used [0x00000000c0000000,0x00000000ca6f1a20,0x00000000ca800000)
 Metaspace       used 55783K, committed 56768K, reserved 1114112K
  class space    used 5965K, committed 6400K, reserved 1048576K
}
Event: 37.128 GC heap after
{Heap after GC invocations=114 (full 6):
 PSYoungGen      total 4096K, used 915K [0x00000000eab00000, 0x00000000eb000000, 0x0000000100000000)
  eden space 3072K, 0% used [0x00000000eab00000,0x00000000eab00000,0x00000000eae00000)
  from space 1024K, 89% used [0x00000000eaf00000,0x00000000eafe4c30,0x00000000eb000000)
  to   space 1024K, 0% used [0x00000000eae00000,0x00000000eae00000,0x00000000eaf00000)
 ParOldGen       total 172032K, used 171708K [0x00000000c0000000, 0x00000000ca800000, 0x00000000eab00000)
  object space 172032K, 99% used [0x00000000c0000000,0x00000000ca7af2c0,0x00000000ca800000)
 Metaspace       used 55783K, committed 56768K, reserved 1114112K
  class space    used 5965K, committed 6400K, reserved 1048576K
}
Event: 37.191 GC heap before
{Heap before GC invocations=115 (full 7):
 PSYoungGen      total 4096K, used 3987K [0x00000000eab00000, 0x00000000eb000000, 0x0000000100000000)
  eden space 3072K, 100% used [0x00000000eab00000,0x00000000eae00000,0x00000000eae00000)
  from space 1024K, 89% used [0x00000000eaf00000,0x00000000eafe4c30,0x00000000eb000000)
  to   space 1024K, 0% used [0x00000000eae00000,0x00000000eae00000,0x00000000eaf00000)
 ParOldGen       total 172032K, used 171708K [0x00000000c0000000, 0x00000000ca800000, 0x00000000eab00000)
  object space 172032K, 99% used [0x00000000c0000000,0x00000000ca7af2c0,0x00000000ca800000)
 Metaspace       used 55783K, committed 56768K, reserved 1114112K
  class space    used 5965K, committed 6400K, reserved 1048576K
}
Event: 37.686 GC heap after
{Heap after GC invocations=115 (full 7):
 PSYoungGen      total 4096K, used 0K [0x00000000eab00000, 0x00000000eb000000, 0x0000000100000000)
  eden space 3072K, 0% used [0x00000000eab00000,0x00000000eab00000,0x00000000eae00000)
  from space 1024K, 0% used [0x00000000eae00000,0x00000000eae00000,0x00000000eaf00000)
  to   space 1024K, 0% used [0x00000000eaf00000,0x00000000eaf00000,0x00000000eb000000)
 ParOldGen       total 191488K, used 168118K [0x00000000c0000000, 0x00000000cbb00000, 0x00000000eab00000)
  object space 191488K, 87% used [0x00000000c0000000,0x00000000ca42db58,0x00000000cbb00000)
 Metaspace       used 55783K, committed 56768K, reserved 1114112K
  class space    used 5965K, committed 6400K, reserved 1048576K
}
Event: 37.734 GC heap before
{Heap before GC invocations=116 (full 7):
 PSYoungGen      total 4096K, used 3072K [0x00000000eab00000, 0x00000000eb000000, 0x0000000100000000)
  eden space 3072K, 100% used [0x00000000eab00000,0x00000000eae00000,0x00000000eae00000)
  from space 1024K, 0% used [0x00000000eae00000,0x00000000eae00000,0x00000000eaf00000)
  to   space 1024K, 0% used [0x00000000eaf00000,0x00000000eaf00000,0x00000000eb000000)
 ParOldGen       total 191488K, used 168118K [0x00000000c0000000, 0x00000000cbb00000, 0x00000000eab00000)
  object space 191488K, 87% used [0x00000000c0000000,0x00000000ca42db58,0x00000000cbb00000)
 Metaspace       used 55783K, committed 56768K, reserved 1114112K
  class space    used 5965K, committed 6400K, reserved 1048576K
}
Event: 37.736 GC heap after
{Heap after GC invocations=116 (full 7):
 PSYoungGen      total 4096K, used 806K [0x00000000eab00000, 0x00000000eb000000, 0x0000000100000000)
  eden space 3072K, 0% used [0x00000000eab00000,0x00000000eab00000,0x00000000eae00000)
  from space 1024K, 78% used [0x00000000eaf00000,0x00000000eafc99f8,0x00000000eb000000)
  to   space 1024K, 0% used [0x00000000eae00000,0x00000000eae00000,0x00000000eaf00000)
 ParOldGen       total 191488K, used 168118K [0x00000000c0000000, 0x00000000cbb00000, 0x00000000eab00000)
  object space 191488K, 87% used [0x00000000c0000000,0x00000000ca42db58,0x00000000cbb00000)
 Metaspace       used 55783K, committed 56768K, reserved 1114112K
  class space    used 5965K, committed 6400K, reserved 1048576K
}
Event: 37.840 GC heap before
{Heap before GC invocations=117 (full 7):
 PSYoungGen      total 4096K, used 3878K [0x00000000eab00000, 0x00000000eb000000, 0x0000000100000000)
  eden space 3072K, 100% used [0x00000000eab00000,0x00000000eae00000,0x00000000eae00000)
  from space 1024K, 78% used [0x00000000eaf00000,0x00000000eafc99f8,0x00000000eb000000)
  to   space 1024K, 0% used [0x00000000eae00000,0x00000000eae00000,0x00000000eaf00000)
 ParOldGen       total 191488K, used 168118K [0x00000000c0000000, 0x00000000cbb00000, 0x00000000eab00000)
  object space 191488K, 87% used [0x00000000c0000000,0x00000000ca42db58,0x00000000cbb00000)
 Metaspace       used 55783K, committed 56768K, reserved 1114112K
  class space    used 5965K, committed 6400K, reserved 1048576K
}
Event: 37.843 GC heap after
{Heap after GC invocations=117 (full 7):
 PSYoungGen      total 4096K, used 1015K [0x00000000eab00000, 0x00000000eb200000, 0x0000000100000000)
  eden space 3072K, 0% used [0x00000000eab00000,0x00000000eab00000,0x00000000eae00000)
  from space 1024K, 99% used [0x00000000eae00000,0x00000000eaefdf30,0x00000000eaf00000)
  to   space 2048K, 0% used [0x00000000eb000000,0x00000000eb000000,0x00000000eb200000)
 ParOldGen       total 191488K, used 168587K [0x00000000c0000000, 0x00000000cbb00000, 0x00000000eab00000)
  object space 191488K, 88% used [0x00000000c0000000,0x00000000ca4a2c78,0x00000000cbb00000)
 Metaspace       used 55783K, committed 56768K, reserved 1114112K
  class space    used 5965K, committed 6400K, reserved 1048576K
}
Event: 37.894 GC heap before
{Heap before GC invocations=118 (full 7):
 PSYoungGen      total 4096K, used 4087K [0x00000000eab00000, 0x00000000eb200000, 0x0000000100000000)
  eden space 3072K, 100% used [0x00000000eab00000,0x00000000eae00000,0x00000000eae00000)
  from space 1024K, 99% used [0x00000000eae00000,0x00000000eaefdf30,0x00000000eaf00000)
  to   space 2048K, 0% used [0x00000000eb000000,0x00000000eb000000,0x00000000eb200000)
 ParOldGen       total 191488K, used 168587K [0x00000000c0000000, 0x00000000cbb00000, 0x00000000eab00000)
  object space 191488K, 88% used [0x00000000c0000000,0x00000000ca4a2c78,0x00000000cbb00000)
 Metaspace       used 55783K, committed 56768K, reserved 1114112K
  class space    used 5965K, committed 6400K, reserved 1048576K
}
Event: 37.897 GC heap after
{Heap after GC invocations=118 (full 7):
 PSYoungGen      total 4096K, used 759K [0x00000000eab00000, 0x00000000eb100000, 0x0000000100000000)
  eden space 3072K, 0% used [0x00000000eab00000,0x00000000eab00000,0x00000000eae00000)
  from space 1024K, 74% used [0x00000000eb000000,0x00000000eb0bdfa8,0x00000000eb100000)
  to   space 1024K, 0% used [0x00000000eae00000,0x00000000eae00000,0x00000000eaf00000)
 ParOldGen       total 191488K, used 169583K [0x00000000c0000000, 0x00000000cbb00000, 0x00000000eab00000)
  object space 191488K, 88% used [0x00000000c0000000,0x00000000ca59bc58,0x00000000cbb00000)
 Metaspace       used 55783K, committed 56768K, reserved 1114112K
  class space    used 5965K, committed 6400K, reserved 1048576K
}
Event: 37.939 GC heap before
{Heap before GC invocations=119 (full 7):
 PSYoungGen      total 4096K, used 3831K [0x00000000eab00000, 0x00000000eb100000, 0x0000000100000000)
  eden space 3072K, 100% used [0x00000000eab00000,0x00000000eae00000,0x00000000eae00000)
  from space 1024K, 74% used [0x00000000eb000000,0x00000000eb0bdfa8,0x00000000eb100000)
  to   space 1024K, 0% used [0x00000000eae00000,0x00000000eae00000,0x00000000eaf00000)
 ParOldGen       total 191488K, used 169583K [0x00000000c0000000, 0x00000000cbb00000, 0x00000000eab00000)
  object space 191488K, 88% used [0x00000000c0000000,0x00000000ca59bc58,0x00000000cbb00000)
 Metaspace       used 55783K, committed 56768K, reserved 1114112K
  class space    used 5965K, committed 6400K, reserved 1048576K
}
Event: 37.943 GC heap after
{Heap after GC invocations=119 (full 7):
 PSYoungGen      total 4096K, used 1015K [0x00000000eab00000, 0x00000000eb200000, 0x0000000100000000)
  eden space 3072K, 0% used [0x00000000eab00000,0x00000000eab00000,0x00000000eae00000)
  from space 1024K, 99% used [0x00000000eae00000,0x00000000eaefdfa8,0x00000000eaf00000)
  to   space 2048K, 0% used [0x00000000eb000000,0x00000000eb000000,0x00000000eb200000)
 ParOldGen       total 191488K, used 169995K [0x00000000c0000000, 0x00000000cbb00000, 0x00000000eab00000)
  object space 191488K, 88% used [0x00000000c0000000,0x00000000ca602e00,0x00000000cbb00000)
 Metaspace       used 55783K, committed 56768K, reserved 1114112K
  class space    used 5965K, committed 6400K, reserved 1048576K
}
Event: 38.019 GC heap before
{Heap before GC invocations=120 (full 7):
 PSYoungGen      total 4096K, used 4087K [0x00000000eab00000, 0x00000000eb200000, 0x0000000100000000)
  eden space 3072K, 100% used [0x00000000eab00000,0x00000000eae00000,0x00000000eae00000)
  from space 1024K, 99% used [0x00000000eae00000,0x00000000eaefdfa8,0x00000000eaf00000)
  to   space 2048K, 0% used [0x00000000eb000000,0x00000000eb000000,0x00000000eb200000)
 ParOldGen       total 191488K, used 169995K [0x00000000c0000000, 0x00000000cbb00000, 0x00000000eab00000)
  object space 191488K, 88% used [0x00000000c0000000,0x00000000ca602e00,0x00000000cbb00000)
 Metaspace       used 55783K, committed 56768K, reserved 1114112K
  class space    used 5965K, committed 6400K, reserved 1048576K
}
Event: 38.022 GC heap after
{Heap after GC invocations=120 (full 7):
 PSYoungGen      total 4096K, used 824K [0x00000000eab00000, 0x00000000eb100000, 0x0000000100000000)
  eden space 3072K, 0% used [0x00000000eab00000,0x00000000eab00000,0x00000000eae00000)
  from space 1024K, 80% used [0x00000000eb000000,0x00000000eb0ce080,0x00000000eb100000)
  to   space 1536K, 0% used [0x00000000eae00000,0x00000000eae00000,0x00000000eaf80000)
 ParOldGen       total 191488K, used 170992K [0x00000000c0000000, 0x00000000cbb00000, 0x00000000eab00000)
  object space 191488K, 89% used [0x00000000c0000000,0x00000000ca6fc030,0x00000000cbb00000)
 Metaspace       used 55783K, committed 56768K, reserved 1114112K
  class space    used 5965K, committed 6400K, reserved 1048576K
}
Event: 38.069 GC heap before
{Heap before GC invocations=121 (full 7):
 PSYoungGen      total 4096K, used 3896K [0x00000000eab00000, 0x00000000eb100000, 0x0000000100000000)
  eden space 3072K, 100% used [0x00000000eab00000,0x00000000eae00000,0x00000000eae00000)
  from space 1024K, 80% used [0x00000000eb000000,0x00000000eb0ce080,0x00000000eb100000)
  to   space 1536K, 0% used [0x00000000eae00000,0x00000000eae00000,0x00000000eaf80000)
 ParOldGen       total 191488K, used 170992K [0x00000000c0000000, 0x00000000cbb00000, 0x00000000eab00000)
  object space 191488K, 89% used [0x00000000c0000000,0x00000000ca6fc030,0x00000000cbb00000)
 Metaspace       used 55783K, committed 56768K, reserved 1114112K
  class space    used 5965K, committed 6400K, reserved 1048576K
}
Event: 38.072 GC heap after
{Heap after GC invocations=121 (full 7):
 PSYoungGen      total 4608K, used 1515K [0x00000000eab00000, 0x00000000eb200000, 0x0000000100000000)
  eden space 3072K, 0% used [0x00000000eab00000,0x00000000eab00000,0x00000000eae00000)
  from space 1536K, 98% used [0x00000000eae00000,0x00000000eaf7aec8,0x00000000eaf80000)
  to   space 2048K, 0% used [0x00000000eb000000,0x00000000eb000000,0x00000000eb200000)
 ParOldGen       total 191488K, used 170992K [0x00000000c0000000, 0x00000000cbb00000, 0x00000000eab00000)
  object space 191488K, 89% used [0x00000000c0000000,0x00000000ca6fc030,0x00000000cbb00000)
 Metaspace       used 55783K, committed 56768K, reserved 1114112K
  class space    used 5965K, committed 6400K, reserved 1048576K
}

Dll operation events (10 events):
Event: 0.284 Loaded shared library c:\Users\athul\.vscode\extensions\redhat.java-1.37.0-win32-x64\jre\17.0.13-win32-x86_64\bin\java.dll
Event: 1.109 Loaded shared library c:\Users\athul\.vscode\extensions\redhat.java-1.37.0-win32-x64\jre\17.0.13-win32-x86_64\bin\zip.dll
Event: 1.119 Loaded shared library C:\Users\athul\.vscode\extensions\redhat.java-1.37.0-win32-x64\jre\17.0.13-win32-x86_64\bin\instrument.dll
Event: 1.150 Loaded shared library C:\Users\athul\.vscode\extensions\redhat.java-1.37.0-win32-x64\jre\17.0.13-win32-x86_64\bin\net.dll
Event: 1.156 Loaded shared library C:\Users\athul\.vscode\extensions\redhat.java-1.37.0-win32-x64\jre\17.0.13-win32-x86_64\bin\nio.dll
Event: 1.190 Loaded shared library C:\Users\athul\.vscode\extensions\redhat.java-1.37.0-win32-x64\jre\17.0.13-win32-x86_64\bin\zip.dll
Event: 1.222 Loaded shared library C:\Users\athul\.vscode\extensions\redhat.java-1.37.0-win32-x64\jre\17.0.13-win32-x86_64\bin\jimage.dll
Event: 1.344 Loaded shared library c:\Users\athul\.vscode\extensions\redhat.java-1.37.0-win32-x64\jre\17.0.13-win32-x86_64\bin\verify.dll
Event: 4.798 Loaded shared library C:\Users\athul\AppData\Roaming\Code\User\globalStorage\redhat.java\1.37.0\config_win\org.eclipse.equinox.launcher\org.eclipse.equinox.launcher.win32.win32.x86_64_1.2.1100.v20240722-2106\eclipse_11904.dll
Event: 9.357 Loaded shared library C:\Users\athul\AppData\Local\Temp\jna-93140972\jna8531541997888349999.dll

Deoptimization events (20 events):
Event: 34.303 Thread 0x000001425dd5e990 DEOPT PACKING pc=0x0000014246f84008 sp=0x0000000c3a7feae0
Event: 34.303 Thread 0x000001425dd5e990 DEOPT UNPACKING pc=0x000001424d996e43 sp=0x0000000c3a7fdfe8 mode 0
Event: 35.601 Thread 0x000001425e5535e0 DEOPT PACKING pc=0x000001424710c9b2 sp=0x0000000c3aefe850
Event: 35.601 Thread 0x000001425e5535e0 DEOPT UNPACKING pc=0x000001424d996e43 sp=0x0000000c3aefdc98 mode 0
Event: 35.675 Thread 0x000001425e5535e0 DEOPT PACKING pc=0x0000014247082354 sp=0x0000000c3aefe790
Event: 35.675 Thread 0x000001425e5535e0 DEOPT UNPACKING pc=0x000001424d996e43 sp=0x0000000c3aefdbe8 mode 0
Event: 35.693 Thread 0x000001425e5535e0 DEOPT PACKING pc=0x000001424667af4e sp=0x0000000c3aefe750
Event: 35.693 Thread 0x000001425e5535e0 DEOPT UNPACKING pc=0x000001424d996e43 sp=0x0000000c3aefdbc8 mode 0
Event: 35.799 Thread 0x000001425e5535e0 DEOPT PACKING pc=0x000001424703d102 sp=0x0000000c3aefe600
Event: 35.799 Thread 0x000001425e5535e0 DEOPT UNPACKING pc=0x000001424d996e43 sp=0x0000000c3aefda60 mode 0
Event: 35.861 Thread 0x000001425e5535e0 DEOPT PACKING pc=0x000001424703d1b2 sp=0x0000000c3aefe600
Event: 35.861 Thread 0x000001425e5535e0 DEOPT UNPACKING pc=0x000001424d996e43 sp=0x0000000c3aefda60 mode 0
Event: 35.923 Thread 0x000001425e5535e0 Uncommon trap: trap_request=0xffffff76 fr.pc=0x000001424e1fbe84 relative=0x0000000000000364
Event: 35.923 Thread 0x000001425e5535e0 Uncommon trap: reason=predicate action=maybe_recompile pc=0x000001424e1fbe84 method=java.util.TimSort.binarySort([Ljava/lang/Object;IIILjava/util/Comparator;)V @ 34 c2
Event: 35.923 Thread 0x000001425e5535e0 DEOPT PACKING pc=0x000001424e1fbe84 sp=0x0000000c3aefe220
Event: 35.923 Thread 0x000001425e5535e0 DEOPT UNPACKING pc=0x000001424d9966a3 sp=0x0000000c3aefe1c0 mode 2
Event: 36.722 Thread 0x000001425e5535e0 DEOPT PACKING pc=0x000001424653f346 sp=0x0000000c3aefe750
Event: 36.722 Thread 0x000001425e5535e0 DEOPT UNPACKING pc=0x000001424d996e43 sp=0x0000000c3aefdbd8 mode 0
Event: 37.891 Thread 0x000001425e5535e0 DEOPT PACKING pc=0x000001424653f346 sp=0x0000000c3aefe750
Event: 37.892 Thread 0x000001425e5535e0 DEOPT UNPACKING pc=0x000001424d996e43 sp=0x0000000c3aefdbd8 mode 0

Classes loaded (20 events):
Event: 34.364 Loading class sun/util/cldr/CLDRTimeZoneNameProviderImpl
Event: 34.365 Loading class sun/util/locale/provider/TimeZoneNameProviderImpl
Event: 34.365 Loading class sun/util/locale/provider/TimeZoneNameProviderImpl done
Event: 34.365 Loading class sun/util/cldr/CLDRTimeZoneNameProviderImpl done
Event: 34.374 Loading class sun/util/resources/cldr/TimeZoneNames
Event: 34.374 Loading class sun/util/resources/TimeZoneNamesBundle
Event: 34.375 Loading class sun/util/resources/OpenListResourceBundle
Event: 34.375 Loading class sun/util/resources/OpenListResourceBundle done
Event: 34.375 Loading class sun/util/resources/TimeZoneNamesBundle done
Event: 34.375 Loading class sun/util/resources/cldr/TimeZoneNames done
Event: 34.376 Loading class sun/util/resources/cldr/TimeZoneNames_en
Event: 34.383 Loading class sun/util/resources/cldr/TimeZoneNames_en done
Event: 34.383 Loading class sun/util/resources/cldr/TimeZoneNames_en_US
Event: 34.383 Loading class sun/util/resources/cldr/TimeZoneNames_en_US done
Event: 34.388 Loading class sun/util/cldr/CLDRBaseLocaleDataMetaInfo$TZCanonicalIDMapHolder
Event: 34.390 Loading class sun/util/cldr/CLDRBaseLocaleDataMetaInfo$TZCanonicalIDMapHolder done
Event: 34.393 Loading class sun/util/resources/TimeZoneNames
Event: 34.396 Loading class sun/util/resources/TimeZoneNames done
Event: 34.397 Loading class sun/util/resources/TimeZoneNames_en
Event: 34.397 Loading class sun/util/resources/TimeZoneNames_en done

Classes unloaded (12 events):
Event: 12.238 Thread 0x000001425c6c14b0 Unloading class 0x0000000100381000 'java/lang/invoke/LambdaForm$MH+0x0000000100381000'
Event: 12.238 Thread 0x000001425c6c14b0 Unloading class 0x0000000100380400 'java/lang/invoke/LambdaForm$MH+0x0000000100380400'
Event: 12.238 Thread 0x000001425c6c14b0 Unloading class 0x000000010037b000 'java/lang/invoke/LambdaForm$MH+0x000000010037b000'
Event: 12.238 Thread 0x000001425c6c14b0 Unloading class 0x000000010037a000 'java/lang/invoke/LambdaForm$MH+0x000000010037a000'
Event: 12.238 Thread 0x000001425c6c14b0 Unloading class 0x0000000100379000 'java/lang/invoke/LambdaForm$MH+0x0000000100379000'
Event: 12.238 Thread 0x000001425c6c14b0 Unloading class 0x0000000100250000 'java/lang/invoke/LambdaForm$MH+0x0000000100250000'
Event: 12.238 Thread 0x000001425c6c14b0 Unloading class 0x000000010024fc00 'java/lang/invoke/LambdaForm$MH+0x000000010024fc00'
Event: 12.238 Thread 0x000001425c6c14b0 Unloading class 0x000000010024f800 'java/lang/invoke/LambdaForm$MH+0x000000010024f800'
Event: 12.238 Thread 0x000001425c6c14b0 Unloading class 0x000000010024f400 'java/lang/invoke/LambdaForm$MH+0x000000010024f400'
Event: 12.238 Thread 0x000001425c6c14b0 Unloading class 0x000000010024f000 'java/lang/invoke/LambdaForm$BMH+0x000000010024f000'
Event: 12.238 Thread 0x000001425c6c14b0 Unloading class 0x000000010024ec00 'java/lang/invoke/LambdaForm$DMH+0x000000010024ec00'
Event: 12.238 Thread 0x000001425c6c14b0 Unloading class 0x000000010024c400 'java/lang/invoke/LambdaForm$DMH+0x000000010024c400'

Classes redefined (0 events):
No events

Internal exceptions (20 events):
Event: 24.907 Thread 0x000001425e5530d0 Exception <a 'sun/nio/fs/WindowsException'{0x00000000eb5d3428}> (0x00000000eb5d3428) 
thrown [s\src\hotspot\share\prims\jni.cpp, line 516]
Event: 24.909 Thread 0x000001425e5530d0 Exception <a 'sun/nio/fs/WindowsException'{0x00000000eb6033e0}> (0x00000000eb6033e0) 
thrown [s\src\hotspot\share\prims\jni.cpp, line 516]
Event: 24.910 Thread 0x000001425e5530d0 Exception <a 'sun/nio/fs/WindowsException'{0x00000000eb607760}> (0x00000000eb607760) 
thrown [s\src\hotspot\share\prims\jni.cpp, line 516]
Event: 24.911 Thread 0x000001425e5530d0 Exception <a 'sun/nio/fs/WindowsException'{0x00000000eb60aac0}> (0x00000000eb60aac0) 
thrown [s\src\hotspot\share\prims\jni.cpp, line 516]
Event: 24.913 Thread 0x000001425e5530d0 Exception <a 'sun/nio/fs/WindowsException'{0x00000000eb60e280}> (0x00000000eb60e280) 
thrown [s\src\hotspot\share\prims\jni.cpp, line 516]
Event: 24.914 Thread 0x000001425e5530d0 Exception <a 'sun/nio/fs/WindowsException'{0x00000000eb6119e8}> (0x00000000eb6119e8) 
thrown [s\src\hotspot\share\prims\jni.cpp, line 516]
Event: 24.916 Thread 0x000001425e5530d0 Exception <a 'sun/nio/fs/WindowsException'{0x00000000eb614ff0}> (0x00000000eb614ff0) 
thrown [s\src\hotspot\share\prims\jni.cpp, line 516]
Event: 24.917 Thread 0x000001425e5530d0 Exception <a 'sun/nio/fs/WindowsException'{0x00000000eb6450e0}> (0x00000000eb6450e0) 
thrown [s\src\hotspot\share\prims\jni.cpp, line 516]
Event: 24.918 Thread 0x000001425e5530d0 Exception <a 'sun/nio/fs/WindowsException'{0x00000000eb648848}> (0x00000000eb648848) 
thrown [s\src\hotspot\share\prims\jni.cpp, line 516]
Event: 24.919 Thread 0x000001425e5530d0 Exception <a 'sun/nio/fs/WindowsException'{0x00000000eb64c360}> (0x00000000eb64c360) 
thrown [s\src\hotspot\share\prims\jni.cpp, line 516]
Event: 24.920 Thread 0x000001425e5530d0 Exception <a 'sun/nio/fs/WindowsException'{0x00000000eb692dd0}> (0x00000000eb692dd0) 
thrown [s\src\hotspot\share\prims\jni.cpp, line 516]
Event: 24.949 Thread 0x000001425e5530d0 Exception <a 'sun/nio/fs/WindowsException'{0x00000000eb7e4808}> (0x00000000eb7e4808) 
thrown [s\src\hotspot\share\prims\jni.cpp, line 516]
Event: 27.033 Thread 0x000001425e5530d0 Exception <a 'sun/nio/fs/WindowsException'{0x00000000eb7c1240}> (0x00000000eb7c1240) 
thrown [s\src\hotspot\share\prims\jni.cpp, line 516]
Event: 27.033 Thread 0x000001425e5530d0 Exception <a 'sun/nio/fs/WindowsException'{0x00000000eb7c1aa0}> (0x00000000eb7c1aa0) 
thrown [s\src\hotspot\share\prims\jni.cpp, line 516]
Event: 27.035 Thread 0x000001425e5530d0 Exception <a 'sun/nio/fs/WindowsException'{0x00000000eb7c3978}> (0x00000000eb7c3978) 
thrown [s\src\hotspot\share\prims\jni.cpp, line 516]
Event: 27.035 Thread 0x000001425e5530d0 Exception <a 'sun/nio/fs/WindowsException'{0x00000000eb7c4090}> (0x00000000eb7c4090) 
thrown [s\src\hotspot\share\prims\jni.cpp, line 516]
Event: 27.036 Thread 0x000001425e5530d0 Exception <a 'sun/nio/fs/WindowsException'{0x00000000eb7c4fe0}> (0x00000000eb7c4fe0) 
thrown [s\src\hotspot\share\prims\jni.cpp, line 516]
Event: 27.036 Thread 0x000001425e5530d0 Exception <a 'sun/nio/fs/WindowsException'{0x00000000eb7c56a8}> (0x00000000eb7c56a8) 
thrown [s\src\hotspot\share\prims\jni.cpp, line 516]
Event: 33.306 Thread 0x000001425e5535e0 Implicit null exception at 0x000001424e18ddc8 to 0x000001424e192c34
Event: 34.206 Thread 0x000001425dd5e990 Implicit null exception at 0x000001424dfbfc12 to 0x000001424dfc00c3

VM Operations (20 events):
Event: 36.953 Executing VM operation: ParallelGCFailedAllocation
Event: 36.956 Executing VM operation: ParallelGCFailedAllocation done
Event: 37.041 Executing VM operation: ParallelGCFailedAllocation
Event: 37.044 Executing VM operation: ParallelGCFailedAllocation done
Event: 37.125 Executing VM operation: ParallelGCFailedAllocation
Event: 37.128 Executing VM operation: ParallelGCFailedAllocation done
Event: 37.191 Executing VM operation: ParallelGCFailedAllocation
Event: 37.687 Executing VM operation: ParallelGCFailedAllocation done
Event: 37.734 Executing VM operation: ParallelGCFailedAllocation
Event: 37.736 Executing VM operation: ParallelGCFailedAllocation done
Event: 37.840 Executing VM operation: ParallelGCFailedAllocation
Event: 37.843 Executing VM operation: ParallelGCFailedAllocation done
Event: 37.894 Executing VM operation: ParallelGCFailedAllocation
Event: 37.897 Executing VM operation: ParallelGCFailedAllocation done
Event: 37.939 Executing VM operation: ParallelGCFailedAllocation
Event: 37.943 Executing VM operation: ParallelGCFailedAllocation done
Event: 38.019 Executing VM operation: ParallelGCFailedAllocation
Event: 38.022 Executing VM operation: ParallelGCFailedAllocation done
Event: 38.069 Executing VM operation: ParallelGCFailedAllocation
Event: 38.072 Executing VM operation: ParallelGCFailedAllocation done

Memory protections (0 events):
No events

Nmethod flushes (20 events):
Event: 22.972 Thread 0x000001425c6ff290 flushing  nmethod 0x0000014246d98f10
Event: 22.972 Thread 0x000001425c6ff290 flushing  nmethod 0x0000014246d9ec90
Event: 22.972 Thread 0x000001425c6ff290 flushing  nmethod 0x0000014246db3390
Event: 22.972 Thread 0x000001425c6ff290 flushing  nmethod 0x0000014246dd0e90
Event: 22.972 Thread 0x000001425c6ff290 flushing  nmethod 0x0000014246dd7c10
Event: 22.972 Thread 0x000001425c6ff290 flushing  nmethod 0x0000014246dd8010
Event: 22.972 Thread 0x000001425c6ff290 flushing  nmethod 0x0000014246dd8890
Event: 22.972 Thread 0x000001425c6ff290 flushing  nmethod 0x0000014246dd9b90
Event: 22.972 Thread 0x000001425c6ff290 flushing  nmethod 0x0000014246dda010
Event: 22.972 Thread 0x000001425c6ff290 flushing  nmethod 0x0000014246ddbb10
Event: 22.973 Thread 0x000001425c6ff290 flushing  nmethod 0x0000014246e4d210
Event: 22.973 Thread 0x000001425c6ff290 flushing  nmethod 0x0000014246e65210
Event: 22.973 Thread 0x000001425c6ff290 flushing  nmethod 0x0000014246e65b10
Event: 22.973 Thread 0x000001425c6ff290 flushing  nmethod 0x0000014246e69e10
Event: 22.974 Thread 0x000001425c6ff290 flushing  nmethod 0x0000014246f10710
Event: 22.974 Thread 0x000001425c6ff290 flushing  nmethod 0x0000014246f13390
Event: 22.974 Thread 0x000001425c6ff290 flushing  nmethod 0x0000014246f26a90
Event: 30.650 Thread 0x000001425c6ff290 flushing  nmethod 0x000001424e036a90
Event: 30.664 Thread 0x000001425c6ff290 flushing  nmethod 0x0000014246db6490
Event: 30.665 Thread 0x000001425c6ff290 flushing  nmethod 0x0000014246e0d290

Events (20 events):
Event: 9.536 Thread 0x000001425e281dd0 Thread added: 0x000001425e554f30
Event: 9.604 Thread 0x000001425e281dd0 Thread added: 0x000001425e5530d0
Event: 11.891 Thread 0x000001425e554f30 Thread added: 0x000001425e555950
Event: 12.280 Thread 0x000001425e555950 Thread added: 0x000001425e555e60
Event: 15.884 Thread 0x000001425e556880 Thread exited: 0x000001425e556880
Event: 21.975 Thread 0x000001425e281dd0 Thread added: 0x000001425e5535e0
Event: 22.610 Thread 0x0000014243785b90 Thread added: 0x000001425e556880
Event: 22.611 Thread 0x0000014243785b90 Thread added: 0x000001425e553af0
Event: 22.611 Thread 0x0000014243785b90 Thread added: 0x000001425ff31510
Event: 22.611 Thread 0x0000014243785b90 Thread added: 0x000001425ff2e780
Event: 22.611 Thread 0x0000014243785b90 Thread added: 0x000001425ff2fbc0
Event: 22.611 Thread 0x0000014243785b90 Thread added: 0x000001425ff32e60
Event: 22.611 Thread 0x0000014243785b90 Thread added: 0x000001425ff33370
Event: 22.611 Thread 0x0000014243785b90 Thread added: 0x000001425ff31000
Event: 22.611 Thread 0x0000014243785b90 Thread added: 0x000001425ff31f30
Event: 22.717 Thread 0x0000014243785b90 Thread added: 0x000001425ff32440
Event: 23.098 Thread 0x000001425e5530d0 Thread added: 0x000001425ff347b0
Event: 23.178 Thread 0x0000014243785b90 Thread added: 0x000001425ff31a20
Event: 23.178 Thread 0x0000014243785b90 Thread added: 0x000001425ff34cc0
Event: 27.025 Thread 0x000001425e5530d0 Thread added: 0x000001425ff32950


Dynamic libraries:
0x00007ff6fa780000 - 0x00007ff6fa78e000 	c:\Users\athul\.vscode\extensions\redhat.java-1.37.0-win32-x64\jre\17.0.13-win32-x86_64\bin\java.exe
0x00007ffbe2cf0000 - 0x00007ffbe2ee8000 	C:\windows\SYSTEM32\ntdll.dll
0x00007ffbe2760000 - 0x00007ffbe2822000 	C:\windows\System32\KERNEL32.DLL
0x00007ffbe0730000 - 0x00007ffbe0a2e000 	C:\windows\System32\KERNELBASE.dll
0x00007ffbdc960000 - 0x00007ffbdc9f4000 	C:\windows\SYSTEM32\apphelp.dll
0x00007ffbe0ab0000 - 0x00007ffbe0bb0000 	C:\windows\System32\ucrtbase.dll
0x00007ffbdc040000 - 0x00007ffbdc057000 	c:\Users\athul\.vscode\extensions\redhat.java-1.37.0-win32-x64\jre\17.0.13-win32-x86_64\bin\jli.dll
0x00007ffbd7de0000 - 0x00007ffbd7dfe000 	c:\Users\athul\.vscode\extensions\redhat.java-1.37.0-win32-x64\jre\17.0.13-win32-x86_64\bin\VCRUNTIME140.dll
0x00007ffbe25c0000 - 0x00007ffbe275d000 	C:\windows\System32\USER32.dll
0x00007ffbe0a80000 - 0x00007ffbe0aa2000 	C:\windows\System32\win32u.dll
0x00007ffbc6e30000 - 0x00007ffbc70ca000 	C:\windows\WinSxS\amd64_microsoft.windows.common-controls_6595b64144ccf1df_6.0.19041.4355_none_60b8b9eb71f62e16\COMCTL32.dll
0x00007ffbe11e0000 - 0x00007ffbe127e000 	C:\windows\System32\msvcrt.dll
0x00007ffbe2980000 - 0x00007ffbe29ab000 	C:\windows\System32\GDI32.dll
0x00007ffbe0470000 - 0x00007ffbe0587000 	C:\windows\System32\gdi32full.dll
0x00007ffbe0620000 - 0x00007ffbe06bd000 	C:\windows\System32\msvcp_win.dll
0x00007ffbe2c80000 - 0x00007ffbe2caf000 	C:\windows\System32\IMM32.DLL
0x00007ffbdc720000 - 0x00007ffbdc72c000 	c:\Users\athul\.vscode\extensions\redhat.java-1.37.0-win32-x64\jre\17.0.13-win32-x86_64\bin\vcruntime140_1.dll
0x00007ffbb9240000 - 0x00007ffbb92cd000 	c:\Users\athul\.vscode\extensions\redhat.java-1.37.0-win32-x64\jre\17.0.13-win32-x86_64\bin\msvcp140.dll
0x00007ffb97000000 - 0x00007ffb97c6b000 	c:\Users\athul\.vscode\extensions\redhat.java-1.37.0-win32-x64\jre\17.0.13-win32-x86_64\bin\server\jvm.dll
0x00007ffbe24a0000 - 0x00007ffbe2552000 	C:\windows\System32\ADVAPI32.dll
0x00007ffbe1850000 - 0x00007ffbe18f0000 	C:\windows\System32\sechost.dll
0x00007ffbe1280000 - 0x00007ffbe13a3000 	C:\windows\System32\RPCRT4.dll
0x00007ffbe0390000 - 0x00007ffbe03b7000 	C:\windows\System32\bcrypt.dll
0x00007ffbe2ba0000 - 0x00007ffbe2c0b000 	C:\windows\System32\WS2_32.dll
0x00007ffbd5850000 - 0x00007ffbd5877000 	C:\windows\SYSTEM32\WINMM.dll
0x00007ffbd6190000 - 0x00007ffbd619a000 	C:\windows\SYSTEM32\VERSION.dll
0x00007ffbe01f0000 - 0x00007ffbe023b000 	C:\windows\SYSTEM32\POWRPROF.dll
0x00007ffbe01d0000 - 0x00007ffbe01e2000 	C:\windows\SYSTEM32\UMPDC.dll
0x00007ffbde210000 - 0x00007ffbde222000 	C:\windows\SYSTEM32\kernel.appcore.dll
0x00007ffbdb300000 - 0x00007ffbdb30a000 	c:\Users\athul\.vscode\extensions\redhat.java-1.37.0-win32-x64\jre\17.0.13-win32-x86_64\bin\jimage.dll
0x00007ffbd54d0000 - 0x00007ffbd56b4000 	C:\windows\SYSTEM32\DBGHELP.DLL
0x00007ffbca300000 - 0x00007ffbca334000 	C:\windows\SYSTEM32\dbgcore.DLL
0x00007ffbe0590000 - 0x00007ffbe0612000 	C:\windows\System32\bcryptPrimitives.dll
0x00007ffbd3760000 - 0x00007ffbd376e000 	c:\Users\athul\.vscode\extensions\redhat.java-1.37.0-win32-x64\jre\17.0.13-win32-x86_64\bin\instrument.dll
0x00007ffbd3640000 - 0x00007ffbd3665000 	c:\Users\athul\.vscode\extensions\redhat.java-1.37.0-win32-x64\jre\17.0.13-win32-x86_64\bin\java.dll
0x00007ffbd3620000 - 0x00007ffbd3638000 	c:\Users\athul\.vscode\extensions\redhat.java-1.37.0-win32-x64\jre\17.0.13-win32-x86_64\bin\zip.dll
0x00007ffbe18f0000 - 0x00007ffbe205f000 	C:\windows\System32\SHELL32.dll
0x00007ffbde410000 - 0x00007ffbdebb4000 	C:\windows\SYSTEM32\windows.storage.dll
0x00007ffbe14f0000 - 0x00007ffbe1843000 	C:\windows\System32\combase.dll
0x00007ffbdfcf0000 - 0x00007ffbdfd1e000 	C:\windows\SYSTEM32\Wldp.dll
0x00007ffbe2220000 - 0x00007ffbe22ed000 	C:\windows\System32\OLEAUT32.dll
0x00007ffbe1440000 - 0x00007ffbe14ed000 	C:\windows\System32\SHCORE.dll
0x00007ffbe2c10000 - 0x00007ffbe2c65000 	C:\windows\System32\shlwapi.dll
0x00007ffbe02c0000 - 0x00007ffbe02e4000 	C:\windows\SYSTEM32\profapi.dll
0x00007ffbd2540000 - 0x00007ffbd2559000 	C:\Users\athul\.vscode\extensions\redhat.java-1.37.0-win32-x64\jre\17.0.13-win32-x86_64\bin\net.dll
0x00007ffbd7660000 - 0x00007ffbd776d000 	C:\windows\SYSTEM32\WINHTTP.dll
0x00007ffbdfa50000 - 0x00007ffbdfaba000 	C:\windows\system32\mswsock.dll
0x00007ffbd2500000 - 0x00007ffbd2516000 	C:\Users\athul\.vscode\extensions\redhat.java-1.37.0-win32-x64\jre\17.0.13-win32-x86_64\bin\nio.dll
0x00007ffbd3610000 - 0x00007ffbd3620000 	c:\Users\athul\.vscode\extensions\redhat.java-1.37.0-win32-x64\jre\17.0.13-win32-x86_64\bin\verify.dll
0x00007ffbbc740000 - 0x00007ffbbc785000 	C:\Users\athul\AppData\Roaming\Code\User\globalStorage\redhat.java\1.37.0\config_win\org.eclipse.equinox.launcher\org.eclipse.equinox.launcher.win32.win32.x86_64_1.2.1100.v20240722-2106\eclipse_11904.dll
0x00007ffbe2830000 - 0x00007ffbe295b000 	C:\windows\System32\ole32.dll
0x00007ffbdfc50000 - 0x00007ffbdfc68000 	C:\windows\SYSTEM32\CRYPTSP.dll
0x00007ffbdf370000 - 0x00007ffbdf3a4000 	C:\windows\system32\rsaenh.dll
0x00007ffbe0240000 - 0x00007ffbe026e000 	C:\windows\SYSTEM32\USERENV.dll
0x00007ffbdfc40000 - 0x00007ffbdfc4c000 	C:\windows\SYSTEM32\CRYPTBASE.dll
0x00007ffbdf730000 - 0x00007ffbdf76b000 	C:\windows\SYSTEM32\IPHLPAPI.DLL
0x00007ffbe1430000 - 0x00007ffbe1438000 	C:\windows\System32\NSI.dll
0x00007ffbd81c0000 - 0x00007ffbd81d7000 	C:\windows\SYSTEM32\dhcpcsvc6.DLL
0x00007ffbd8770000 - 0x00007ffbd878d000 	C:\windows\SYSTEM32\dhcpcsvc.DLL
0x00007ffbdf770000 - 0x00007ffbdf83a000 	C:\windows\SYSTEM32\DNSAPI.dll
0x00007ffbb26f0000 - 0x00007ffbb2739000 	C:\Users\athul\AppData\Local\Temp\jna-93140972\jna8531541997888349999.dll
0x00007ffbe2c70000 - 0x00007ffbe2c78000 	C:\windows\System32\PSAPI.DLL

dbghelp: loaded successfully - version: 4.0.5 - missing functions: none
symbol engine: initialized successfully - sym options: 0x614 - pdb path: .;c:\Users\athul\.vscode\extensions\redhat.java-1.37.0-win32-x64\jre\17.0.13-win32-x86_64\bin;C:\windows\SYSTEM32;C:\windows\WinSxS\amd64_microsoft.windows.common-controls_6595b64144ccf1df_6.0.19041.4355_none_60b8b9eb71f62e16;c:\Users\athul\.vscode\extensions\redhat.java-1.37.0-win32-x64\jre\17.0.13-win32-x86_64\bin\server;C:\Users\athul\AppData\Roaming\Code\User\globalStorage\redhat.java\1.37.0\config_win\org.eclipse.equinox.launcher\org.eclipse.equinox.launcher.win32.win32.x86_64_1.2.1100.v20240722-2106;C:\Users\athul\AppData\Local\Temp\jna-93140972

VM Arguments:
jvm_args: --add-modules=ALL-SYSTEM --add-opens=java.base/java.util=ALL-UNNAMED --add-opens=java.base/java.lang=ALL-UNNAMED --add-opens=java.base/sun.nio.fs=ALL-UNNAMED -Declipse.application=org.eclipse.jdt.ls.core.id1 -Dosgi.bundles.defaultStartLevel=4 -Declipse.product=org.eclipse.jdt.ls.core.product -Djava.import.generatesMetadataFilesAtProjectRoot=false -DDetectVMInstallationsJob.disabled=true -Dfile.encoding=utf8 -XX:+UseParallelGC -XX:GCTimeRatio=4 -XX:AdaptiveSizePolicyWeight=90 -Dsun.zip.disableMemoryMapping=true -Xmx1G -Xms100m -Xlog:disable -javaagent:c:\Users\athul\.vscode\extensions\redhat.java-1.37.0-win32-x64\lombok\lombok-1.18.34.jar -XX:+HeapDumpOnOutOfMemoryError -XX:HeapDumpPath=c:\Users\athul\AppData\Roaming\Code\User\workspaceStorage\5c278fb7de574982b3561c3920dec1c7\redhat.java -Daether.dependencyCollector.impl=bf 
java_command: c:\Users\athul\.vscode\extensions\redhat.java-1.37.0-win32-x64\server\plugins\org.eclipse.equinox.launcher_1.6.900.v20240613-2009.jar -configuration c:\Users\athul\AppData\Roaming\Code\User\globalStorage\redhat.java\1.37.0\config_win -data c:\Users\athul\AppData\Roaming\Code\User\workspaceStorage\5c278fb7de574982b3561c3920dec1c7\redhat.java\jdt_ws --pipe=\\.\pipe\lsp-dbfd15c3513830f810eb93f01eb71691-sock
java_class_path (initial): c:\Users\athul\.vscode\extensions\redhat.java-1.37.0-win32-x64\server\plugins\org.eclipse.equinox.launcher_1.6.900.v20240613-2009.jar
Launcher Type: SUN_STANDARD

[Global flags]
    uintx AdaptiveSizePolicyWeight                 = 90                                        {product} {command line}
     intx CICompilerCount                          = 4                                         {product} {ergonomic}
    uintx GCTimeRatio                              = 4                                         {product} {command line}
     bool HeapDumpOnOutOfMemoryError               = true                                   {manageable} {command line}
    ccstr HeapDumpPath                             = c:\Users\athul\AppData\Roaming\Code\User\workspaceStorage\5c278fb7de574982b3561c3920dec1c7\redhat.java         {manageable} {command line}
   size_t InitialHeapSize                          = 104857600                                 {product} {command line}
   size_t MaxHeapSize                              = 1073741824                                {product} {command line}
   size_t MaxNewSize                               = 357564416                                 {product} {ergonomic}
   size_t MinHeapDeltaBytes                        = 524288                                    {product} {ergonomic}
   size_t MinHeapSize                              = 104857600                                 {product} {command line}
   size_t NewSize                                  = 34603008                                  {product} {ergonomic}
    uintx NonNMethodCodeHeapSize                   = 5839372                                {pd product} {ergonomic}
    uintx NonProfiledCodeHeapSize                  = 122909434                              {pd product} {ergonomic}
   size_t OldSize                                  = 70254592                                  {product} {ergonomic}
    uintx ProfiledCodeHeapSize                     = 122909434                              {pd product} {ergonomic}
    uintx ReservedCodeCacheSize                    = 251658240                              {pd product} {ergonomic}
     bool SegmentedCodeCache                       = true                                      {product} {ergonomic}
   size_t SoftMaxHeapSize                          = 1073741824                             {manageable} {ergonomic}
     bool UseCompressedClassPointers               = true                           {product lp64_product} {ergonomic}
     bool UseCompressedOops                        = true                           {product lp64_product} {ergonomic}
     bool UseLargePagesIndividualAllocation        = false                                  {pd product} {ergonomic}
     bool UseParallelGC                            = true                                      {product} {command line}

Logging:
Log output configuration:
 #0: stdout all=off uptime,level,tags
 #1: stderr all=off uptime,level,tags

Environment Variables:
JAVA_HOME=C:\Users\athul\scoop\apps\openjdk11\current
PATH=C:\Users\athul\scoop\apps\openjdk11\current\bin;C:\Program Files\Eclipse Adoptium\jdk-21.0.3.9-hotspot\bin;C:\windows\system32;C:\windows;C:\windows\System32\Wbem;C:\windows\System32\WindowsPowerShell\v1.0\;C:\windows\System32\OpenSSH\;C:\Program Files\HP\HP One Agent;C:\Program Files\Microsoft SQL Server\150\Tools\Binn\;C:\Program Files\Microsoft SQL Server\Client SDK\ODBC\170\Tools\Binn\;C:\Program Files\dotnet\;C:\Android;C:\Windows\System32;C:\Program Files\Git\cmd;C:\Users\athul\scoop\apps\python\current\Scripts;C:\Users\athul\scoop\apps\python\current;C:\Users\athul\scoop\apps\openjdk11\current\bin;C:\Users\athul\scoop\shims;C:\Program Files\Eclipse Adoptium\jdk-21.0.3.9-hotspot\bin;C:\windows\system32;C:\windows;C:\windows\System32\Wbem;C:\windows\System32\WindowsPowerShell\v1.0\;C:\windows\System32\OpenSSH\;C:\Program Files\HP\HP One Agent;C:\Program Files\Microsoft SQL Server\150\Tools\Binn\;C:\Program Files\Microsoft SQL Server\Client SDK\ODBC\170\Tools\Binn\;C:\Program Files\dotnet\;C:\Android;C:\Windows\System32;C:\Users\athul\AppData\Local\Microsoft\WindowsApps;C:\Users\athul\.dotnet\tools;C:\Users\athul\AppData\Local\Programs\Microsoft VS Code\bin;C:\WebDriver\bin;
USERNAME=athul
OS=Windows_NT
PROCESSOR_IDENTIFIER=AMD64 Family 23 Model 24 Stepping 1, AuthenticAMD
TMP=C:\Users\athul\AppData\Local\Temp
TEMP=C:\Users\athul\AppData\Local\Temp



Periodic native trim disabled


---------------  S Y S T E M  ---------------

OS:
 Windows 10 , 64 bit Build 19041 (10.0.19041.4957)
OS uptime: 31 days 2:14 hours

CPU: total 8 (initial active 8) (8 cores per cpu, 2 threads per core) family 23 model 24 stepping 1 microcode 0x0, cx8, cmov, fxsr, ht, mmx, 3dnowpref, sse, sse2, sse3, ssse3, sse4a, sse4.1, sse4.2, popcnt, lzcnt, tsc, tscinvbit, avx, avx2, aes, clmul, bmi1, bmi2, adx, sha, fma, vzeroupper, clflush, clflushopt
Processor Information for all 8 processors :
  Max Mhz: 2100, Current Mhz: 2100, Mhz Limit: 2100

Memory: 4k page, system-wide physical 6060M (28M free)
TotalPageFile size 24492M (AvailPageFile size 4M)
current process WorkingSet (physical memory assigned to process): 297M, peak: 323M
current process commit charge ("private bytes"): 392M, peak: 393M

vm_info: OpenJDK 64-Bit Server VM (17.0.13+11) for windows-amd64 JRE (17.0.13+11), built on Oct 16 2024 00:10:08 by "admin" with MS VC++ 17.7 (VS2022)

END.
