#
# There is insufficient memory for the Java Runtime Environment to continue.
# Native memory allocation (malloc) failed to allocate 602896 bytes for Chunk::new
# Possible reasons:
#   The system is out of physical RAM or swap space
#   The process is running with CompressedOops enabled, and the Java Heap may be blocking the growth of the native heap
# Possible solutions:
#   Reduce memory load on the system
#   Increase physical memory or swap space
#   Check if swap backing store is full
#   Decrease Java heap size (-Xmx/-Xms)
#   Decrease number of Java threads
#   Decrease Java thread stack sizes (-Xss)
#   Set larger code cache with -XX:ReservedCodeCacheSize=
#   JVM is running with Unscaled Compressed Oops mode in which the Java heap is
#     placed in the first 4GB address space. The Java Heap base address is the
#     maximum limit for the native heap growth. Please use -XX:HeapBaseMinAddress
#     to set the Java Heap base and to place the Java Heap above 4GB virtual address.
# This output file may be truncated or incomplete.
#
#  Out of Memory Error (t:/workspace/open/src/hotspot/share/memory/arena.cpp:197), pid=47540, tid=41936
#
# JRE version: OpenJDK Runtime Environment (11.0.2+9) (build 11.0.2+9)
# Java VM: OpenJDK 64-Bit Server VM (11.0.2+9, mixed mode, tiered, compressed oops, g1 gc, windows-amd64)
# No core dump will be written. Minidumps are not enabled by default on client versions of Windows
#

---------------  S U M M A R Y ------------

Command Line: --add-opens=java.base/java.util=ALL-UNNAMED --add-opens=java.base/java.lang=ALL-UNNAMED --add-opens=java.base/java.lang.invoke=ALL-UNNAMED --add-opens=java.base/java.util=ALL-UNNAMED --add-opens=java.prefs/java.util.prefs=ALL-UNNAMED --add-opens=java.prefs/java.util.prefs=ALL-UNNAMED --add-opens=java.base/java.nio.charset=ALL-UNNAMED --add-opens=java.base/java.net=ALL-UNNAMED --add-opens=java.base/java.util.concurrent.atomic=ALL-UNNAMED -XX:MaxMetaspaceSize=256m -XX:+HeapDumpOnOutOfMemoryError -Xms256m -Xmx512m -Dfile.encoding=utf8 -Duser.country=IN -Duser.language=en -Duser.variant org.gradle.launcher.daemon.bootstrap.GradleDaemon 7.5.1

Host: AMD Ryzen 5 3500U with Radeon Vega Mobile Gfx  , 8 cores, 5G,  Windows 10 , 64 bit Build 19041 (10.0.19041.4957)
Time: Sat Dec  7 14:57:13 2024 India Standard Time elapsed time: 27 seconds (0d 0h 0m 27s)

---------------  T H R E A D  ---------------

Current thread (0x0000022efbdac800):  JavaThread "C2 CompilerThread0" daemon [_thread_in_native, id=41936, stack(0x0000009b9aa00000,0x0000009b9ab00000)]


Current CompileTask:
C2:  27000 3999   !   4       java.net.URL::<init> (543 bytes)

Stack: [0x0000009b9aa00000,0x0000009b9ab00000]
Native frames: (J=compiled Java code, j=interpreted, Vv=VM code, C=native code)
V  [jvm.dll+0x63489a]
V  [jvm.dll+0x771f9f]
V  [jvm.dll+0x773648]
V  [jvm.dll+0x773d03]
V  [jvm.dll+0x25eba8]
V  [jvm.dll+0xc2191]
V  [jvm.dll+0xc271c]
V  [jvm.dll+0x36cc02]
V  [jvm.dll+0x339b13]
V  [jvm.dll+0x338eea]
V  [jvm.dll+0x2189c5]
V  [jvm.dll+0x217b6a]
V  [jvm.dll+0x194370]
V  [jvm.dll+0x226b3f]
V  [jvm.dll+0x225148]
V  [jvm.dll+0x73774d]
V  [jvm.dll+0x633942]
C  [ucrtbase.dll+0x21bb2]
C  [KERNEL32.DLL+0x17374]
C  [ntdll.dll+0x4cc91]


---------------  P R O C E S S  ---------------

Threads class SMR info:
_java_thread_list=0x0000022e91246c90, length=35, elements={
0x0000022eef08e000, 0x0000022efb458800, 0x0000022efb459000, 0x0000022efbda8800,
0x0000022efbda9800, 0x0000022efbdac800, 0x0000022efbdae800, 0x0000022efbe19800,
0x0000022efbf29800, 0x0000022efbf22800, 0x0000022efd2aa800, 0x0000022efcba9000,
0x0000022efcf2f800, 0x0000022efceca800, 0x0000022efd49d800, 0x0000022efd1a9000,
0x0000022efd5e3000, 0x0000022efd3a3000, 0x0000022efd339000, 0x0000022efcade800,
0x0000022efcadd000, 0x0000022efcadf800, 0x0000022efcadb800, 0x0000022efcad9800,
0x0000022efcae0000, 0x0000022efcada800, 0x0000022efcadd800, 0x0000022efcadc000,
0x0000022efe6ae000, 0x0000022efe6ae800, 0x0000022efe6ad000, 0x0000022efe6b4800,
0x0000022efe6b2000, 0x0000022efe6b3000, 0x0000022efe6b3800
}

Java Threads: ( => current thread )
  0x0000022eef08e000 JavaThread "main" [_thread_blocked, id=36692, stack(0x0000009b99f00000,0x0000009b9a000000)]
  0x0000022efb458800 JavaThread "Reference Handler" daemon [_thread_blocked, id=47500, stack(0x0000009b9a600000,0x0000009b9a700000)]
  0x0000022efb459000 JavaThread "Finalizer" daemon [_thread_blocked, id=44244, stack(0x0000009b9a700000,0x0000009b9a800000)]
  0x0000022efbda8800 JavaThread "Signal Dispatcher" daemon [_thread_blocked, id=41048, stack(0x0000009b9a800000,0x0000009b9a900000)]
  0x0000022efbda9800 JavaThread "Attach Listener" daemon [_thread_blocked, id=42364, stack(0x0000009b9a900000,0x0000009b9aa00000)]
=>0x0000022efbdac800 JavaThread "C2 CompilerThread0" daemon [_thread_in_native, id=41936, stack(0x0000009b9aa00000,0x0000009b9ab00000)]
  0x0000022efbdae800 JavaThread "C1 CompilerThread0" daemon [_thread_blocked, id=42908, stack(0x0000009b9ab00000,0x0000009b9ac00000)]
  0x0000022efbe19800 JavaThread "Sweeper thread" daemon [_thread_blocked, id=38544, stack(0x0000009b9ac00000,0x0000009b9ad00000)]
  0x0000022efbf29800 JavaThread "Common-Cleaner" daemon [_thread_blocked, id=48056, stack(0x0000009b9ad00000,0x0000009b9ae00000)]
  0x0000022efbf22800 JavaThread "Service Thread" daemon [_thread_blocked, id=47404, stack(0x0000009b9ae00000,0x0000009b9af00000)]
  0x0000022efd2aa800 JavaThread "Daemon health stats" [_thread_blocked, id=44276, stack(0x0000009b9b000000,0x0000009b9b100000)]
  0x0000022efcba9000 JavaThread "Incoming local TCP Connector on port 54884" [_thread_in_native, id=35656, stack(0x0000009b9b600000,0x0000009b9b700000)]
  0x0000022efcf2f800 JavaThread "Daemon periodic checks" [_thread_blocked, id=43660, stack(0x0000009b9b700000,0x0000009b9b800000)]
  0x0000022efceca800 JavaThread "Daemon" [_thread_blocked, id=40040, stack(0x0000009b9b800000,0x0000009b9b900000)]
  0x0000022efd49d800 JavaThread "Handler for socket connection from /127.0.0.1:54884 to /127.0.0.1:54885" [_thread_in_native, id=43292, stack(0x0000009b9b900000,0x0000009b9ba00000)]
  0x0000022efd1a9000 JavaThread "Cancel handler" [_thread_blocked, id=36324, stack(0x0000009b9ba00000,0x0000009b9bb00000)]
  0x0000022efd5e3000 JavaThread "Daemon worker" [_thread_in_vm, id=43352, stack(0x0000009b9bb00000,0x0000009b9bc00000)]
  0x0000022efd3a3000 JavaThread "Asynchronous log dispatcher for DefaultDaemonConnection: socket connection from /127.0.0.1:54884 to /127.0.0.1:54885" [_thread_blocked, id=47020, stack(0x0000009b9bc00000,0x0000009b9bd00000)]
  0x0000022efd339000 JavaThread "Stdin handler" [_thread_blocked, id=44392, stack(0x0000009b9bd00000,0x0000009b9be00000)]
  0x0000022efcade800 JavaThread "Daemon client event forwarder" [_thread_blocked, id=40128, stack(0x0000009b9be00000,0x0000009b9bf00000)]
  0x0000022efcadd000 JavaThread "Cache worker for journal cache (C:\Users\athul\.gradle\caches\journal-1)" [_thread_blocked, id=42028, stack(0x0000009b9bf00000,0x0000009b9c000000)]
  0x0000022efcadf800 JavaThread "File lock request listener" [_thread_in_native, id=40624, stack(0x0000009b9c000000,0x0000009b9c100000)]
  0x0000022efcadb800 JavaThread "Cache worker for file hash cache (C:\Users\athul\.gradle\caches\7.5.1\fileHashes)" [_thread_blocked, id=47328, stack(0x0000009b9c400000,0x0000009b9c500000)]
  0x0000022efcad9800 JavaThread "File watcher server" daemon [_thread_in_native, id=42800, stack(0x0000009b9c500000,0x0000009b9c600000)]
  0x0000022efcae0000 JavaThread "File watcher consumer" daemon [_thread_blocked, id=44092, stack(0x0000009b9c600000,0x0000009b9c700000)]
  0x0000022efcada800 JavaThread "jar transforms" [_thread_blocked, id=47580, stack(0x0000009b9c700000,0x0000009b9c800000)]
  0x0000022efcadd800 JavaThread "jar transforms Thread 2" [_thread_blocked, id=44200, stack(0x0000009b9c800000,0x0000009b9c900000)]
  0x0000022efcadc000 JavaThread "jar transforms Thread 3" [_thread_blocked, id=45716, stack(0x0000009b9c900000,0x0000009b9ca00000)]
  0x0000022efe6ae000 JavaThread "Cache worker for checksums cache (C:\Users\athul\athul-b02-ME_QA_XGOOGLE_FORM\.gradle\7.5.1\checksums)" [_thread_blocked, id=45140, stack(0x0000009b9cb00000,0x0000009b9cc00000)]
  0x0000022efe6ae800 JavaThread "Cache worker for cache directory md-rule (C:\Users\athul\.gradle\caches\7.5.1\md-rule)" [_thread_blocked, id=7052, stack(0x0000009b9ca00000,0x0000009b9cb00000)]
  0x0000022efe6ad000 JavaThread "Cache worker for file content cache (C:\Users\athul\.gradle\caches\7.5.1\fileContent)" [_thread_blocked, id=43924, stack(0x0000009b9cc00000,0x0000009b9cd00000)]
  0x0000022efe6b4800 JavaThread "Cache worker for file hash cache (C:\Users\athul\athul-b02-ME_QA_XGOOGLE_FORM\.gradle\7.5.1\fileHashes)" [_thread_blocked, id=40160, stack(0x0000009b9cd00000,0x0000009b9ce00000)]
  0x0000022efe6b2000 JavaThread "Cache worker for cache directory md-supplier (C:\Users\athul\.gradle\caches\7.5.1\md-supplier)" [_thread_blocked, id=45616, stack(0x0000009b9ce00000,0x0000009b9cf00000)]
  0x0000022efe6b3000 JavaThread "Cache worker for execution history cache (C:\Users\athul\.gradle\caches\7.5.1\executionHistory)" [_thread_blocked, id=28892, stack(0x0000009b9cf00000,0x0000009b9d000000)]
  0x0000022efe6b3800 JavaThread "jar transforms Thread 4" [_thread_blocked, id=20920, stack(0x0000009b9d200000,0x0000009b9d300000)]

Other Threads:
  0x0000022efb41f000 VMThread "VM Thread" [stack: 0x0000009b9a500000,0x0000009b9a600000] [id=43212]
  0x0000022efbf23000 WatcherThread [stack: 0x0000009b9af00000,0x0000009b9b000000] [id=42400]
  0x0000022eef0a4800 GCTaskThread "GC Thread#0" [stack: 0x0000009b9a000000,0x0000009b9a100000] [id=31028]
  0x0000022efcf30000 GCTaskThread "GC Thread#1" [stack: 0x0000009b9b100000,0x0000009b9b200000] [id=43728]
  0x0000022efc994800 GCTaskThread "GC Thread#2" [stack: 0x0000009b9b200000,0x0000009b9b300000] [id=14112]
  0x0000022efd04d000 GCTaskThread "GC Thread#3" [stack: 0x0000009b9b300000,0x0000009b9b400000] [id=36728]
  0x0000022efcaf7800 GCTaskThread "GC Thread#4" [stack: 0x0000009b9b400000,0x0000009b9b500000] [id=46624]
  0x0000022efc358000 GCTaskThread "GC Thread#5" [stack: 0x0000009b9b500000,0x0000009b9b600000] [id=40644]
  0x0000022efc388800 GCTaskThread "GC Thread#6" [stack: 0x0000009b9c100000,0x0000009b9c200000] [id=18104]
  0x0000022efd57a000 GCTaskThread "GC Thread#7" [stack: 0x0000009b9c200000,0x0000009b9c300000] [id=39304]
  0x0000022eef0b4000 ConcurrentGCThread "G1 Main Marker" [stack: 0x0000009b9a100000,0x0000009b9a200000] [id=12576]
  0x0000022eef0b6000 ConcurrentGCThread "G1 Conc#0" [stack: 0x0000009b9a200000,0x0000009b9a300000] [id=43492]
  0x0000022efd652000 ConcurrentGCThread "G1 Conc#1" [stack: 0x0000009b9c300000,0x0000009b9c400000] [id=40636]
  0x0000022eef15e000 ConcurrentGCThread "G1 Refine#0" [stack: 0x0000009b9a300000,0x0000009b9a400000] [id=38296]
  0x0000022efb2ba800 ConcurrentGCThread "G1 Young RemSet Sampling" [stack: 0x0000009b9a400000,0x0000009b9a500000] [id=47164]

Threads with active compile tasks:
C2 CompilerThread03999   !   4       java.net.URL::<init> (543 bytes)

VM state:not at safepoint (normal execution)

VM Mutex/Monitor currently owned by a thread: None

Heap address: 0x00000000e0000000, size: 512 MB, Compressed Oops mode: 32-bit
Narrow klass base: 0x0000000000000000, Narrow klass shift: 3
Compressed class space size: 260046848 Address: 0x0000000100000000

Heap:
 garbage-first heap   total 262144K, used 98640K [0x00000000e0000000, 0x0000000100000000)
  region size 1024K, 81 young (82944K), 7 survivors (7168K)
 Metaspace       used 42547K, capacity 43746K, committed 43904K, reserved 296960K
  class space    used 5611K, capacity 6011K, committed 6016K, reserved 253952K
Heap Regions: E=young(eden), S=young(survivor), O=old, HS=humongous(starts), HC=humongous(continues), CS=collection set, F=free, A=archive, TAMS=top-at-mark-start (previous, next)
|   0|0x00000000e0000000, 0x00000000e0100000, 0x00000000e0100000|100%| O|  |TAMS 0x00000000e0100000, 0x00000000e0000000| Untracked 
|   1|0x00000000e0100000, 0x00000000e0200000, 0x00000000e0200000|100%| O|  |TAMS 0x00000000e0200000, 0x00000000e0100000| Untracked 
|   2|0x00000000e0200000, 0x00000000e0300000, 0x00000000e0300000|100%| O|  |TAMS 0x00000000e0300000, 0x00000000e0200000| Untracked 
|   3|0x00000000e0300000, 0x00000000e0400000, 0x00000000e0400000|100%|HS|  |TAMS 0x00000000e0400000, 0x00000000e0300000| Complete 
|   4|0x00000000e0400000, 0x00000000e0500000, 0x00000000e0500000|100%|HC|  |TAMS 0x00000000e0500000, 0x00000000e0400000| Complete 
|   5|0x00000000e0500000, 0x00000000e0600000, 0x00000000e0600000|100%|HC|  |TAMS 0x00000000e0600000, 0x00000000e0500000| Complete 
|   6|0x00000000e0600000, 0x00000000e0700000, 0x00000000e0700000|100%| O|  |TAMS 0x00000000e0700000, 0x00000000e0600000| Untracked 
|   7|0x00000000e0700000, 0x00000000e0800000, 0x00000000e0800000|100%| O|  |TAMS 0x00000000e0800000, 0x00000000e0700000| Untracked 
|   8|0x00000000e0800000, 0x00000000e0900000, 0x00000000e0900000|100%| O|  |TAMS 0x00000000e0900000, 0x00000000e0800000| Untracked 
|   9|0x00000000e0900000, 0x00000000e0a00000, 0x00000000e0a00000|100%| O|  |TAMS 0x00000000e0a00000, 0x00000000e0900000| Untracked 
|  10|0x00000000e0a00000, 0x00000000e0b00000, 0x00000000e0b00000|100%| O|  |TAMS 0x00000000e0b00000, 0x00000000e0a00000| Untracked 
|  11|0x00000000e0b00000, 0x00000000e0c00000, 0x00000000e0c00000|100%| O|  |TAMS 0x00000000e0c00000, 0x00000000e0b00000| Untracked 
|  12|0x00000000e0c00000, 0x00000000e0d00000, 0x00000000e0d00000|100%| O|  |TAMS 0x00000000e0d00000, 0x00000000e0c00000| Untracked 
|  13|0x00000000e0d00000, 0x00000000e0e00000, 0x00000000e0e00000|100%| O|  |TAMS 0x00000000e0e00000, 0x00000000e0d00000| Untracked 
|  14|0x00000000e0e00000, 0x00000000e0f00000, 0x00000000e0f00000|100%| O|  |TAMS 0x00000000e0f00000, 0x00000000e0e00000| Untracked 
|  15|0x00000000e0f00000, 0x00000000e1000000, 0x00000000e1000000|100%| O|  |TAMS 0x00000000e1000000, 0x00000000e0f00000| Untracked 
|  16|0x00000000e1000000, 0x00000000e10a9a00, 0x00000000e1100000| 66%| O|  |TAMS 0x00000000e10a9a00, 0x00000000e1000000| Untracked 
|  17|0x00000000e1100000, 0x00000000e1100000, 0x00000000e1200000|  0%| F|  |TAMS 0x00000000e1100000, 0x00000000e1100000| Untracked 
|  18|0x00000000e1200000, 0x00000000e1200000, 0x00000000e1300000|  0%| F|  |TAMS 0x00000000e1200000, 0x00000000e1200000| Untracked 
|  19|0x00000000e1300000, 0x00000000e1300000, 0x00000000e1400000|  0%| F|  |TAMS 0x00000000e1300000, 0x00000000e1300000| Untracked 
|  20|0x00000000e1400000, 0x00000000e1400000, 0x00000000e1500000|  0%| F|  |TAMS 0x00000000e1400000, 0x00000000e1400000| Untracked 
|  21|0x00000000e1500000, 0x00000000e1500000, 0x00000000e1600000|  0%| F|  |TAMS 0x00000000e1500000, 0x00000000e1500000| Untracked 
|  22|0x00000000e1600000, 0x00000000e1600000, 0x00000000e1700000|  0%| F|  |TAMS 0x00000000e1600000, 0x00000000e1600000| Untracked 
|  23|0x00000000e1700000, 0x00000000e1700000, 0x00000000e1800000|  0%| F|  |TAMS 0x00000000e1700000, 0x00000000e1700000| Untracked 
|  24|0x00000000e1800000, 0x00000000e1800000, 0x00000000e1900000|  0%| F|  |TAMS 0x00000000e1800000, 0x00000000e1800000| Untracked 
|  25|0x00000000e1900000, 0x00000000e1900000, 0x00000000e1a00000|  0%| F|  |TAMS 0x00000000e1900000, 0x00000000e1900000| Untracked 
|  26|0x00000000e1a00000, 0x00000000e1a00000, 0x00000000e1b00000|  0%| F|  |TAMS 0x00000000e1a00000, 0x00000000e1a00000| Untracked 
|  27|0x00000000e1b00000, 0x00000000e1b00000, 0x00000000e1c00000|  0%| F|  |TAMS 0x00000000e1b00000, 0x00000000e1b00000| Untracked 
|  28|0x00000000e1c00000, 0x00000000e1c00000, 0x00000000e1d00000|  0%| F|  |TAMS 0x00000000e1c00000, 0x00000000e1c00000| Untracked 
|  29|0x00000000e1d00000, 0x00000000e1d00000, 0x00000000e1e00000|  0%| F|  |TAMS 0x00000000e1d00000, 0x00000000e1d00000| Untracked 
|  30|0x00000000e1e00000, 0x00000000e1e00000, 0x00000000e1f00000|  0%| F|  |TAMS 0x00000000e1e00000, 0x00000000e1e00000| Untracked 
|  31|0x00000000e1f00000, 0x00000000e1f00000, 0x00000000e2000000|  0%| F|  |TAMS 0x00000000e1f00000, 0x00000000e1f00000| Untracked 
|  32|0x00000000e2000000, 0x00000000e2000000, 0x00000000e2100000|  0%| F|  |TAMS 0x00000000e2000000, 0x00000000e2000000| Untracked 
|  33|0x00000000e2100000, 0x00000000e2100000, 0x00000000e2200000|  0%| F|  |TAMS 0x00000000e2100000, 0x00000000e2100000| Untracked 
|  34|0x00000000e2200000, 0x00000000e2200000, 0x00000000e2300000|  0%| F|  |TAMS 0x00000000e2200000, 0x00000000e2200000| Untracked 
|  35|0x00000000e2300000, 0x00000000e2300000, 0x00000000e2400000|  0%| F|  |TAMS 0x00000000e2300000, 0x00000000e2300000| Untracked 
|  36|0x00000000e2400000, 0x00000000e2400000, 0x00000000e2500000|  0%| F|  |TAMS 0x00000000e2400000, 0x00000000e2400000| Untracked 
|  37|0x00000000e2500000, 0x00000000e2500000, 0x00000000e2600000|  0%| F|  |TAMS 0x00000000e2500000, 0x00000000e2500000| Untracked 
|  38|0x00000000e2600000, 0x00000000e2600000, 0x00000000e2700000|  0%| F|  |TAMS 0x00000000e2600000, 0x00000000e2600000| Untracked 
|  39|0x00000000e2700000, 0x00000000e2700000, 0x00000000e2800000|  0%| F|  |TAMS 0x00000000e2700000, 0x00000000e2700000| Untracked 
|  40|0x00000000e2800000, 0x00000000e2800000, 0x00000000e2900000|  0%| F|  |TAMS 0x00000000e2800000, 0x00000000e2800000| Untracked 
|  41|0x00000000e2900000, 0x00000000e2900000, 0x00000000e2a00000|  0%| F|  |TAMS 0x00000000e2900000, 0x00000000e2900000| Untracked 
|  42|0x00000000e2a00000, 0x00000000e2a00000, 0x00000000e2b00000|  0%| F|  |TAMS 0x00000000e2a00000, 0x00000000e2a00000| Untracked 
|  43|0x00000000e2b00000, 0x00000000e2b00000, 0x00000000e2c00000|  0%| F|  |TAMS 0x00000000e2b00000, 0x00000000e2b00000| Untracked 
|  44|0x00000000e2c00000, 0x00000000e2c00000, 0x00000000e2d00000|  0%| F|  |TAMS 0x00000000e2c00000, 0x00000000e2c00000| Untracked 
|  45|0x00000000e2d00000, 0x00000000e2d00000, 0x00000000e2e00000|  0%| F|  |TAMS 0x00000000e2d00000, 0x00000000e2d00000| Untracked 
|  46|0x00000000e2e00000, 0x00000000e2e00000, 0x00000000e2f00000|  0%| F|  |TAMS 0x00000000e2e00000, 0x00000000e2e00000| Untracked 
|  47|0x00000000e2f00000, 0x00000000e2f00000, 0x00000000e3000000|  0%| F|  |TAMS 0x00000000e2f00000, 0x00000000e2f00000| Untracked 
|  48|0x00000000e3000000, 0x00000000e3000000, 0x00000000e3100000|  0%| F|  |TAMS 0x00000000e3000000, 0x00000000e3000000| Untracked 
|  49|0x00000000e3100000, 0x00000000e3100000, 0x00000000e3200000|  0%| F|  |TAMS 0x00000000e3100000, 0x00000000e3100000| Untracked 
|  50|0x00000000e3200000, 0x00000000e3200000, 0x00000000e3300000|  0%| F|  |TAMS 0x00000000e3200000, 0x00000000e3200000| Untracked 
|  51|0x00000000e3300000, 0x00000000e3300000, 0x00000000e3400000|  0%| F|  |TAMS 0x00000000e3300000, 0x00000000e3300000| Untracked 
|  52|0x00000000e3400000, 0x00000000e3400000, 0x00000000e3500000|  0%| F|  |TAMS 0x00000000e3400000, 0x00000000e3400000| Untracked 
|  53|0x00000000e3500000, 0x00000000e3500000, 0x00000000e3600000|  0%| F|  |TAMS 0x00000000e3500000, 0x00000000e3500000| Untracked 
|  54|0x00000000e3600000, 0x00000000e3600000, 0x00000000e3700000|  0%| F|  |TAMS 0x00000000e3600000, 0x00000000e3600000| Untracked 
|  55|0x00000000e3700000, 0x00000000e3700000, 0x00000000e3800000|  0%| F|  |TAMS 0x00000000e3700000, 0x00000000e3700000| Untracked 
|  56|0x00000000e3800000, 0x00000000e3800000, 0x00000000e3900000|  0%| F|  |TAMS 0x00000000e3800000, 0x00000000e3800000| Untracked 
|  57|0x00000000e3900000, 0x00000000e3900000, 0x00000000e3a00000|  0%| F|  |TAMS 0x00000000e3900000, 0x00000000e3900000| Untracked 
|  58|0x00000000e3a00000, 0x00000000e3a00000, 0x00000000e3b00000|  0%| F|  |TAMS 0x00000000e3a00000, 0x00000000e3a00000| Untracked 
|  59|0x00000000e3b00000, 0x00000000e3b00000, 0x00000000e3c00000|  0%| F|  |TAMS 0x00000000e3b00000, 0x00000000e3b00000| Untracked 
|  60|0x00000000e3c00000, 0x00000000e3c00000, 0x00000000e3d00000|  0%| F|  |TAMS 0x00000000e3c00000, 0x00000000e3c00000| Untracked 
|  61|0x00000000e3d00000, 0x00000000e3d00000, 0x00000000e3e00000|  0%| F|  |TAMS 0x00000000e3d00000, 0x00000000e3d00000| Untracked 
|  62|0x00000000e3e00000, 0x00000000e3e00000, 0x00000000e3f00000|  0%| F|  |TAMS 0x00000000e3e00000, 0x00000000e3e00000| Untracked 
|  63|0x00000000e3f00000, 0x00000000e3f00000, 0x00000000e4000000|  0%| F|  |TAMS 0x00000000e3f00000, 0x00000000e3f00000| Untracked 
|  64|0x00000000e4000000, 0x00000000e4000000, 0x00000000e4100000|  0%| F|  |TAMS 0x00000000e4000000, 0x00000000e4000000| Untracked 
|  65|0x00000000e4100000, 0x00000000e4100000, 0x00000000e4200000|  0%| F|  |TAMS 0x00000000e4100000, 0x00000000e4100000| Untracked 
|  66|0x00000000e4200000, 0x00000000e4200000, 0x00000000e4300000|  0%| F|  |TAMS 0x00000000e4200000, 0x00000000e4200000| Untracked 
|  67|0x00000000e4300000, 0x00000000e4300000, 0x00000000e4400000|  0%| F|  |TAMS 0x00000000e4300000, 0x00000000e4300000| Untracked 
|  68|0x00000000e4400000, 0x00000000e4400000, 0x00000000e4500000|  0%| F|  |TAMS 0x00000000e4400000, 0x00000000e4400000| Untracked 
|  69|0x00000000e4500000, 0x00000000e4500000, 0x00000000e4600000|  0%| F|  |TAMS 0x00000000e4500000, 0x00000000e4500000| Untracked 
|  70|0x00000000e4600000, 0x00000000e4600000, 0x00000000e4700000|  0%| F|  |TAMS 0x00000000e4600000, 0x00000000e4600000| Untracked 
|  71|0x00000000e4700000, 0x00000000e4700000, 0x00000000e4800000|  0%| F|  |TAMS 0x00000000e4700000, 0x00000000e4700000| Untracked 
|  72|0x00000000e4800000, 0x00000000e4800000, 0x00000000e4900000|  0%| F|  |TAMS 0x00000000e4800000, 0x00000000e4800000| Untracked 
|  73|0x00000000e4900000, 0x00000000e4900000, 0x00000000e4a00000|  0%| F|  |TAMS 0x00000000e4900000, 0x00000000e4900000| Untracked 
|  74|0x00000000e4a00000, 0x00000000e4a00000, 0x00000000e4b00000|  0%| F|  |TAMS 0x00000000e4a00000, 0x00000000e4a00000| Untracked 
|  75|0x00000000e4b00000, 0x00000000e4b00000, 0x00000000e4c00000|  0%| F|  |TAMS 0x00000000e4b00000, 0x00000000e4b00000| Untracked 
|  76|0x00000000e4c00000, 0x00000000e4c00000, 0x00000000e4d00000|  0%| F|  |TAMS 0x00000000e4c00000, 0x00000000e4c00000| Untracked 
|  77|0x00000000e4d00000, 0x00000000e4d00000, 0x00000000e4e00000|  0%| F|  |TAMS 0x00000000e4d00000, 0x00000000e4d00000| Untracked 
|  78|0x00000000e4e00000, 0x00000000e4e00000, 0x00000000e4f00000|  0%| F|  |TAMS 0x00000000e4e00000, 0x00000000e4e00000| Untracked 
|  79|0x00000000e4f00000, 0x00000000e4f00000, 0x00000000e5000000|  0%| F|  |TAMS 0x00000000e4f00000, 0x00000000e4f00000| Untracked 
|  80|0x00000000e5000000, 0x00000000e5000000, 0x00000000e5100000|  0%| F|  |TAMS 0x00000000e5000000, 0x00000000e5000000| Untracked 
|  81|0x00000000e5100000, 0x00000000e5100000, 0x00000000e5200000|  0%| F|  |TAMS 0x00000000e5100000, 0x00000000e5100000| Untracked 
|  82|0x00000000e5200000, 0x00000000e5200000, 0x00000000e5300000|  0%| F|  |TAMS 0x00000000e5200000, 0x00000000e5200000| Untracked 
|  83|0x00000000e5300000, 0x00000000e5300000, 0x00000000e5400000|  0%| F|  |TAMS 0x00000000e5300000, 0x00000000e5300000| Untracked 
|  84|0x00000000e5400000, 0x00000000e5400000, 0x00000000e5500000|  0%| F|  |TAMS 0x00000000e5400000, 0x00000000e5400000| Untracked 
|  85|0x00000000e5500000, 0x00000000e5500000, 0x00000000e5600000|  0%| F|  |TAMS 0x00000000e5500000, 0x00000000e5500000| Untracked 
|  86|0x00000000e5600000, 0x00000000e5600000, 0x00000000e5700000|  0%| F|  |TAMS 0x00000000e5600000, 0x00000000e5600000| Untracked 
|  87|0x00000000e5700000, 0x00000000e5700000, 0x00000000e5800000|  0%| F|  |TAMS 0x00000000e5700000, 0x00000000e5700000| Untracked 
|  88|0x00000000e5800000, 0x00000000e5800000, 0x00000000e5900000|  0%| F|  |TAMS 0x00000000e5800000, 0x00000000e5800000| Untracked 
|  89|0x00000000e5900000, 0x00000000e5900000, 0x00000000e5a00000|  0%| F|  |TAMS 0x00000000e5900000, 0x00000000e5900000| Untracked 
|  90|0x00000000e5a00000, 0x00000000e5a00000, 0x00000000e5b00000|  0%| F|  |TAMS 0x00000000e5a00000, 0x00000000e5a00000| Untracked 
|  91|0x00000000e5b00000, 0x00000000e5b00000, 0x00000000e5c00000|  0%| F|  |TAMS 0x00000000e5b00000, 0x00000000e5b00000| Untracked 
|  92|0x00000000e5c00000, 0x00000000e5c00000, 0x00000000e5d00000|  0%| F|  |TAMS 0x00000000e5c00000, 0x00000000e5c00000| Untracked 
|  93|0x00000000e5d00000, 0x00000000e5d00000, 0x00000000e5e00000|  0%| F|  |TAMS 0x00000000e5d00000, 0x00000000e5d00000| Untracked 
|  94|0x00000000e5e00000, 0x00000000e5e00000, 0x00000000e5f00000|  0%| F|  |TAMS 0x00000000e5e00000, 0x00000000e5e00000| Untracked 
|  95|0x00000000e5f00000, 0x00000000e5f00000, 0x00000000e6000000|  0%| F|  |TAMS 0x00000000e5f00000, 0x00000000e5f00000| Untracked 
|  96|0x00000000e6000000, 0x00000000e6000000, 0x00000000e6100000|  0%| F|  |TAMS 0x00000000e6000000, 0x00000000e6000000| Untracked 
|  97|0x00000000e6100000, 0x00000000e6100000, 0x00000000e6200000|  0%| F|  |TAMS 0x00000000e6100000, 0x00000000e6100000| Untracked 
|  98|0x00000000e6200000, 0x00000000e6200000, 0x00000000e6300000|  0%| F|  |TAMS 0x00000000e6200000, 0x00000000e6200000| Untracked 
|  99|0x00000000e6300000, 0x00000000e6300000, 0x00000000e6400000|  0%| F|  |TAMS 0x00000000e6300000, 0x00000000e6300000| Untracked 
| 100|0x00000000e6400000, 0x00000000e6400000, 0x00000000e6500000|  0%| F|  |TAMS 0x00000000e6400000, 0x00000000e6400000| Untracked 
| 101|0x00000000e6500000, 0x00000000e6500000, 0x00000000e6600000|  0%| F|  |TAMS 0x00000000e6500000, 0x00000000e6500000| Untracked 
| 102|0x00000000e6600000, 0x00000000e6600000, 0x00000000e6700000|  0%| F|  |TAMS 0x00000000e6600000, 0x00000000e6600000| Untracked 
| 103|0x00000000e6700000, 0x00000000e6700000, 0x00000000e6800000|  0%| F|  |TAMS 0x00000000e6700000, 0x00000000e6700000| Untracked 
| 104|0x00000000e6800000, 0x00000000e6800000, 0x00000000e6900000|  0%| F|  |TAMS 0x00000000e6800000, 0x00000000e6800000| Untracked 
| 105|0x00000000e6900000, 0x00000000e6900000, 0x00000000e6a00000|  0%| F|  |TAMS 0x00000000e6900000, 0x00000000e6900000| Untracked 
| 106|0x00000000e6a00000, 0x00000000e6a00000, 0x00000000e6b00000|  0%| F|  |TAMS 0x00000000e6a00000, 0x00000000e6a00000| Untracked 
| 107|0x00000000e6b00000, 0x00000000e6b00000, 0x00000000e6c00000|  0%| F|  |TAMS 0x00000000e6b00000, 0x00000000e6b00000| Untracked 
| 108|0x00000000e6c00000, 0x00000000e6c00000, 0x00000000e6d00000|  0%| F|  |TAMS 0x00000000e6c00000, 0x00000000e6c00000| Untracked 
| 109|0x00000000e6d00000, 0x00000000e6d00000, 0x00000000e6e00000|  0%| F|  |TAMS 0x00000000e6d00000, 0x00000000e6d00000| Untracked 
| 110|0x00000000e6e00000, 0x00000000e6e00000, 0x00000000e6f00000|  0%| F|  |TAMS 0x00000000e6e00000, 0x00000000e6e00000| Untracked 
| 111|0x00000000e6f00000, 0x00000000e6f00000, 0x00000000e7000000|  0%| F|  |TAMS 0x00000000e6f00000, 0x00000000e6f00000| Untracked 
| 112|0x00000000e7000000, 0x00000000e7000000, 0x00000000e7100000|  0%| F|  |TAMS 0x00000000e7000000, 0x00000000e7000000| Untracked 
| 113|0x00000000e7100000, 0x00000000e7100000, 0x00000000e7200000|  0%| F|  |TAMS 0x00000000e7100000, 0x00000000e7100000| Untracked 
| 114|0x00000000e7200000, 0x00000000e7200000, 0x00000000e7300000|  0%| F|  |TAMS 0x00000000e7200000, 0x00000000e7200000| Untracked 
| 115|0x00000000e7300000, 0x00000000e7300000, 0x00000000e7400000|  0%| F|  |TAMS 0x00000000e7300000, 0x00000000e7300000| Untracked 
| 116|0x00000000e7400000, 0x00000000e7400000, 0x00000000e7500000|  0%| F|  |TAMS 0x00000000e7400000, 0x00000000e7400000| Untracked 
| 117|0x00000000e7500000, 0x00000000e7500000, 0x00000000e7600000|  0%| F|  |TAMS 0x00000000e7500000, 0x00000000e7500000| Untracked 
| 118|0x00000000e7600000, 0x00000000e7600000, 0x00000000e7700000|  0%| F|  |TAMS 0x00000000e7600000, 0x00000000e7600000| Untracked 
| 119|0x00000000e7700000, 0x00000000e7700000, 0x00000000e7800000|  0%| F|  |TAMS 0x00000000e7700000, 0x00000000e7700000| Untracked 
| 120|0x00000000e7800000, 0x00000000e7800000, 0x00000000e7900000|  0%| F|  |TAMS 0x00000000e7800000, 0x00000000e7800000| Untracked 
| 121|0x00000000e7900000, 0x00000000e7900000, 0x00000000e7a00000|  0%| F|  |TAMS 0x00000000e7900000, 0x00000000e7900000| Untracked 
| 122|0x00000000e7a00000, 0x00000000e7a00000, 0x00000000e7b00000|  0%| F|  |TAMS 0x00000000e7a00000, 0x00000000e7a00000| Untracked 
| 123|0x00000000e7b00000, 0x00000000e7b00000, 0x00000000e7c00000|  0%| F|  |TAMS 0x00000000e7b00000, 0x00000000e7b00000| Untracked 
| 124|0x00000000e7c00000, 0x00000000e7c00000, 0x00000000e7d00000|  0%| F|  |TAMS 0x00000000e7c00000, 0x00000000e7c00000| Untracked 
| 125|0x00000000e7d00000, 0x00000000e7d00000, 0x00000000e7e00000|  0%| F|  |TAMS 0x00000000e7d00000, 0x00000000e7d00000| Untracked 
| 126|0x00000000e7e00000, 0x00000000e7e00000, 0x00000000e7f00000|  0%| F|  |TAMS 0x00000000e7e00000, 0x00000000e7e00000| Untracked 
| 127|0x00000000e7f00000, 0x00000000e7f00000, 0x00000000e8000000|  0%| F|  |TAMS 0x00000000e7f00000, 0x00000000e7f00000| Untracked 
| 128|0x00000000e8000000, 0x00000000e8000000, 0x00000000e8100000|  0%| F|  |TAMS 0x00000000e8000000, 0x00000000e8000000| Untracked 
| 129|0x00000000e8100000, 0x00000000e8100000, 0x00000000e8200000|  0%| F|  |TAMS 0x00000000e8100000, 0x00000000e8100000| Untracked 
| 130|0x00000000e8200000, 0x00000000e8200000, 0x00000000e8300000|  0%| F|  |TAMS 0x00000000e8200000, 0x00000000e8200000| Untracked 
| 131|0x00000000e8300000, 0x00000000e8300000, 0x00000000e8400000|  0%| F|  |TAMS 0x00000000e8300000, 0x00000000e8300000| Untracked 
| 132|0x00000000e8400000, 0x00000000e8400000, 0x00000000e8500000|  0%| F|  |TAMS 0x00000000e8400000, 0x00000000e8400000| Untracked 
| 133|0x00000000e8500000, 0x00000000e8500000, 0x00000000e8600000|  0%| F|  |TAMS 0x00000000e8500000, 0x00000000e8500000| Untracked 
| 134|0x00000000e8600000, 0x00000000e8600000, 0x00000000e8700000|  0%| F|  |TAMS 0x00000000e8600000, 0x00000000e8600000| Untracked 
| 135|0x00000000e8700000, 0x00000000e8700000, 0x00000000e8800000|  0%| F|  |TAMS 0x00000000e8700000, 0x00000000e8700000| Untracked 
| 136|0x00000000e8800000, 0x00000000e8800000, 0x00000000e8900000|  0%| F|  |TAMS 0x00000000e8800000, 0x00000000e8800000| Untracked 
| 137|0x00000000e8900000, 0x00000000e8900000, 0x00000000e8a00000|  0%| F|  |TAMS 0x00000000e8900000, 0x00000000e8900000| Untracked 
| 138|0x00000000e8a00000, 0x00000000e8a00000, 0x00000000e8b00000|  0%| F|  |TAMS 0x00000000e8a00000, 0x00000000e8a00000| Untracked 
| 139|0x00000000e8b00000, 0x00000000e8b00000, 0x00000000e8c00000|  0%| F|  |TAMS 0x00000000e8b00000, 0x00000000e8b00000| Untracked 
| 140|0x00000000e8c00000, 0x00000000e8c00000, 0x00000000e8d00000|  0%| F|  |TAMS 0x00000000e8c00000, 0x00000000e8c00000| Untracked 
| 141|0x00000000e8d00000, 0x00000000e8d00000, 0x00000000e8e00000|  0%| F|  |TAMS 0x00000000e8d00000, 0x00000000e8d00000| Untracked 
| 142|0x00000000e8e00000, 0x00000000e8e00000, 0x00000000e8f00000|  0%| F|  |TAMS 0x00000000e8e00000, 0x00000000e8e00000| Untracked 
| 143|0x00000000e8f00000, 0x00000000e8f00000, 0x00000000e9000000|  0%| F|  |TAMS 0x00000000e8f00000, 0x00000000e8f00000| Untracked 
| 144|0x00000000e9000000, 0x00000000e9000000, 0x00000000e9100000|  0%| F|  |TAMS 0x00000000e9000000, 0x00000000e9000000| Untracked 
| 145|0x00000000e9100000, 0x00000000e9100000, 0x00000000e9200000|  0%| F|  |TAMS 0x00000000e9100000, 0x00000000e9100000| Untracked 
| 146|0x00000000e9200000, 0x00000000e9200000, 0x00000000e9300000|  0%| F|  |TAMS 0x00000000e9200000, 0x00000000e9200000| Untracked 
| 147|0x00000000e9300000, 0x00000000e9300000, 0x00000000e9400000|  0%| F|  |TAMS 0x00000000e9300000, 0x00000000e9300000| Untracked 
| 148|0x00000000e9400000, 0x00000000e9400000, 0x00000000e9500000|  0%| F|  |TAMS 0x00000000e9400000, 0x00000000e9400000| Untracked 
| 149|0x00000000e9500000, 0x00000000e9500000, 0x00000000e9600000|  0%| F|  |TAMS 0x00000000e9500000, 0x00000000e9500000| Untracked 
| 150|0x00000000e9600000, 0x00000000e9600000, 0x00000000e9700000|  0%| F|  |TAMS 0x00000000e9600000, 0x00000000e9600000| Untracked 
| 151|0x00000000e9700000, 0x00000000e9700000, 0x00000000e9800000|  0%| F|  |TAMS 0x00000000e9700000, 0x00000000e9700000| Untracked 
| 152|0x00000000e9800000, 0x00000000e9800000, 0x00000000e9900000|  0%| F|  |TAMS 0x00000000e9800000, 0x00000000e9800000| Untracked 
| 153|0x00000000e9900000, 0x00000000e9900000, 0x00000000e9a00000|  0%| F|  |TAMS 0x00000000e9900000, 0x00000000e9900000| Untracked 
| 154|0x00000000e9a00000, 0x00000000e9a00000, 0x00000000e9b00000|  0%| F|  |TAMS 0x00000000e9a00000, 0x00000000e9a00000| Untracked 
| 155|0x00000000e9b00000, 0x00000000e9b00000, 0x00000000e9c00000|  0%| F|  |TAMS 0x00000000e9b00000, 0x00000000e9b00000| Untracked 
| 156|0x00000000e9c00000, 0x00000000e9c00000, 0x00000000e9d00000|  0%| F|  |TAMS 0x00000000e9c00000, 0x00000000e9c00000| Untracked 
| 157|0x00000000e9d00000, 0x00000000e9d00000, 0x00000000e9e00000|  0%| F|  |TAMS 0x00000000e9d00000, 0x00000000e9d00000| Untracked 
| 158|0x00000000e9e00000, 0x00000000e9e00000, 0x00000000e9f00000|  0%| F|  |TAMS 0x00000000e9e00000, 0x00000000e9e00000| Untracked 
| 159|0x00000000e9f00000, 0x00000000e9f00000, 0x00000000ea000000|  0%| F|  |TAMS 0x00000000e9f00000, 0x00000000e9f00000| Untracked 
| 160|0x00000000ea000000, 0x00000000ea000000, 0x00000000ea100000|  0%| F|  |TAMS 0x00000000ea000000, 0x00000000ea000000| Untracked 
| 161|0x00000000ea100000, 0x00000000ea100000, 0x00000000ea200000|  0%| F|  |TAMS 0x00000000ea100000, 0x00000000ea100000| Untracked 
| 162|0x00000000ea200000, 0x00000000ea200000, 0x00000000ea300000|  0%| F|  |TAMS 0x00000000ea200000, 0x00000000ea200000| Untracked 
| 163|0x00000000ea300000, 0x00000000ea300000, 0x00000000ea400000|  0%| F|  |TAMS 0x00000000ea300000, 0x00000000ea300000| Untracked 
| 164|0x00000000ea400000, 0x00000000ea400000, 0x00000000ea500000|  0%| F|  |TAMS 0x00000000ea400000, 0x00000000ea400000| Untracked 
| 165|0x00000000ea500000, 0x00000000ea500000, 0x00000000ea600000|  0%| F|  |TAMS 0x00000000ea500000, 0x00000000ea500000| Untracked 
| 166|0x00000000ea600000, 0x00000000ea600000, 0x00000000ea700000|  0%| F|  |TAMS 0x00000000ea600000, 0x00000000ea600000| Untracked 
| 167|0x00000000ea700000, 0x00000000ea700000, 0x00000000ea800000|  0%| F|  |TAMS 0x00000000ea700000, 0x00000000ea700000| Untracked 
| 168|0x00000000ea800000, 0x00000000ea800000, 0x00000000ea900000|  0%| F|  |TAMS 0x00000000ea800000, 0x00000000ea800000| Untracked 
| 169|0x00000000ea900000, 0x00000000ea900000, 0x00000000eaa00000|  0%| F|  |TAMS 0x00000000ea900000, 0x00000000ea900000| Untracked 
| 170|0x00000000eaa00000, 0x00000000eaa00000, 0x00000000eab00000|  0%| F|  |TAMS 0x00000000eaa00000, 0x00000000eaa00000| Untracked 
| 171|0x00000000eab00000, 0x00000000eab00000, 0x00000000eac00000|  0%| F|  |TAMS 0x00000000eab00000, 0x00000000eab00000| Untracked 
| 172|0x00000000eac00000, 0x00000000eac00000, 0x00000000ead00000|  0%| F|  |TAMS 0x00000000eac00000, 0x00000000eac00000| Untracked 
| 173|0x00000000ead00000, 0x00000000ead00000, 0x00000000eae00000|  0%| F|  |TAMS 0x00000000ead00000, 0x00000000ead00000| Untracked 
| 174|0x00000000eae00000, 0x00000000eae00000, 0x00000000eaf00000|  0%| F|  |TAMS 0x00000000eae00000, 0x00000000eae00000| Untracked 
| 175|0x00000000eaf00000, 0x00000000eb000000, 0x00000000eb000000|100%| E|  |TAMS 0x00000000eaf00000, 0x00000000eaf00000| Complete 
| 176|0x00000000eb000000, 0x00000000eb100000, 0x00000000eb100000|100%| E|CS|TAMS 0x00000000eb000000, 0x00000000eb000000| Complete 
| 177|0x00000000eb100000, 0x00000000eb200000, 0x00000000eb200000|100%| E|CS|TAMS 0x00000000eb100000, 0x00000000eb100000| Complete 
| 178|0x00000000eb200000, 0x00000000eb300000, 0x00000000eb300000|100%| E|CS|TAMS 0x00000000eb200000, 0x00000000eb200000| Complete 
| 179|0x00000000eb300000, 0x00000000eb400000, 0x00000000eb400000|100%| E|CS|TAMS 0x00000000eb300000, 0x00000000eb300000| Complete 
| 180|0x00000000eb400000, 0x00000000eb500000, 0x00000000eb500000|100%| E|CS|TAMS 0x00000000eb400000, 0x00000000eb400000| Complete 
| 181|0x00000000eb500000, 0x00000000eb600000, 0x00000000eb600000|100%| E|CS|TAMS 0x00000000eb500000, 0x00000000eb500000| Complete 
| 182|0x00000000eb600000, 0x00000000eb700000, 0x00000000eb700000|100%| E|CS|TAMS 0x00000000eb600000, 0x00000000eb600000| Complete 
| 183|0x00000000eb700000, 0x00000000eb800000, 0x00000000eb800000|100%| E|CS|TAMS 0x00000000eb700000, 0x00000000eb700000| Complete 
| 184|0x00000000eb800000, 0x00000000eb900000, 0x00000000eb900000|100%| E|CS|TAMS 0x00000000eb800000, 0x00000000eb800000| Complete 
| 185|0x00000000eb900000, 0x00000000eba00000, 0x00000000eba00000|100%| E|CS|TAMS 0x00000000eb900000, 0x00000000eb900000| Complete 
| 186|0x00000000eba00000, 0x00000000ebb00000, 0x00000000ebb00000|100%| E|CS|TAMS 0x00000000eba00000, 0x00000000eba00000| Complete 
| 187|0x00000000ebb00000, 0x00000000ebc00000, 0x00000000ebc00000|100%| E|CS|TAMS 0x00000000ebb00000, 0x00000000ebb00000| Complete 
| 188|0x00000000ebc00000, 0x00000000ebd00000, 0x00000000ebd00000|100%| E|CS|TAMS 0x00000000ebc00000, 0x00000000ebc00000| Complete 
| 189|0x00000000ebd00000, 0x00000000ebe00000, 0x00000000ebe00000|100%| E|CS|TAMS 0x00000000ebd00000, 0x00000000ebd00000| Complete 
| 190|0x00000000ebe00000, 0x00000000ebf00000, 0x00000000ebf00000|100%| E|CS|TAMS 0x00000000ebe00000, 0x00000000ebe00000| Complete 
| 191|0x00000000ebf00000, 0x00000000ec000000, 0x00000000ec000000|100%| E|CS|TAMS 0x00000000ebf00000, 0x00000000ebf00000| Complete 
| 192|0x00000000ec000000, 0x00000000ec100000, 0x00000000ec100000|100%| E|CS|TAMS 0x00000000ec000000, 0x00000000ec000000| Complete 
| 193|0x00000000ec100000, 0x00000000ec200000, 0x00000000ec200000|100%| E|CS|TAMS 0x00000000ec100000, 0x00000000ec100000| Complete 
| 194|0x00000000ec200000, 0x00000000ec300000, 0x00000000ec300000|100%| E|CS|TAMS 0x00000000ec200000, 0x00000000ec200000| Complete 
| 195|0x00000000ec300000, 0x00000000ec400000, 0x00000000ec400000|100%| E|CS|TAMS 0x00000000ec300000, 0x00000000ec300000| Complete 
| 196|0x00000000ec400000, 0x00000000ec500000, 0x00000000ec500000|100%| E|CS|TAMS 0x00000000ec400000, 0x00000000ec400000| Complete 
| 197|0x00000000ec500000, 0x00000000ec600000, 0x00000000ec600000|100%| E|CS|TAMS 0x00000000ec500000, 0x00000000ec500000| Complete 
| 198|0x00000000ec600000, 0x00000000ec700000, 0x00000000ec700000|100%| E|CS|TAMS 0x00000000ec600000, 0x00000000ec600000| Complete 
| 199|0x00000000ec700000, 0x00000000ec800000, 0x00000000ec800000|100%| E|CS|TAMS 0x00000000ec700000, 0x00000000ec700000| Complete 
| 200|0x00000000ec800000, 0x00000000ec900000, 0x00000000ec900000|100%| E|CS|TAMS 0x00000000ec800000, 0x00000000ec800000| Complete 
| 201|0x00000000ec900000, 0x00000000eca00000, 0x00000000eca00000|100%| E|CS|TAMS 0x00000000ec900000, 0x00000000ec900000| Complete 
| 202|0x00000000eca00000, 0x00000000ecb00000, 0x00000000ecb00000|100%| E|CS|TAMS 0x00000000eca00000, 0x00000000eca00000| Complete 
| 203|0x00000000ecb00000, 0x00000000ecc00000, 0x00000000ecc00000|100%| E|CS|TAMS 0x00000000ecb00000, 0x00000000ecb00000| Complete 
| 204|0x00000000ecc00000, 0x00000000ecd00000, 0x00000000ecd00000|100%| E|CS|TAMS 0x00000000ecc00000, 0x00000000ecc00000| Complete 
| 205|0x00000000ecd00000, 0x00000000ece00000, 0x00000000ece00000|100%| E|CS|TAMS 0x00000000ecd00000, 0x00000000ecd00000| Complete 
| 206|0x00000000ece00000, 0x00000000ecf00000, 0x00000000ecf00000|100%| E|CS|TAMS 0x00000000ece00000, 0x00000000ece00000| Complete 
| 207|0x00000000ecf00000, 0x00000000ed000000, 0x00000000ed000000|100%| E|CS|TAMS 0x00000000ecf00000, 0x00000000ecf00000| Complete 
| 208|0x00000000ed000000, 0x00000000ed100000, 0x00000000ed100000|100%| E|CS|TAMS 0x00000000ed000000, 0x00000000ed000000| Complete 
| 209|0x00000000ed100000, 0x00000000ed200000, 0x00000000ed200000|100%| E|CS|TAMS 0x00000000ed100000, 0x00000000ed100000| Complete 
| 210|0x00000000ed200000, 0x00000000ed300000, 0x00000000ed300000|100%| E|CS|TAMS 0x00000000ed200000, 0x00000000ed200000| Complete 
| 211|0x00000000ed300000, 0x00000000ed400000, 0x00000000ed400000|100%| E|CS|TAMS 0x00000000ed300000, 0x00000000ed300000| Complete 
| 212|0x00000000ed400000, 0x00000000ed500000, 0x00000000ed500000|100%| E|CS|TAMS 0x00000000ed400000, 0x00000000ed400000| Complete 
| 213|0x00000000ed500000, 0x00000000ed600000, 0x00000000ed600000|100%| E|CS|TAMS 0x00000000ed500000, 0x00000000ed500000| Complete 
| 214|0x00000000ed600000, 0x00000000ed700000, 0x00000000ed700000|100%| E|CS|TAMS 0x00000000ed600000, 0x00000000ed600000| Complete 
| 215|0x00000000ed700000, 0x00000000ed800000, 0x00000000ed800000|100%| E|CS|TAMS 0x00000000ed700000, 0x00000000ed700000| Complete 
| 216|0x00000000ed800000, 0x00000000ed900000, 0x00000000ed900000|100%| E|CS|TAMS 0x00000000ed800000, 0x00000000ed800000| Complete 
| 217|0x00000000ed900000, 0x00000000eda00000, 0x00000000eda00000|100%| E|CS|TAMS 0x00000000ed900000, 0x00000000ed900000| Complete 
| 218|0x00000000eda00000, 0x00000000edb00000, 0x00000000edb00000|100%| E|CS|TAMS 0x00000000eda00000, 0x00000000eda00000| Complete 
| 219|0x00000000edb00000, 0x00000000edc00000, 0x00000000edc00000|100%| E|CS|TAMS 0x00000000edb00000, 0x00000000edb00000| Complete 
| 220|0x00000000edc00000, 0x00000000edd00000, 0x00000000edd00000|100%| E|CS|TAMS 0x00000000edc00000, 0x00000000edc00000| Complete 
| 221|0x00000000edd00000, 0x00000000ede00000, 0x00000000ede00000|100%| E|CS|TAMS 0x00000000edd00000, 0x00000000edd00000| Complete 
| 222|0x00000000ede00000, 0x00000000edf00000, 0x00000000edf00000|100%| E|CS|TAMS 0x00000000ede00000, 0x00000000ede00000| Complete 
| 223|0x00000000edf00000, 0x00000000ee000000, 0x00000000ee000000|100%| E|CS|TAMS 0x00000000edf00000, 0x00000000edf00000| Complete 
| 224|0x00000000ee000000, 0x00000000ee100000, 0x00000000ee100000|100%| E|CS|TAMS 0x00000000ee000000, 0x00000000ee000000| Complete 
| 225|0x00000000ee100000, 0x00000000ee200000, 0x00000000ee200000|100%| E|CS|TAMS 0x00000000ee100000, 0x00000000ee100000| Complete 
| 226|0x00000000ee200000, 0x00000000ee300000, 0x00000000ee300000|100%| E|CS|TAMS 0x00000000ee200000, 0x00000000ee200000| Complete 
| 227|0x00000000ee300000, 0x00000000ee400000, 0x00000000ee400000|100%| E|CS|TAMS 0x00000000ee300000, 0x00000000ee300000| Complete 
| 228|0x00000000ee400000, 0x00000000ee500000, 0x00000000ee500000|100%| E|CS|TAMS 0x00000000ee400000, 0x00000000ee400000| Complete 
| 229|0x00000000ee500000, 0x00000000ee5aa800, 0x00000000ee600000| 66%| S|CS|TAMS 0x00000000ee500000, 0x00000000ee500000| Complete 
| 230|0x00000000ee600000, 0x00000000ee700000, 0x00000000ee700000|100%| S|CS|TAMS 0x00000000ee600000, 0x00000000ee600000| Complete 
| 231|0x00000000ee700000, 0x00000000ee800000, 0x00000000ee800000|100%| S|CS|TAMS 0x00000000ee700000, 0x00000000ee700000| Complete 
| 232|0x00000000ee800000, 0x00000000ee900000, 0x00000000ee900000|100%| S|CS|TAMS 0x00000000ee800000, 0x00000000ee800000| Complete 
| 233|0x00000000ee900000, 0x00000000eea00000, 0x00000000eea00000|100%| S|CS|TAMS 0x00000000ee900000, 0x00000000ee900000| Complete 
| 234|0x00000000eea00000, 0x00000000eeb00000, 0x00000000eeb00000|100%| S|CS|TAMS 0x00000000eea00000, 0x00000000eea00000| Complete 
| 235|0x00000000eeb00000, 0x00000000eec00000, 0x00000000eec00000|100%| S|CS|TAMS 0x00000000eeb00000, 0x00000000eeb00000| Complete 
| 236|0x00000000eec00000, 0x00000000eed00000, 0x00000000eed00000|100%| E|CS|TAMS 0x00000000eec00000, 0x00000000eec00000| Complete 
| 237|0x00000000eed00000, 0x00000000eee00000, 0x00000000eee00000|100%| E|CS|TAMS 0x00000000eed00000, 0x00000000eed00000| Complete 
| 238|0x00000000eee00000, 0x00000000eef00000, 0x00000000eef00000|100%| E|CS|TAMS 0x00000000eee00000, 0x00000000eee00000| Complete 
| 239|0x00000000eef00000, 0x00000000ef000000, 0x00000000ef000000|100%| E|CS|TAMS 0x00000000eef00000, 0x00000000eef00000| Complete 
| 240|0x00000000ef000000, 0x00000000ef100000, 0x00000000ef100000|100%| E|CS|TAMS 0x00000000ef000000, 0x00000000ef000000| Complete 
| 241|0x00000000ef100000, 0x00000000ef200000, 0x00000000ef200000|100%| E|CS|TAMS 0x00000000ef100000, 0x00000000ef100000| Complete 
| 242|0x00000000ef200000, 0x00000000ef300000, 0x00000000ef300000|100%| E|CS|TAMS 0x00000000ef200000, 0x00000000ef200000| Complete 
| 243|0x00000000ef300000, 0x00000000ef400000, 0x00000000ef400000|100%| E|CS|TAMS 0x00000000ef300000, 0x00000000ef300000| Complete 
| 244|0x00000000ef400000, 0x00000000ef500000, 0x00000000ef500000|100%| E|CS|TAMS 0x00000000ef400000, 0x00000000ef400000| Complete 
| 245|0x00000000ef500000, 0x00000000ef600000, 0x00000000ef600000|100%| E|CS|TAMS 0x00000000ef500000, 0x00000000ef500000| Complete 
| 246|0x00000000ef600000, 0x00000000ef700000, 0x00000000ef700000|100%| E|CS|TAMS 0x00000000ef600000, 0x00000000ef600000| Complete 
| 247|0x00000000ef700000, 0x00000000ef800000, 0x00000000ef800000|100%| E|CS|TAMS 0x00000000ef700000, 0x00000000ef700000| Complete 
| 248|0x00000000ef800000, 0x00000000ef900000, 0x00000000ef900000|100%| E|CS|TAMS 0x00000000ef800000, 0x00000000ef800000| Complete 
| 249|0x00000000ef900000, 0x00000000efa00000, 0x00000000efa00000|100%| E|CS|TAMS 0x00000000ef900000, 0x00000000ef900000| Complete 
| 250|0x00000000efa00000, 0x00000000efb00000, 0x00000000efb00000|100%| E|CS|TAMS 0x00000000efa00000, 0x00000000efa00000| Complete 
| 251|0x00000000efb00000, 0x00000000efc00000, 0x00000000efc00000|100%| E|CS|TAMS 0x00000000efb00000, 0x00000000efb00000| Complete 
| 252|0x00000000efc00000, 0x00000000efd00000, 0x00000000efd00000|100%| E|CS|TAMS 0x00000000efc00000, 0x00000000efc00000| Complete 
| 253|0x00000000efd00000, 0x00000000efe00000, 0x00000000efe00000|100%| E|CS|TAMS 0x00000000efd00000, 0x00000000efd00000| Complete 
| 254|0x00000000efe00000, 0x00000000eff00000, 0x00000000eff00000|100%| E|CS|TAMS 0x00000000efe00000, 0x00000000efe00000| Complete 
| 255|0x00000000eff00000, 0x00000000f0000000, 0x00000000f0000000|100%| E|CS|TAMS 0x00000000eff00000, 0x00000000eff00000| Complete 

Card table byte_map: [0x0000022ef77e0000,0x0000022ef78e0000] _byte_map_base: 0x0000022ef70e0000

Marking Bits (Prev, Next): (CMBitMap*) 0x0000022eef0b1658, (CMBitMap*) 0x0000022eef0b1690
 Prev Bits: [0x0000022ef79e0000, 0x0000022ef81e0000)
 Next Bits: [0x0000022ef81e0000, 0x0000022ef89e0000)

Polling page: 0x0000022eee860000

Metaspace:

Usage:
  Non-class:     36.91 MB capacity,    36.13 MB ( 98%) used,   691.94 KB (  2%) free+waste,   106.06 KB ( <1%) overhead. 
      Class:      5.90 MB capacity,     5.49 MB ( 93%) used,   371.98 KB (  6%) free+waste,    51.69 KB ( <1%) overhead. 
       Both:     42.81 MB capacity,    41.62 MB ( 97%) used,     1.04 MB (  2%) free+waste,   157.75 KB ( <1%) overhead. 

Virtual space:
  Non-class space:       42.00 MB reserved,      37.00 MB ( 88%) committed 
      Class space:      248.00 MB reserved,       6.00 MB (  2%) committed 
             Both:      290.00 MB reserved,      43.00 MB ( 15%) committed 

Chunk freelists:
   Non-Class:  3.13 KB
       Class:  640 bytes
        Both:  3.75 KB

CodeHeap 'non-profiled nmethods': size=120000Kb used=2223Kb max_used=2223Kb free=117776Kb
 bounds [0x0000022e87ad0000, 0x0000022e87d40000, 0x0000022e8f000000]
CodeHeap 'profiled nmethods': size=120000Kb used=7916Kb max_used=7916Kb free=112084Kb
 bounds [0x0000022e805a0000, 0x0000022e80d70000, 0x0000022e87ad0000]
CodeHeap 'non-nmethods': size=5760Kb used=1528Kb max_used=1578Kb free=4231Kb
 bounds [0x0000022e80000000, 0x0000022e80270000, 0x0000022e805a0000]
 total_blobs=5701 nmethods=3756 adapters=552
 compilation: enabled
              stopped_count=0, restarted_count=0
 full_count=0

Compilation events (10 events):
Event: 26.969 Thread 0x0000022efbdae800 4002       3       org.codehaus.groovy.ast.ClassNode::getUnresolvedSuperClass (6 bytes)
Event: 26.970 Thread 0x0000022efbdae800 nmethod 4002 0x0000022e80d42a90 code [0x0000022e80d42c40, 0x0000022e80d42e70]
Event: 26.970 Thread 0x0000022efbdae800 4003   !   3       org.codehaus.groovy.ast.decompiled.DecompiledClassNode::lazyInitSupers (60 bytes)
Event: 26.971 Thread 0x0000022efbdae800 nmethod 4003 0x0000022e80d42f10 code [0x0000022e80d430e0, 0x0000022e80d43520]
Event: 26.971 Thread 0x0000022efbdae800 4004       3       org.codehaus.groovy.classgen.Verifier::getCovariantImplementation (529 bytes)
Event: 26.984 Thread 0x0000022efbdae800 nmethod 4004 0x0000022e80d43690 code [0x0000022e80d441e0, 0x0000022e80d4a990]
Event: 26.984 Thread 0x0000022efbdae800 4005       3       org.codehaus.groovy.ast.ClassNode::getInterfaces (24 bytes)
Event: 26.985 Thread 0x0000022efbdae800 nmethod 4005 0x0000022e80d4ca90 code [0x0000022e80d4cc60, 0x0000022e80d4cf20]
Event: 26.989 Thread 0x0000022efbdae800 4006       3       java.util.Spliterators$ArraySpliterator::tryAdvance (58 bytes)
Event: 26.990 Thread 0x0000022efbdae800 nmethod 4006 0x0000022e80d4d010 code [0x0000022e80d4d200, 0x0000022e80d4d5e0]

GC Heap History (10 events):
Event: 3.940 GC heap before
{Heap before GC invocations=0 (full 0):
 garbage-first heap   total 262144K, used 29696K [0x00000000e0000000, 0x0000000100000000)
  region size 1024K, 24 young (24576K), 0 survivors (0K)
 Metaspace       used 9972K, capacity 10198K, committed 10368K, reserved 264192K
  class space    used 1034K, capacity 1107K, committed 1152K, reserved 253952K
}
Event: 3.952 GC heap after
{Heap after GC invocations=1 (full 0):
 garbage-first heap   total 262144K, used 9187K [0x00000000e0000000, 0x0000000100000000)
  region size 1024K, 3 young (3072K), 3 survivors (3072K)
 Metaspace       used 9972K, capacity 10198K, committed 10368K, reserved 264192K
  class space    used 1034K, capacity 1107K, committed 1152K, reserved 253952K
}
Event: 13.220 GC heap before
{Heap before GC invocations=1 (full 0):
 garbage-first heap   total 262144K, used 109539K [0x00000000e0000000, 0x0000000100000000)
  region size 1024K, 102 young (104448K), 3 survivors (3072K)
 Metaspace       used 20693K, capacity 21079K, committed 21248K, reserved 272384K
  class space    used 2516K, capacity 2701K, committed 2816K, reserved 253952K
}
Event: 13.238 GC heap after
{Heap after GC invocations=2 (full 0):
 garbage-first heap   total 262144K, used 17072K [0x00000000e0000000, 0x0000000100000000)
  region size 1024K, 11 young (11264K), 11 survivors (11264K)
 Metaspace       used 20693K, capacity 21079K, committed 21248K, reserved 272384K
  class space    used 2516K, capacity 2701K, committed 2816K, reserved 253952K
}
Event: 14.751 GC heap before
{Heap before GC invocations=3 (full 0):
 garbage-first heap   total 262144K, used 46768K [0x00000000e0000000, 0x0000000100000000)
  region size 1024K, 40 young (40960K), 11 survivors (11264K)
 Metaspace       used 23058K, capacity 23622K, committed 23680K, reserved 274432K
  class space    used 2945K, capacity 3150K, committed 3200K, reserved 253952K
}
Event: 14.762 GC heap after
{Heap after GC invocations=4 (full 0):
 garbage-first heap   total 262144K, used 18549K [0x00000000e0000000, 0x0000000100000000)
  region size 1024K, 2 young (2048K), 2 survivors (2048K)
 Metaspace       used 23058K, capacity 23622K, committed 23680K, reserved 274432K
  class space    used 2945K, capacity 3150K, committed 3200K, reserved 253952K
}
Event: 20.309 GC heap before
{Heap before GC invocations=4 (full 0):
 garbage-first heap   total 262144K, used 106613K [0x00000000e0000000, 0x0000000100000000)
  region size 1024K, 89 young (91136K), 2 survivors (2048K)
 Metaspace       used 32406K, capacity 33329K, committed 33664K, reserved 284672K
  class space    used 4312K, capacity 4629K, committed 4736K, reserved 253952K
}
Event: 20.318 GC heap after
{Heap after GC invocations=5 (full 0):
 garbage-first heap   total 262144K, used 23023K [0x00000000e0000000, 0x0000000100000000)
  region size 1024K, 6 young (6144K), 6 survivors (6144K)
 Metaspace       used 32406K, capacity 33329K, committed 33664K, reserved 284672K
  class space    used 4312K, capacity 4629K, committed 4736K, reserved 253952K
}
Event: 21.634 GC heap before
{Heap before GC invocations=5 (full 0):
 garbage-first heap   total 262144K, used 42479K [0x00000000e0000000, 0x0000000100000000)
  region size 1024K, 26 young (26624K), 6 survivors (6144K)
 Metaspace       used 34837K, capacity 35745K, committed 35840K, reserved 286720K
  class space    used 4657K, capacity 4986K, committed 4992K, reserved 253952K
}
Event: 21.645 GC heap after
{Heap after GC invocations=6 (full 0):
 garbage-first heap   total 262144K, used 23888K [0x00000000e0000000, 0x0000000100000000)
  region size 1024K, 7 young (7168K), 7 survivors (7168K)
 Metaspace       used 34837K, capacity 35745K, committed 35840K, reserved 286720K
  class space    used 4657K, capacity 4986K, committed 4992K, reserved 253952K
}

Deoptimization events (10 events):
Event: 26.592 Thread 0x0000022efd5e3000 Uncommon trap: reason=speculate_class_check action=maybe_recompile pc=0x0000022e87c2d098 method=java.lang.reflect.Executable.declaredAnnotations()Ljava/util/Map; @ 23 c2
Event: 26.593 Thread 0x0000022efd5e3000 Uncommon trap: reason=speculate_class_check action=maybe_recompile pc=0x0000022e87c2d098 method=java.lang.reflect.Executable.declaredAnnotations()Ljava/util/Map; @ 23 c2
Event: 26.599 Thread 0x0000022efd5e3000 Uncommon trap: reason=speculate_class_check action=maybe_recompile pc=0x0000022e87c2d098 method=java.lang.reflect.Executable.declaredAnnotations()Ljava/util/Map; @ 23 c2
Event: 26.601 Thread 0x0000022efd5e3000 Uncommon trap: reason=unstable_if action=reinterpret pc=0x0000022e87b44748 method=java.util.HashMap.hash(Ljava/lang/Object;)I @ 1 c2
Event: 26.601 Thread 0x0000022efd5e3000 Uncommon trap: reason=unstable_if action=reinterpret pc=0x0000022e87af5914 method=java.util.HashMap.hash(Ljava/lang/Object;)I @ 1 c2
Event: 26.653 Thread 0x0000022efd5e3000 Uncommon trap: reason=bimorphic_or_optimized_type_check action=maybe_recompile pc=0x0000022e87c0def8 method=java.net.URL.<init>(Ljava/net/URL;Ljava/lang/String;Ljava/net/URLStreamHandler;)V @ 504 c2
Event: 26.660 Thread 0x0000022efd5e3000 Uncommon trap: reason=bimorphic_or_optimized_type_check action=maybe_recompile pc=0x0000022e87c0def8 method=java.net.URL.<init>(Ljava/net/URL;Ljava/lang/String;Ljava/net/URLStreamHandler;)V @ 504 c2
Event: 26.735 Thread 0x0000022efd5e3000 Uncommon trap: reason=bimorphic_or_optimized_type_check action=maybe_recompile pc=0x0000022e87c0def8 method=java.net.URL.<init>(Ljava/net/URL;Ljava/lang/String;Ljava/net/URLStreamHandler;)V @ 504 c2
Event: 26.763 Thread 0x0000022efd5e3000 Uncommon trap: reason=bimorphic_or_optimized_type_check action=maybe_recompile pc=0x0000022e87c3e1d8 method=java.io.BufferedInputStream.read1([BII)I @ 39 c2
Event: 26.763 Thread 0x0000022efd5e3000 Uncommon trap: reason=bimorphic_or_optimized_type_check action=maybe_recompile pc=0x0000022e87c3e1d8 method=java.io.BufferedInputStream.read1([BII)I @ 39 c2

Classes redefined (0 events):
No events

Internal exceptions (10 events):
Event: 22.917 Thread 0x0000022efd5e3000 Exception <a 'java/lang/NoSuchMethodError'{0x00000000eddff080}: java.lang.invoke.DirectMethodHandle$Holder.invokeVirtual(Ljava/lang/Object;Ljava/lang/Object;)V> (0x00000000eddff080) thrown at [t:/workspace/open/src/hotspot/share/interpreter/linkResolver.c
Event: 26.069 Thread 0x0000022efd5e3000 Exception <a 'java/lang/NoSuchMethodError'{0x00000000ebaac368}: java.lang.invoke.Invokers$Holder.linkToTargetMethod(Ljava/lang/Object;JLjava/lang/Object;)Ljava/lang/Object;> (0x00000000ebaac368) thrown at [t:/workspace/open/src/hotspot/share/interpreter/l
Event: 26.090 Thread 0x0000022efd5e3000 Exception <a 'java/lang/NoSuchMethodError'{0x00000000ebaf95f8}: java.lang.invoke.DirectMethodHandle$Holder.invokeStatic(Ljava/lang/Object;Ljava/lang/Object;Ljava/lang/Object;Ljava/lang/Object;Ljava/lang/Object;)I> (0x00000000ebaf95f8) thrown at [t:/worksp
Event: 26.128 Thread 0x0000022efe6b3800 Exception <a 'sun/nio/fs/WindowsException'{0x00000000eb9918f0}> (0x00000000eb9918f0) thrown at [t:/workspace/open/src/hotspot/share/prims/jni.cpp, line 615]
Event: 26.271 Thread 0x0000022efe6b3800 Exception <a 'sun/nio/fs/WindowsException'{0x00000000eb9deec8}> (0x00000000eb9deec8) thrown at [t:/workspace/open/src/hotspot/share/prims/jni.cpp, line 615]
Event: 26.273 Thread 0x0000022efe6b3800 Exception <a 'sun/nio/fs/WindowsException'{0x00000000eb9df0d8}> (0x00000000eb9df0d8) thrown at [t:/workspace/open/src/hotspot/share/prims/jni.cpp, line 615]
Event: 26.445 Thread 0x0000022efd5e3000 Exception <a 'java/lang/NoSuchMethodError'{0x00000000eb71efd0}: java.lang.invoke.DirectMethodHandle$Holder.invokeSpecialIFC(Ljava/lang/Object;Ljava/lang/Object;Ljava/lang/Object;)V> (0x00000000eb71efd0) thrown at [t:/workspace/open/src/hotspot/share/inter
Event: 26.601 Thread 0x0000022efd5e3000 Implicit null exception at 0x0000022e87b445bd to 0x0000022e87b4472e
Event: 26.601 Thread 0x0000022efd5e3000 Implicit null exception at 0x0000022e87af5878 to 0x0000022e87af590a
Event: 26.878 Thread 0x0000022efd5e3000 Exception <a 'java/lang/NoSuchMethodError'{0x00000000eb2912a0}: java.lang.invoke.DirectMethodHandle$Holder.invokeStatic(Ljava/lang/Object;ILjava/lang/Object;Ljava/lang/Object;)I> (0x00000000eb2912a0) thrown at [t:/workspace/open/src/hotspot/share/interpre

Events (10 events):
Event: 26.974 loading class org/codehaus/groovy/classgen/FinalVariableAnalyzer$StateMap
Event: 26.974 loading class org/codehaus/groovy/classgen/FinalVariableAnalyzer$StateMap done
Event: 26.976 loading class org/codehaus/groovy/classgen/FinalVariableAnalyzer$VariableState
Event: 26.976 loading class org/codehaus/groovy/classgen/FinalVariableAnalyzer$VariableState done
Event: 26.977 loading class org/codehaus/groovy/transform/stc/StaticTypeCheckingSupport
Event: 26.977 loading class org/codehaus/groovy/transform/stc/StaticTypeCheckingSupport done
Event: 26.990 loading class org/codehaus/groovy/transform/stc/ExtensionMethodCache
Event: 26.990 loading class org/codehaus/groovy/transform/stc/ExtensionMethodCache done
Event: 26.992 loading class org/codehaus/groovy/transform/stc/AbstractExtensionMethodCache
Event: 26.992 loading class org/codehaus/groovy/transform/stc/AbstractExtensionMethodCache done


Dynamic libraries:
0x00007ff61a370000 - 0x00007ff61a3b5000 	C:\Users\athul\scoop\apps\openjdk11\11.0.2-9\bin\java.exe
0x00007ffbe2cf0000 - 0x00007ffbe2ee8000 	C:\windows\SYSTEM32\ntdll.dll
0x00007ffbe2760000 - 0x00007ffbe2822000 	C:\windows\System32\KERNEL32.DLL
0x00007ffbe0730000 - 0x00007ffbe0a2e000 	C:\windows\System32\KERNELBASE.dll
0x00007ffbdc960000 - 0x00007ffbdc9f4000 	C:\windows\SYSTEM32\apphelp.dll
0x00007ffbe25c0000 - 0x00007ffbe275d000 	C:\windows\System32\USER32.dll
0x00007ffbe0a80000 - 0x00007ffbe0aa2000 	C:\windows\System32\win32u.dll
0x00007ffbe2980000 - 0x00007ffbe29ab000 	C:\windows\System32\GDI32.dll
0x00007ffbe0470000 - 0x00007ffbe0587000 	C:\windows\System32\gdi32full.dll
0x00007ffbe0620000 - 0x00007ffbe06bd000 	C:\windows\System32\msvcp_win.dll
0x00007ffbe0ab0000 - 0x00007ffbe0bb0000 	C:\windows\System32\ucrtbase.dll
0x00007ffbc6e30000 - 0x00007ffbc70ca000 	C:\windows\WinSxS\amd64_microsoft.windows.common-controls_6595b64144ccf1df_6.0.19041.4355_none_60b8b9eb71f62e16\COMCTL32.dll
0x00007ffbe11e0000 - 0x00007ffbe127e000 	C:\windows\System32\msvcrt.dll
0x00007ffbe2c80000 - 0x00007ffbe2caf000 	C:\windows\System32\IMM32.DLL
0x00007ffbd1e70000 - 0x00007ffbd1e86000 	C:\Users\athul\scoop\apps\openjdk11\11.0.2-9\bin\vcruntime140.dll
0x00007ffbb25a0000 - 0x00007ffbb264a000 	C:\Users\athul\scoop\apps\openjdk11\11.0.2-9\bin\msvcp140.dll
0x00007ffb964d0000 - 0x00007ffb96ff3000 	C:\Users\athul\scoop\apps\openjdk11\11.0.2-9\bin\server\jvm.dll
0x00007ffbe24a0000 - 0x00007ffbe2552000 	C:\windows\System32\ADVAPI32.dll
0x00007ffbe1850000 - 0x00007ffbe18f0000 	C:\windows\System32\sechost.dll
0x00007ffbe1280000 - 0x00007ffbe13a3000 	C:\windows\System32\RPCRT4.dll
0x00007ffbe0390000 - 0x00007ffbe03b7000 	C:\windows\System32\bcrypt.dll
0x00007ffbe2c70000 - 0x00007ffbe2c78000 	C:\windows\System32\PSAPI.DLL
0x00007ffbd5850000 - 0x00007ffbd5877000 	C:\windows\SYSTEM32\WINMM.dll
0x00007ffbd6190000 - 0x00007ffbd619a000 	C:\windows\SYSTEM32\VERSION.dll
0x00007ffbdc6f0000 - 0x00007ffbdc6f9000 	C:\windows\SYSTEM32\WSOCK32.dll
0x00007ffbe2ba0000 - 0x00007ffbe2c0b000 	C:\windows\System32\ws2_32.DLL
0x00007ffbde210000 - 0x00007ffbde222000 	C:\windows\SYSTEM32\kernel.appcore.dll
0x00007ffbd1d60000 - 0x00007ffbd1d71000 	C:\Users\athul\scoop\apps\openjdk11\11.0.2-9\bin\verify.dll
0x00007ffbd54d0000 - 0x00007ffbd56b4000 	C:\windows\SYSTEM32\DBGHELP.DLL
0x00007ffbca300000 - 0x00007ffbca334000 	C:\windows\SYSTEM32\dbgcore.DLL
0x00007ffbe0590000 - 0x00007ffbe0612000 	C:\windows\System32\bcryptPrimitives.dll
0x00007ffbc5420000 - 0x00007ffbc5448000 	C:\Users\athul\scoop\apps\openjdk11\11.0.2-9\bin\java.dll
0x00007ffbd1cb0000 - 0x00007ffbd1cc6000 	C:\Users\athul\scoop\apps\openjdk11\11.0.2-9\bin\zip.dll
0x00007ffbd3680000 - 0x00007ffbd368a000 	C:\Users\athul\scoop\apps\openjdk11\11.0.2-9\bin\jimage.dll
0x00007ffbe18f0000 - 0x00007ffbe205f000 	C:\windows\System32\SHELL32.dll
0x00007ffbde410000 - 0x00007ffbdebb4000 	C:\windows\SYSTEM32\windows.storage.dll
0x00007ffbe14f0000 - 0x00007ffbe1843000 	C:\windows\System32\combase.dll
0x00007ffbdfcf0000 - 0x00007ffbdfd1e000 	C:\windows\SYSTEM32\Wldp.dll
0x00007ffbe2220000 - 0x00007ffbe22ed000 	C:\windows\System32\OLEAUT32.dll
0x00007ffbe1440000 - 0x00007ffbe14ed000 	C:\windows\System32\SHCORE.dll
0x00007ffbe2c10000 - 0x00007ffbe2c65000 	C:\windows\System32\shlwapi.dll
0x00007ffbe02c0000 - 0x00007ffbe02e4000 	C:\windows\SYSTEM32\profapi.dll
0x00007ffbd1c70000 - 0x00007ffbd1c89000 	C:\Users\athul\scoop\apps\openjdk11\11.0.2-9\bin\net.dll
0x00007ffbd7660000 - 0x00007ffbd776d000 	C:\windows\SYSTEM32\WINHTTP.dll
0x00007ffbcc170000 - 0x00007ffbcc35c000 	C:\windows\SYSTEM32\urlmon.dll
0x00007ffbca9e0000 - 0x00007ffbcac9e000 	C:\windows\SYSTEM32\iertutil.dll
0x00007ffbca800000 - 0x00007ffbca828000 	C:\windows\SYSTEM32\srvcli.dll
0x00007ffbdf840000 - 0x00007ffbdf84c000 	C:\windows\SYSTEM32\netutils.dll
0x00007ffbdfa50000 - 0x00007ffbdfaba000 	C:\windows\system32\mswsock.dll
0x00007ffbcafa0000 - 0x00007ffbcafb3000 	C:\Users\athul\scoop\apps\openjdk11\11.0.2-9\bin\nio.dll
0x00007ffbb7060000 - 0x00007ffbb7087000 	C:\Users\athul\.gradle\native\e1d6ef7f7dcc3fd88c89a11ec53ec762bb8ba0a96d01ffa2cd45eb1d1d8dd5c5\windows-amd64\native-platform.dll
0x00007ffbae120000 - 0x00007ffbae264000 	C:\Users\athul\.gradle\native\0d407fdbe67a94daf76414ababcb853783967236a71b16ec16e742cd7a986fd3\windows-amd64\native-platform-file-events.dll
0x00007ffbd35d0000 - 0x00007ffbd35d9000 	C:\Users\athul\scoop\apps\openjdk11\11.0.2-9\bin\management.dll
0x00007ffbd1cf0000 - 0x00007ffbd1cfc000 	C:\Users\athul\scoop\apps\openjdk11\11.0.2-9\bin\management_ext.dll
0x00007ffbdfc50000 - 0x00007ffbdfc68000 	C:\windows\SYSTEM32\CRYPTSP.dll
0x00007ffbdf370000 - 0x00007ffbdf3a4000 	C:\windows\system32\rsaenh.dll
0x00007ffbe0240000 - 0x00007ffbe026e000 	C:\windows\SYSTEM32\USERENV.dll
0x00007ffbdfc40000 - 0x00007ffbdfc4c000 	C:\windows\SYSTEM32\CRYPTBASE.dll
0x00007ffbdf730000 - 0x00007ffbdf76b000 	C:\windows\SYSTEM32\IPHLPAPI.DLL
0x00007ffbe1430000 - 0x00007ffbe1438000 	C:\windows\System32\NSI.dll
0x00007ffbd81c0000 - 0x00007ffbd81d7000 	C:\windows\SYSTEM32\dhcpcsvc6.DLL
0x00007ffbd8770000 - 0x00007ffbd878d000 	C:\windows\SYSTEM32\dhcpcsvc.DLL
0x00007ffbdf770000 - 0x00007ffbdf83a000 	C:\windows\SYSTEM32\DNSAPI.dll

dbghelp: loaded successfully - version: 4.0.5 - missing functions: none
symbol engine: initialized successfully - sym options: 0x614 - pdb path: .;C:\Users\athul\scoop\apps\openjdk11\11.0.2-9\bin;C:\windows\SYSTEM32;C:\windows\WinSxS\amd64_microsoft.windows.common-controls_6595b64144ccf1df_6.0.19041.4355_none_60b8b9eb71f62e16;C:\Users\athul\scoop\apps\openjdk11\11.0.2-9\bin\server;C:\Users\athul\.gradle\native\e1d6ef7f7dcc3fd88c89a11ec53ec762bb8ba0a96d01ffa2cd45eb1d1d8dd5c5\windows-amd64;C:\Users\athul\.gradle\native\0d407fdbe67a94daf76414ababcb853783967236a71b16ec16e742cd7a986fd3\windows-amd64

VM Arguments:
jvm_args: --add-opens=java.base/java.util=ALL-UNNAMED --add-opens=java.base/java.lang=ALL-UNNAMED --add-opens=java.base/java.lang.invoke=ALL-UNNAMED --add-opens=java.base/java.util=ALL-UNNAMED --add-opens=java.prefs/java.util.prefs=ALL-UNNAMED --add-opens=java.prefs/java.util.prefs=ALL-UNNAMED --add-opens=java.base/java.nio.charset=ALL-UNNAMED --add-opens=java.base/java.net=ALL-UNNAMED --add-opens=java.base/java.util.concurrent.atomic=ALL-UNNAMED -XX:MaxMetaspaceSize=256m -XX:+HeapDumpOnOutOfMemoryError -Xms256m -Xmx512m -Dfile.encoding=utf8 -Duser.country=IN -Duser.language=en -Duser.variant 
java_command: org.gradle.launcher.daemon.bootstrap.GradleDaemon 7.5.1
java_class_path (initial): C:\Users\athul\.gradle\wrapper\dists\gradle-7.5.1-bin\7jzzequgds1hbszbhq3npc5ng\gradle-7.5.1\lib\gradle-launcher-7.5.1.jar
Launcher Type: SUN_STANDARD

[Global flags]
     intx CICompilerCount                          = 4                                         {product} {ergonomic}
   size_t CompressedClassSpaceSize                 = 260046848                                 {product} {ergonomic}
     uint ConcGCThreads                            = 2                                         {product} {ergonomic}
     uint G1ConcRefinementThreads                  = 8                                         {product} {ergonomic}
   size_t G1HeapRegionSize                         = 1048576                                   {product} {ergonomic}
    uintx GCDrainStackTargetSize                   = 64                                        {product} {ergonomic}
     bool HeapDumpOnOutOfMemoryError               = true                                   {manageable} {command line}
   size_t InitialHeapSize                          = 268435456                                 {product} {command line}
   size_t MarkStackSize                            = 4194304                                   {product} {ergonomic}
   size_t MaxHeapSize                              = 536870912                                 {product} {command line}
   size_t MaxMetaspaceSize                         = 268435456                                 {product} {command line}
   size_t MaxNewSize                               = 321912832                                 {product} {ergonomic}
   size_t MinHeapDeltaBytes                        = 1048576                                   {product} {ergonomic}
    uintx NonNMethodCodeHeapSize                   = 5835340                                {pd product} {ergonomic}
    uintx NonProfiledCodeHeapSize                  = 122911450                              {pd product} {ergonomic}
    uintx ProfiledCodeHeapSize                     = 122911450                              {pd product} {ergonomic}
    uintx ReservedCodeCacheSize                    = 251658240                              {pd product} {ergonomic}
     bool SegmentedCodeCache                       = true                                      {product} {ergonomic}
     bool UseCompressedClassPointers               = true                                 {lp64_product} {ergonomic}
     bool UseCompressedOops                        = true                                 {lp64_product} {ergonomic}
     bool UseG1GC                                  = true                                      {product} {ergonomic}
     bool UseLargePagesIndividualAllocation        = false                                  {pd product} {ergonomic}

Logging:
Log output configuration:
 #0: stdout all=warning uptime,level,tags
 #1: stderr all=off uptime,level,tags

Environment Variables:
JAVA_HOME=C:\Users\athul\scoop\apps\openjdk11\current
PATH=C:\Users\athul\scoop\apps\openjdk11\current\bin;C:\Program Files\Eclipse Adoptium\jdk-21.0.3.9-hotspot\bin;C:\windows\system32;C:\windows;C:\windows\System32\Wbem;C:\windows\System32\WindowsPowerShell\v1.0\;C:\windows\System32\OpenSSH\;C:\Program Files\HP\HP One Agent;C:\Program Files\Microsoft SQL Server\150\Tools\Binn\;C:\Program Files\Microsoft SQL Server\Client SDK\ODBC\170\Tools\Binn\;C:\Program Files\dotnet\;C:\Android;C:\Windows\System32;C:\Program Files\Git\cmd;C:\Users\athul\scoop\apps\python\current\Scripts;C:\Users\athul\scoop\apps\python\current;C:\Users\athul\scoop\apps\openjdk11\current\bin;C:\Users\athul\scoop\shims;C:\Program Files\Eclipse Adoptium\jdk-21.0.3.9-hotspot\bin;C:\windows\system32;C:\windows;C:\windows\System32\Wbem;C:\windows\System32\WindowsPowerShell\v1.0\;C:\windows\System32\OpenSSH\;C:\Program Files\HP\HP One Agent;C:\Program Files\Microsoft SQL Server\150\Tools\Binn\;C:\Program Files\Microsoft SQL Server\Client SDK\ODBC\170\Tools\Binn\;C:\Program Files\dotnet\;C:\Android;C:\Windows\System32;C:\Users\athul\AppData\Local\Microsoft\WindowsApps;C:\Users\athul\.dotnet\tools;C:\Users\athul\AppData\Local\Programs\Microsoft VS Code\bin;C:\WebDriver\bin;
USERNAME=athul
OS=Windows_NT
PROCESSOR_IDENTIFIER=AMD64 Family 23 Model 24 Stepping 1, AuthenticAMD



---------------  S Y S T E M  ---------------

OS: Windows 10 , 64 bit Build 19041 (10.0.19041.4957)

CPU:total 8 (initial active 8) (8 cores per cpu, 2 threads per core) family 23 model 24 stepping 1, cmov, cx8, fxsr, mmx, sse, sse2, sse3, ssse3, sse4.1, sse4.2, popcnt, avx, avx2, aes, clmul, mmxext, 3dnowpref, lzcnt, sse4a, ht, tsc, tscinvbit, tscinv, bmi1, bmi2, adx, sha, fma

Memory: 4k page, system-wide physical 6060M (239M free)
TotalPageFile size 24492M (AvailPageFile size 197M)
current process WorkingSet (physical memory assigned to process): 278M, peak: 306M
current process commit charge ("private bytes"): 450M, peak: 478M

vm_info: OpenJDK 64-Bit Server VM (11.0.2+9) for windows-amd64 JRE (11.0.2+9), built on Jan 18 2019 05:23:22 by "mach5one" with MS VC++ 15.5 (VS2017)

END.
