#
# There is insufficient memory for the Java Runtime Environment to continue.
# Native memory allocation (malloc) failed to allocate 1102496 bytes. Error detail: Chunk::new
# Possible reasons:
#   The system is out of physical RAM or swap space
#   This process is running with CompressedOops enabled, and the Java Heap may be blocking the growth of the native heap
# Possible solutions:
#   Reduce memory load on the system
#   Increase physical memory or swap space
#   Check if swap backing store is full
#   Decrease Java heap size (-Xmx/-Xms)
#   Decrease number of Java threads
#   Decrease Java thread stack sizes (-Xss)
#   Set larger code cache with -XX:ReservedCodeCacheSize=
#   JVM is running with Unscaled Compressed Oops mode in which the Java heap is
#     placed in the first 4GB address space. The Java Heap base address is the
#     maximum limit for the native heap growth. Please use -XX:HeapBaseMinAddress
#     to set the Java Heap base and to place the Java Heap above 4GB virtual address.
# This output file may be truncated or incomplete.
#
#  Out of Memory Error (arena.cpp:191), pid=47176, tid=43924
#
# JRE version: OpenJDK Runtime Environment Temurin-17.0.13+11 (17.0.13+11) (build 17.0.13+11)
# Java VM: OpenJDK 64-Bit Server VM Temurin-17.0.13+11 (17.0.13+11, mixed mode, tiered, compressed oops, compressed class ptrs, parallel gc, windows-amd64)
# No core dump will be written. Minidumps are not enabled by default on client versions of Windows
#

---------------  S U M M A R Y ------------

Command Line: --add-modules=ALL-SYSTEM --add-opens=java.base/java.util=ALL-UNNAMED --add-opens=java.base/java.lang=ALL-UNNAMED --add-opens=java.base/sun.nio.fs=ALL-UNNAMED -Declipse.application=org.eclipse.jdt.ls.core.id1 -Dosgi.bundles.defaultStartLevel=4 -Declipse.product=org.eclipse.jdt.ls.core.product -Djava.import.generatesMetadataFilesAtProjectRoot=false -DDetectVMInstallationsJob.disabled=true -Dfile.encoding=utf8 -XX:+UseParallelGC -XX:GCTimeRatio=4 -XX:AdaptiveSizePolicyWeight=90 -Dsun.zip.disableMemoryMapping=true -Xmx1G -Xms100m -Xlog:disable -javaagent:c:\Users\athul\.vscode\extensions\redhat.java-1.37.0-win32-x64\lombok\lombok-1.18.34.jar c:\Users\athul\.vscode\extensions\redhat.java-1.37.0-win32-x64\server\plugins\org.eclipse.equinox.launcher_1.6.900.v20240613-2009.jar -configuration c:\Users\athul\AppData\Roaming\Code\User\globalStorage\redhat.java\1.37.0\config_ss_win -data c:\Users\athul\AppData\Roaming\Code\User\workspaceStorage\5c278fb7de574982b3561c3920dec1c7\redhat.java\ss_ws --pipe=\\.\pipe\lsp-8833cfc95a1bb0e2ee4e2ae8cd1325bc-sock

Host: AMD Ryzen 5 3500U with Radeon Vega Mobile Gfx  , 8 cores, 5G,  Windows 10 , 64 bit Build 19041 (10.0.19041.4957)
Time: Sat Dec  7 14:53:31 2024 India Standard Time elapsed time: 145.571690 seconds (0d 0h 2m 25s)

---------------  T H R E A D  ---------------

Current thread (0x00000151c37db410):  JavaThread "C2 CompilerThread0" daemon [_thread_in_native, id=43924, stack(0x0000001fafd00000,0x0000001fafe00000)]


Current CompileTask:
C2: 145571 7033   !   4       org.eclipse.jdt.internal.compiler.classfmt.ClassFileReader::<init> (2119 bytes)

Stack: [0x0000001fafd00000,0x0000001fafe00000]
Native frames: (J=compiled Java code, j=interpreted, Vv=VM code, C=native code)
V  [jvm.dll+0x682a19]
V  [jvm.dll+0x839538]
V  [jvm.dll+0x83afe3]
V  [jvm.dll+0x83b653]
V  [jvm.dll+0x24704f]
V  [jvm.dll+0xace34]
V  [jvm.dll+0xad4cc]
V  [jvm.dll+0x2ac84f]
V  [jvm.dll+0x588a79]
V  [jvm.dll+0x220ea2]
V  [jvm.dll+0x22129f]
V  [jvm.dll+0x21a2b0]
V  [jvm.dll+0x21738b]
V  [jvm.dll+0x1a3070]
V  [jvm.dll+0x22788c]
V  [jvm.dll+0x2259eb]
V  [jvm.dll+0x7eec98]
V  [jvm.dll+0x7e8ffc]
V  [jvm.dll+0x6818f7]
C  [ucrtbase.dll+0x21bb2]
C  [KERNEL32.DLL+0x17374]
C  [ntdll.dll+0x4cc91]


---------------  P R O C E S S  ---------------

Threads class SMR info:
_java_thread_list=0x00000151c3b17790, length=37, elements={
0x00000151a8905710, 0x00000151be6d2750, 0x00000151be6d3760, 0x00000151be6d81f0,
0x00000151be6d8f80, 0x00000151c37d8f20, 0x00000151c37da810, 0x00000151c37db410,
0x00000151c3813ff0, 0x00000151be6dc7a0, 0x00000151c38ce5d0, 0x00000151c3ab80d0,
0x00000151c4f202b0, 0x00000151c4ef9210, 0x00000151c4fd8020, 0x00000151c4f41790,
0x00000151c52d3ec0, 0x00000151c52d43d0, 0x00000151c52d7670, 0x00000151c52d6740,
0x00000151c52d4df0, 0x00000151c52d5d20, 0x00000151c52d6230, 0x00000151c52d5300,
0x00000151c52d6c50, 0x00000151c52d7160, 0x00000151c52d5810, 0x00000151c561ca80,
0x00000151c561c060, 0x00000151c561f300, 0x00000151c5622090, 0x00000151c5622fc0,
0x00000151c561d9b0, 0x00000151c56225a0, 0x00000151c561fd20, 0x00000151c5621160,
0x00000151c5621670
}

Java Threads: ( => current thread )
  0x00000151a8905710 JavaThread "main" [_thread_blocked, id=40336, stack(0x0000001faf400000,0x0000001faf500000)]
  0x00000151be6d2750 JavaThread "Reference Handler" daemon [_thread_blocked, id=43300, stack(0x0000001faf700000,0x0000001faf800000)]
  0x00000151be6d3760 JavaThread "Finalizer" daemon [_thread_blocked, id=15904, stack(0x0000001faf800000,0x0000001faf900000)]
  0x00000151be6d81f0 JavaThread "Signal Dispatcher" daemon [_thread_blocked, id=39428, stack(0x0000001faf900000,0x0000001fafa00000)]
  0x00000151be6d8f80 JavaThread "Attach Listener" daemon [_thread_blocked, id=25556, stack(0x0000001fafa00000,0x0000001fafb00000)]
  0x00000151c37d8f20 JavaThread "Service Thread" daemon [_thread_blocked, id=46896, stack(0x0000001fafb00000,0x0000001fafc00000)]
  0x00000151c37da810 JavaThread "Monitor Deflation Thread" daemon [_thread_blocked, id=45432, stack(0x0000001fafc00000,0x0000001fafd00000)]
=>0x00000151c37db410 JavaThread "C2 CompilerThread0" daemon [_thread_in_native, id=43924, stack(0x0000001fafd00000,0x0000001fafe00000)]
  0x00000151c3813ff0 JavaThread "C1 CompilerThread0" daemon [_thread_blocked, id=45820, stack(0x0000001fafe00000,0x0000001faff00000)]
  0x00000151be6dc7a0 JavaThread "Sweeper thread" daemon [_thread_blocked, id=48036, stack(0x0000001faff00000,0x0000001fb0000000)]
  0x00000151c38ce5d0 JavaThread "Common-Cleaner" daemon [_thread_blocked, id=43744, stack(0x0000001fb0000000,0x0000001fb0100000)]
  0x00000151c3ab80d0 JavaThread "Notification Thread" daemon [_thread_blocked, id=39148, stack(0x0000001fb0100000,0x0000001fb0200000)]
  0x00000151c4f202b0 JavaThread "Active Thread: Equinox Container: 628aa0dc-ee52-476d-b4b5-1870993dd81d" [_thread_blocked, id=44952, stack(0x0000001fb0900000,0x0000001fb0a00000)]
  0x00000151c4ef9210 JavaThread "Framework Event Dispatcher: Equinox Container: 628aa0dc-ee52-476d-b4b5-1870993dd81d" daemon [_thread_blocked, id=46940, stack(0x0000001fb0a00000,0x0000001fb0b00000)]
  0x00000151c4fd8020 JavaThread "Start Level: Equinox Container: 628aa0dc-ee52-476d-b4b5-1870993dd81d" daemon [_thread_blocked, id=45928, stack(0x0000001fb0b00000,0x0000001fb0c00000)]
  0x00000151c4f41790 JavaThread "SCR Component Actor" daemon [_thread_blocked, id=47756, stack(0x0000001fb0c00000,0x0000001fb0d00000)]
  0x00000151c52d3ec0 JavaThread "Worker-JM" [_thread_blocked, id=45140, stack(0x0000001fb0f00000,0x0000001fb1000000)]
  0x00000151c52d43d0 JavaThread "JNA Cleaner" daemon [_thread_blocked, id=41272, stack(0x0000001fb1000000,0x0000001fb1100000)]
  0x00000151c52d7670 JavaThread "Worker-0" [_thread_blocked, id=45040, stack(0x0000001fb1100000,0x0000001fb1200000)]
  0x00000151c52d6740 JavaThread "Worker-2" [_thread_blocked, id=41512, stack(0x0000001fb1300000,0x0000001fb1400000)]
  0x00000151c52d4df0 JavaThread "Thread-2" daemon [_thread_in_native, id=23832, stack(0x0000001fb1400000,0x0000001fb1500000)]
  0x00000151c52d5d20 JavaThread "Thread-3" daemon [_thread_in_native, id=40924, stack(0x0000001fb1500000,0x0000001fb1600000)]
  0x00000151c52d6230 JavaThread "Thread-4" daemon [_thread_in_native, id=34996, stack(0x0000001fb1600000,0x0000001fb1700000)]
  0x00000151c52d5300 JavaThread "Thread-5" daemon [_thread_in_native, id=40160, stack(0x0000001fb1700000,0x0000001fb1800000)]
  0x00000151c52d6c50 JavaThread "Thread-6" daemon [_thread_in_native, id=31924, stack(0x0000001fb1800000,0x0000001fb1900000)]
  0x00000151c52d7160 JavaThread "Thread-7" daemon [_thread_in_native, id=44660, stack(0x0000001fb1900000,0x0000001fb1a00000)]
  0x00000151c52d5810 JavaThread "Thread-8" daemon [_thread_in_native, id=37788, stack(0x0000001fb1a00000,0x0000001fb1b00000)]
  0x00000151c561ca80 JavaThread "Thread-9" daemon [_thread_in_native, id=44808, stack(0x0000001fb1b00000,0x0000001fb1c00000)]
  0x00000151c561c060 JavaThread "Thread-10" daemon [_thread_in_native, id=40740, stack(0x0000001fb1c00000,0x0000001fb1d00000)]
  0x00000151c561f300 JavaThread "pool-2-thread-1" [_thread_blocked, id=46852, stack(0x0000001fb1d00000,0x0000001fb1e00000)]
  0x00000151c5622090 JavaThread "WorkspaceEventsHandler" [_thread_blocked, id=44944, stack(0x0000001fb1e00000,0x0000001fb1f00000)]
  0x00000151c5622fc0 JavaThread "pool-1-thread-1" [_thread_blocked, id=14784, stack(0x0000001fb1f00000,0x0000001fb2000000)]
  0x00000151c561d9b0 JavaThread "ForkJoinPool.commonPool-worker-1" daemon [_thread_blocked, id=43588, stack(0x0000001fb2000000,0x0000001fb2100000)]
  0x00000151c56225a0 JavaThread "ForkJoinPool.commonPool-worker-2" daemon [_thread_blocked, id=7052, stack(0x0000001fb2100000,0x0000001fb2200000)]
  0x00000151c561fd20 JavaThread "ForkJoinPool.commonPool-worker-3" daemon [_thread_blocked, id=45084, stack(0x0000001fb2200000,0x0000001fb2300000)]
  0x00000151c5621160 JavaThread "ForkJoinPool.commonPool-worker-4" daemon [_thread_blocked, id=39960, stack(0x0000001fb2300000,0x0000001fb2400000)]
  0x00000151c5621670 JavaThread "Worker-3" [_thread_blocked, id=47276, stack(0x0000001faf100000,0x0000001faf200000)]

Other Threads:
  0x00000151c37b1580 VMThread "VM Thread" [stack: 0x0000001faf600000,0x0000001faf700000] [id=27152]
  0x00000151c3ae6b30 WatcherThread [stack: 0x0000001fb0200000,0x0000001fb0300000] [id=34656]
  0x00000151a8918f10 GCTaskThread "GC Thread#0" [stack: 0x0000001faf500000,0x0000001faf600000] [id=46336]
  0x00000151c4e29a30 GCTaskThread "GC Thread#1" [stack: 0x0000001fb0300000,0x0000001fb0400000] [id=15892]
  0x00000151c4e29cf0 GCTaskThread "GC Thread#2" [stack: 0x0000001fb0400000,0x0000001fb0500000] [id=42880]
  0x00000151c4a55430 GCTaskThread "GC Thread#3" [stack: 0x0000001fb0500000,0x0000001fb0600000] [id=40028]
  0x00000151c4a556f0 GCTaskThread "GC Thread#4" [stack: 0x0000001fb0600000,0x0000001fb0700000] [id=44040]
  0x00000151c4a559b0 GCTaskThread "GC Thread#5" [stack: 0x0000001fb0700000,0x0000001fb0800000] [id=46588]
  0x00000151c4a55c70 GCTaskThread "GC Thread#6" [stack: 0x0000001fb0800000,0x0000001fb0900000] [id=39188]
  0x00000151c50d6af0 GCTaskThread "GC Thread#7" [stack: 0x0000001fb0d00000,0x0000001fb0e00000] [id=47044]

Threads with active compile tasks:
C2 CompilerThread0   145620 7033   !   4       org.eclipse.jdt.internal.compiler.classfmt.ClassFileReader::<init> (2119 bytes)

VM state: not at safepoint (normal execution)

VM Mutex/Monitor currently owned by a thread: None

Heap address: 0x00000000c0000000, size: 1024 MB, Compressed Oops mode: 32-bit

CDS archive(s) not mapped
Compressed class space mapped at: 0x0000000100000000-0x0000000140000000, reserved size: 1073741824
Narrow klass base: 0x0000000000000000, Narrow klass shift: 3, Narrow klass range: 0x140000000

GC Precious Log:
 CPUs: 8 total, 8 available
 Memory: 6060M
 Large Page Support: Disabled
 NUMA Support: Disabled
 Compressed Oops: Enabled (32-bit)
 Alignments: Space 512K, Generation 512K, Heap 2M
 Heap Min Capacity: 100M
 Heap Initial Capacity: 100M
 Heap Max Capacity: 1G
 Pre-touch: Disabled
 Parallel Workers: 8

Heap:
 PSYoungGen      total 17920K, used 9905K [0x00000000eab00000, 0x00000000ec880000, 0x0000000100000000)
  eden space 15872K, 49% used [0x00000000eab00000,0x00000000eb2ae340,0x00000000eba80000)
  from space 2048K, 99% used [0x00000000ec000000,0x00000000ec1fe258,0x00000000ec200000)
  to   space 5632K, 0% used [0x00000000eba80000,0x00000000eba80000,0x00000000ec000000)
 ParOldGen       total 68608K, used 39777K [0x00000000c0000000, 0x00000000c4300000, 0x00000000eab00000)
  object space 68608K, 57% used [0x00000000c0000000,0x00000000c26d8540,0x00000000c4300000)
 Metaspace       used 50779K, committed 51584K, reserved 1114112K
  class space    used 5033K, committed 5376K, reserved 1048576K

Card table byte_map: [0x00000151bbf50000,0x00000151bc160000] _byte_map_base: 0x00000151bb950000

Marking Bits: (ParMarkBitMap*) 0x00007ffb97ba6940
 Begin Bits: [0x00000151bc2c0000, 0x00000151bd2c0000)
 End Bits:   [0x00000151bd2c0000, 0x00000151be2c0000)

Polling page: 0x00000151acd40000

Metaspace:

Usage:
  Non-class:     44.67 MB used.
      Class:      4.92 MB used.
       Both:     49.59 MB used.

Virtual space:
  Non-class space:       64.00 MB reserved,      45.12 MB ( 71%) committed,  1 nodes.
      Class space:        1.00 GB reserved,       5.25 MB ( <1%) committed,  1 nodes.
             Both:        1.06 GB reserved,      50.38 MB (  5%) committed. 

Chunk freelists:
   Non-Class:  2.52 MB
       Class:  10.69 MB
        Both:  13.20 MB

MaxMetaspaceSize: unlimited
CompressedClassSpaceSize: 1.00 GB
Initial GC threshold: 21.00 MB
Current GC threshold: 58.38 MB
CDS: off
MetaspaceReclaimPolicy: balanced
 - commit_granule_bytes: 65536.
 - commit_granule_words: 8192.
 - virtual_space_node_default_size: 8388608.
 - enlarge_chunks_in_place: 1.
 - new_chunks_are_fully_committed: 0.
 - uncommit_free_chunks: 1.
 - use_allocation_guard: 0.
 - handle_deallocations: 1.


Internal statistics:

num_allocs_failed_limit: 8.
num_arena_births: 606.
num_arena_deaths: 14.
num_vsnodes_births: 2.
num_vsnodes_deaths: 0.
num_space_committed: 806.
num_space_uncommitted: 0.
num_chunks_returned_to_freelist: 22.
num_chunks_taken_from_freelist: 2474.
num_chunk_merges: 13.
num_chunk_splits: 1543.
num_chunks_enlarged: 919.
num_inconsistent_stats: 0.

CodeHeap 'non-profiled nmethods': size=120000Kb used=3521Kb max_used=3521Kb free=116478Kb
 bounds [0x00000151b4830000, 0x00000151b4bb0000, 0x00000151bbd60000]
CodeHeap 'profiled nmethods': size=120000Kb used=13336Kb max_used=13336Kb free=106663Kb
 bounds [0x00000151acd60000, 0x00000151ada70000, 0x00000151b4290000]
CodeHeap 'non-nmethods': size=5760Kb used=1347Kb max_used=1417Kb free=4412Kb
 bounds [0x00000151b4290000, 0x00000151b4500000, 0x00000151b4830000]
 total_blobs=6775 nmethods=6082 adapters=606
 compilation: enabled
              stopped_count=0, restarted_count=0
 full_count=0

Compilation events (20 events):
Event: 144.951 Thread 0x00000151c3813ff0 7044       3       org.eclipse.jdt.internal.core.util.Util::concatWith (90 bytes)
Event: 144.952 Thread 0x00000151c3813ff0 nmethod 7044 0x00000151ada5af10 code [0x00000151ada5b180, 0x00000151ada5ba88]
Event: 144.953 Thread 0x00000151c3813ff0 7046       3       org.eclipse.jdt.internal.core.BinaryType::getPackageFragment (41 bytes)
Event: 144.953 Thread 0x00000151c3813ff0 nmethod 7046 0x00000151ada5be90 code [0x00000151ada5c080, 0x00000151ada5c6d8]
Event: 144.953 Thread 0x00000151c3813ff0 7045   !   3       org.eclipse.jdt.internal.core.SearchableEnvironmentRequestor::acceptType (190 bytes)
Event: 144.956 Thread 0x00000151c3813ff0 nmethod 7045 0x00000151ada5c890 code [0x00000151ada5cc20, 0x00000151ada5e308]
Event: 144.956 Thread 0x00000151c3813ff0 7047       3       org.eclipse.jdt.internal.codeassist.SelectionEngine::acceptType (731 bytes)
Event: 144.959 Thread 0x00000151c3813ff0 nmethod 7047 0x00000151ada5ed10 code [0x00000151ada5f100, 0x00000151ada61e18]
Event: 144.991 Thread 0x00000151c3813ff0 7048 %s    3       org.eclipse.jdt.internal.core.JavaModelManager::putInfos @ 52 (192 bytes)
Event: 144.992 Thread 0x00000151c3813ff0 nmethod 7048% 0x00000151ada62b90 code [0x00000151ada62ee0, 0x00000151ada647e8]
Event: 145.018 Thread 0x00000151c3813ff0 7050       3       java.lang.AbstractStringBuilder::checkRangeSIOOBE (63 bytes)
Event: 145.019 Thread 0x00000151c3813ff0 nmethod 7050 0x00000151ada64e10 code [0x00000151ada650a0, 0x00000151ada659b8]
Event: 145.046 Thread 0x00000151c3813ff0 7051       3       org.eclipse.jdt.core.compiler.CharOperation::replaceOnCopy (78 bytes)
Event: 145.047 Thread 0x00000151c3813ff0 nmethod 7051 0x00000151ada65d90 code [0x00000151ada65f60, 0x00000151ada66428]
Event: 145.056 Thread 0x00000151c3813ff0 7052       3       org.eclipse.jdt.internal.compiler.util.Util::scanTypeVariableSignature (60 bytes)
Event: 145.058 Thread 0x00000151c3813ff0 nmethod 7052 0x00000151ada66610 code [0x00000151ada66880, 0x00000151ada671b8]
Event: 145.058 Thread 0x00000151c3813ff0 7053       3       org.eclipse.jdt.core.Signature::toCharArray (83 bytes)
Event: 145.059 Thread 0x00000151c3813ff0 nmethod 7053 0x00000151ada67590 code [0x00000151ada677a0, 0x00000151ada67d88]
Event: 145.217 Thread 0x00000151c37db410 nmethod 7030 0x00000151b4b95610 code [0x00000151b4b95b80, 0x00000151b4b9c858]
Event: 145.217 Thread 0x00000151c37db410 7033   !   4       org.eclipse.jdt.internal.compiler.classfmt.ClassFileReader::<init> (2119 bytes)

GC Heap History (20 events):
Event: 16.718 GC heap before
{Heap before GC invocations=19 (full 2):
 PSYoungGen      total 23040K, used 22933K [0x00000000eab00000, 0x00000000ec400000, 0x0000000100000000)
  eden space 22016K, 99% used [0x00000000eab00000,0x00000000ec07ebc8,0x00000000ec080000)
  from space 1024K, 90% used [0x00000000ec300000,0x00000000ec3e6b08,0x00000000ec400000)
  to   space 1024K, 0% used [0x00000000ec100000,0x00000000ec100000,0x00000000ec200000)
 ParOldGen       total 68608K, used 22889K [0x00000000c0000000, 0x00000000c4300000, 0x00000000eab00000)
  object space 68608K, 33% used [0x00000000c0000000,0x00000000c165a760,0x00000000c4300000)
 Metaspace       used 43224K, committed 43968K, reserved 1114112K
  class space    used 4386K, committed 4736K, reserved 1048576K
}
Event: 16.721 GC heap after
{Heap after GC invocations=19 (full 2):
 PSYoungGen      total 23040K, used 322K [0x00000000eab00000, 0x00000000ec380000, 0x0000000100000000)
  eden space 22016K, 0% used [0x00000000eab00000,0x00000000eab00000,0x00000000ec080000)
  from space 1024K, 31% used [0x00000000ec100000,0x00000000ec150af0,0x00000000ec200000)
  to   space 1024K, 0% used [0x00000000ec280000,0x00000000ec280000,0x00000000ec380000)
 ParOldGen       total 68608K, used 23533K [0x00000000c0000000, 0x00000000c4300000, 0x00000000eab00000)
  object space 68608K, 34% used [0x00000000c0000000,0x00000000c16fb470,0x00000000c4300000)
 Metaspace       used 43224K, committed 43968K, reserved 1114112K
  class space    used 4386K, committed 4736K, reserved 1048576K
}
Event: 17.275 GC heap before
{Heap before GC invocations=20 (full 2):
 PSYoungGen      total 23040K, used 22338K [0x00000000eab00000, 0x00000000ec380000, 0x0000000100000000)
  eden space 22016K, 100% used [0x00000000eab00000,0x00000000ec080000,0x00000000ec080000)
  from space 1024K, 31% used [0x00000000ec100000,0x00000000ec150af0,0x00000000ec200000)
  to   space 1024K, 0% used [0x00000000ec280000,0x00000000ec280000,0x00000000ec380000)
 ParOldGen       total 68608K, used 23533K [0x00000000c0000000, 0x00000000c4300000, 0x00000000eab00000)
  object space 68608K, 34% used [0x00000000c0000000,0x00000000c16fb470,0x00000000c4300000)
 Metaspace       used 45382K, committed 46272K, reserved 1114112K
  class space    used 4584K, committed 4992K, reserved 1048576K
}
Event: 17.277 GC heap after
{Heap after GC invocations=20 (full 2):
 PSYoungGen      total 23040K, used 608K [0x00000000eab00000, 0x00000000ec380000, 0x0000000100000000)
  eden space 22016K, 0% used [0x00000000eab00000,0x00000000eab00000,0x00000000ec080000)
  from space 1024K, 59% used [0x00000000ec280000,0x00000000ec318000,0x00000000ec380000)
  to   space 1024K, 0% used [0x00000000ec100000,0x00000000ec100000,0x00000000ec200000)
 ParOldGen       total 68608K, used 23565K [0x00000000c0000000, 0x00000000c4300000, 0x00000000eab00000)
  object space 68608K, 34% used [0x00000000c0000000,0x00000000c1703470,0x00000000c4300000)
 Metaspace       used 45382K, committed 46272K, reserved 1114112K
  class space    used 4584K, committed 4992K, reserved 1048576K
}
Event: 17.808 GC heap before
{Heap before GC invocations=21 (full 2):
 PSYoungGen      total 23040K, used 22624K [0x00000000eab00000, 0x00000000ec380000, 0x0000000100000000)
  eden space 22016K, 100% used [0x00000000eab00000,0x00000000ec080000,0x00000000ec080000)
  from space 1024K, 59% used [0x00000000ec280000,0x00000000ec318000,0x00000000ec380000)
  to   space 1024K, 0% used [0x00000000ec100000,0x00000000ec100000,0x00000000ec200000)
 ParOldGen       total 68608K, used 23565K [0x00000000c0000000, 0x00000000c4300000, 0x00000000eab00000)
  object space 68608K, 34% used [0x00000000c0000000,0x00000000c1703470,0x00000000c4300000)
 Metaspace       used 46183K, committed 46976K, reserved 1114112K
  class space    used 4650K, committed 4992K, reserved 1048576K
}
Event: 17.812 GC heap after
{Heap after GC invocations=21 (full 2):
 PSYoungGen      total 23040K, used 1008K [0x00000000eab00000, 0x00000000ec680000, 0x0000000100000000)
  eden space 22016K, 0% used [0x00000000eab00000,0x00000000eab00000,0x00000000ec080000)
  from space 1024K, 98% used [0x00000000ec100000,0x00000000ec1fc020,0x00000000ec200000)
  to   space 3072K, 0% used [0x00000000ec380000,0x00000000ec380000,0x00000000ec680000)
 ParOldGen       total 68608K, used 25218K [0x00000000c0000000, 0x00000000c4300000, 0x00000000eab00000)
  object space 68608K, 36% used [0x00000000c0000000,0x00000000c18a0ac0,0x00000000c4300000)
 Metaspace       used 46183K, committed 46976K, reserved 1114112K
  class space    used 4650K, committed 4992K, reserved 1048576K
}
Event: 17.894 GC heap before
{Heap before GC invocations=22 (full 2):
 PSYoungGen      total 23040K, used 23024K [0x00000000eab00000, 0x00000000ec680000, 0x0000000100000000)
  eden space 22016K, 99% used [0x00000000eab00000,0x00000000ec07fff0,0x00000000ec080000)
  from space 1024K, 98% used [0x00000000ec100000,0x00000000ec1fc020,0x00000000ec200000)
  to   space 3072K, 0% used [0x00000000ec380000,0x00000000ec380000,0x00000000ec680000)
 ParOldGen       total 68608K, used 25218K [0x00000000c0000000, 0x00000000c4300000, 0x00000000eab00000)
  object space 68608K, 36% used [0x00000000c0000000,0x00000000c18a0ac0,0x00000000c4300000)
 Metaspace       used 46185K, committed 46976K, reserved 1114112K
  class space    used 4650K, committed 4992K, reserved 1048576K
}
Event: 17.902 GC heap after
{Heap after GC invocations=22 (full 2):
 PSYoungGen      total 25088K, used 2688K [0x00000000eab00000, 0x00000000ec680000, 0x0000000100000000)
  eden space 22016K, 0% used [0x00000000eab00000,0x00000000eab00000,0x00000000ec080000)
  from space 3072K, 87% used [0x00000000ec380000,0x00000000ec620010,0x00000000ec680000)
  to   space 3072K, 0% used [0x00000000ec080000,0x00000000ec080000,0x00000000ec380000)
 ParOldGen       total 68608K, used 26250K [0x00000000c0000000, 0x00000000c4300000, 0x00000000eab00000)
  object space 68608K, 38% used [0x00000000c0000000,0x00000000c19a2aa0,0x00000000c4300000)
 Metaspace       used 46185K, committed 46976K, reserved 1114112K
  class space    used 4650K, committed 4992K, reserved 1048576K
}
Event: 18.053 GC heap before
{Heap before GC invocations=23 (full 2):
 PSYoungGen      total 25088K, used 24704K [0x00000000eab00000, 0x00000000ec680000, 0x0000000100000000)
  eden space 22016K, 100% used [0x00000000eab00000,0x00000000ec080000,0x00000000ec080000)
  from space 3072K, 87% used [0x00000000ec380000,0x00000000ec620010,0x00000000ec680000)
  to   space 3072K, 0% used [0x00000000ec080000,0x00000000ec080000,0x00000000ec380000)
 ParOldGen       total 68608K, used 26250K [0x00000000c0000000, 0x00000000c4300000, 0x00000000eab00000)
  object space 68608K, 38% used [0x00000000c0000000,0x00000000c19a2aa0,0x00000000c4300000)
 Metaspace       used 46259K, committed 47104K, reserved 1114112K
  class space    used 4654K, committed 4992K, reserved 1048576K
}
Event: 18.060 GC heap after
{Heap after GC invocations=23 (full 2):
 PSYoungGen      total 24576K, used 2304K [0x00000000eab00000, 0x00000000ec580000, 0x0000000100000000)
  eden space 22016K, 0% used [0x00000000eab00000,0x00000000eab00000,0x00000000ec080000)
  from space 2560K, 90% used [0x00000000ec080000,0x00000000ec2c0000,0x00000000ec300000)
  to   space 2560K, 0% used [0x00000000ec300000,0x00000000ec300000,0x00000000ec580000)
 ParOldGen       total 68608K, used 28810K [0x00000000c0000000, 0x00000000c4300000, 0x00000000eab00000)
  object space 68608K, 41% used [0x00000000c0000000,0x00000000c1c22ab0,0x00000000c4300000)
 Metaspace       used 46259K, committed 47104K, reserved 1114112K
  class space    used 4654K, committed 4992K, reserved 1048576K
}
Event: 18.637 GC heap before
{Heap before GC invocations=24 (full 2):
 PSYoungGen      total 24576K, used 24320K [0x00000000eab00000, 0x00000000ec580000, 0x0000000100000000)
  eden space 22016K, 100% used [0x00000000eab00000,0x00000000ec080000,0x00000000ec080000)
  from space 2560K, 90% used [0x00000000ec080000,0x00000000ec2c0000,0x00000000ec300000)
  to   space 2560K, 0% used [0x00000000ec300000,0x00000000ec300000,0x00000000ec580000)
 ParOldGen       total 68608K, used 28810K [0x00000000c0000000, 0x00000000c4300000, 0x00000000eab00000)
  object space 68608K, 41% used [0x00000000c0000000,0x00000000c1c22ab0,0x00000000c4300000)
 Metaspace       used 47493K, committed 48320K, reserved 1114112K
  class space    used 4794K, committed 5184K, reserved 1048576K
}
Event: 18.644 GC heap after
{Heap after GC invocations=24 (full 2):
 PSYoungGen      total 21504K, used 2551K [0x00000000eab00000, 0x00000000ecb80000, 0x0000000100000000)
  eden space 18944K, 0% used [0x00000000eab00000,0x00000000eab00000,0x00000000ebd80000)
  from space 2560K, 99% used [0x00000000ec300000,0x00000000ec57dee0,0x00000000ec580000)
  to   space 5632K, 0% used [0x00000000ebd80000,0x00000000ebd80000,0x00000000ec300000)
 ParOldGen       total 68608K, used 31336K [0x00000000c0000000, 0x00000000c4300000, 0x00000000eab00000)
  object space 68608K, 45% used [0x00000000c0000000,0x00000000c1e9a160,0x00000000c4300000)
 Metaspace       used 47493K, committed 48320K, reserved 1114112K
  class space    used 4794K, committed 5184K, reserved 1048576K
}
Event: 45.338 GC heap before
{Heap before GC invocations=25 (full 2):
 PSYoungGen      total 21504K, used 21495K [0x00000000eab00000, 0x00000000ecb80000, 0x0000000100000000)
  eden space 18944K, 100% used [0x00000000eab00000,0x00000000ebd80000,0x00000000ebd80000)
  from space 2560K, 99% used [0x00000000ec300000,0x00000000ec57dee0,0x00000000ec580000)
  to   space 5632K, 0% used [0x00000000ebd80000,0x00000000ebd80000,0x00000000ec300000)
 ParOldGen       total 68608K, used 31336K [0x00000000c0000000, 0x00000000c4300000, 0x00000000eab00000)
  object space 68608K, 45% used [0x00000000c0000000,0x00000000c1e9a160,0x00000000c4300000)
 Metaspace       used 49545K, committed 50432K, reserved 1114112K
  class space    used 5005K, committed 5376K, reserved 1048576K
}
Event: 45.349 GC heap after
{Heap after GC invocations=25 (full 2):
 PSYoungGen      total 22016K, used 2937K [0x00000000eab00000, 0x00000000ec580000, 0x0000000100000000)
  eden space 18944K, 0% used [0x00000000eab00000,0x00000000eab00000,0x00000000ebd80000)
  from space 3072K, 95% used [0x00000000ebd80000,0x00000000ec05e688,0x00000000ec080000)
  to   space 4096K, 0% used [0x00000000ec180000,0x00000000ec180000,0x00000000ec580000)
 ParOldGen       total 68608K, used 33687K [0x00000000c0000000, 0x00000000c4300000, 0x00000000eab00000)
  object space 68608K, 49% used [0x00000000c0000000,0x00000000c20e5e00,0x00000000c4300000)
 Metaspace       used 49545K, committed 50432K, reserved 1114112K
  class space    used 5005K, committed 5376K, reserved 1048576K
}
Event: 123.184 GC heap before
{Heap before GC invocations=26 (full 2):
 PSYoungGen      total 22016K, used 21881K [0x00000000eab00000, 0x00000000ec580000, 0x0000000100000000)
  eden space 18944K, 99% used [0x00000000eab00000,0x00000000ebd7fff0,0x00000000ebd80000)
  from space 3072K, 95% used [0x00000000ebd80000,0x00000000ec05e688,0x00000000ec080000)
  to   space 4096K, 0% used [0x00000000ec180000,0x00000000ec180000,0x00000000ec580000)
 ParOldGen       total 68608K, used 33687K [0x00000000c0000000, 0x00000000c4300000, 0x00000000eab00000)
  object space 68608K, 49% used [0x00000000c0000000,0x00000000c20e5e00,0x00000000c4300000)
 Metaspace       used 50080K, committed 50944K, reserved 1114112K
  class space    used 5019K, committed 5376K, reserved 1048576K
}
Event: 123.221 GC heap after
{Heap after GC invocations=26 (full 2):
 PSYoungGen      total 21504K, used 2278K [0x00000000eab00000, 0x00000000ec400000, 0x0000000100000000)
  eden space 18944K, 0% used [0x00000000eab00000,0x00000000eab00000,0x00000000ebd80000)
  from space 2560K, 89% used [0x00000000ec180000,0x00000000ec3b99b0,0x00000000ec400000)
  to   space 3072K, 0% used [0x00000000ebe00000,0x00000000ebe00000,0x00000000ec100000)
 ParOldGen       total 68608K, used 35986K [0x00000000c0000000, 0x00000000c4300000, 0x00000000eab00000)
  object space 68608K, 52% used [0x00000000c0000000,0x00000000c2324bc0,0x00000000c4300000)
 Metaspace       used 50080K, committed 50944K, reserved 1114112K
  class space    used 5019K, committed 5376K, reserved 1048576K
}
Event: 141.213 GC heap before
{Heap before GC invocations=27 (full 2):
 PSYoungGen      total 21504K, used 21222K [0x00000000eab00000, 0x00000000ec400000, 0x0000000100000000)
  eden space 18944K, 100% used [0x00000000eab00000,0x00000000ebd80000,0x00000000ebd80000)
  from space 2560K, 89% used [0x00000000ec180000,0x00000000ec3b99b0,0x00000000ec400000)
  to   space 3072K, 0% used [0x00000000ebe00000,0x00000000ebe00000,0x00000000ec100000)
 ParOldGen       total 68608K, used 35986K [0x00000000c0000000, 0x00000000c4300000, 0x00000000eab00000)
  object space 68608K, 52% used [0x00000000c0000000,0x00000000c2324bc0,0x00000000c4300000)
 Metaspace       used 50589K, committed 51392K, reserved 1114112K
  class space    used 5028K, committed 5376K, reserved 1048576K
}
Event: 141.217 GC heap after
{Heap after GC invocations=27 (full 2):
 PSYoungGen      total 20480K, used 1440K [0x00000000eab00000, 0x00000000ec200000, 0x0000000100000000)
  eden space 18944K, 0% used [0x00000000eab00000,0x00000000eab00000,0x00000000ebd80000)
  from space 1536K, 93% used [0x00000000ebe00000,0x00000000ebf68060,0x00000000ebf80000)
  to   space 2048K, 0% used [0x00000000ec000000,0x00000000ec000000,0x00000000ec200000)
 ParOldGen       total 68608K, used 37145K [0x00000000c0000000, 0x00000000c4300000, 0x00000000eab00000)
  object space 68608K, 54% used [0x00000000c0000000,0x00000000c24464c0,0x00000000c4300000)
 Metaspace       used 50589K, committed 51392K, reserved 1114112K
  class space    used 5028K, committed 5376K, reserved 1048576K
}
Event: 144.407 GC heap before
{Heap before GC invocations=28 (full 2):
 PSYoungGen      total 20480K, used 20384K [0x00000000eab00000, 0x00000000ec200000, 0x0000000100000000)
  eden space 18944K, 100% used [0x00000000eab00000,0x00000000ebd80000,0x00000000ebd80000)
  from space 1536K, 93% used [0x00000000ebe00000,0x00000000ebf68060,0x00000000ebf80000)
  to   space 2048K, 0% used [0x00000000ec000000,0x00000000ec000000,0x00000000ec200000)
 ParOldGen       total 68608K, used 37145K [0x00000000c0000000, 0x00000000c4300000, 0x00000000eab00000)
  object space 68608K, 54% used [0x00000000c0000000,0x00000000c24464c0,0x00000000c4300000)
 Metaspace       used 50763K, committed 51584K, reserved 1114112K
  class space    used 5033K, committed 5376K, reserved 1048576K
}
Event: 144.416 GC heap after
{Heap after GC invocations=28 (full 2):
 PSYoungGen      total 17920K, used 2040K [0x00000000eab00000, 0x00000000ec880000, 0x0000000100000000)
  eden space 15872K, 0% used [0x00000000eab00000,0x00000000eab00000,0x00000000eba80000)
  from space 2048K, 99% used [0x00000000ec000000,0x00000000ec1fe258,0x00000000ec200000)
  to   space 5632K, 0% used [0x00000000eba80000,0x00000000eba80000,0x00000000ec000000)
 ParOldGen       total 68608K, used 39777K [0x00000000c0000000, 0x00000000c4300000, 0x00000000eab00000)
  object space 68608K, 57% used [0x00000000c0000000,0x00000000c26d8540,0x00000000c4300000)
 Metaspace       used 50763K, committed 51584K, reserved 1114112K
  class space    used 5033K, committed 5376K, reserved 1048576K
}

Dll operation events (10 events):
Event: 0.040 Loaded shared library c:\Users\athul\.vscode\extensions\redhat.java-1.37.0-win32-x64\jre\17.0.13-win32-x86_64\bin\java.dll
Event: 0.465 Loaded shared library c:\Users\athul\.vscode\extensions\redhat.java-1.37.0-win32-x64\jre\17.0.13-win32-x86_64\bin\zip.dll
Event: 0.471 Loaded shared library C:\Users\athul\.vscode\extensions\redhat.java-1.37.0-win32-x64\jre\17.0.13-win32-x86_64\bin\instrument.dll
Event: 0.491 Loaded shared library C:\Users\athul\.vscode\extensions\redhat.java-1.37.0-win32-x64\jre\17.0.13-win32-x86_64\bin\net.dll
Event: 0.495 Loaded shared library C:\Users\athul\.vscode\extensions\redhat.java-1.37.0-win32-x64\jre\17.0.13-win32-x86_64\bin\nio.dll
Event: 0.509 Loaded shared library C:\Users\athul\.vscode\extensions\redhat.java-1.37.0-win32-x64\jre\17.0.13-win32-x86_64\bin\zip.dll
Event: 0.543 Loaded shared library C:\Users\athul\.vscode\extensions\redhat.java-1.37.0-win32-x64\jre\17.0.13-win32-x86_64\bin\jimage.dll
Event: 0.657 Loaded shared library c:\Users\athul\.vscode\extensions\redhat.java-1.37.0-win32-x64\jre\17.0.13-win32-x86_64\bin\verify.dll
Event: 3.562 Loaded shared library C:\Users\athul\AppData\Roaming\Code\User\globalStorage\redhat.java\1.37.0\config_ss_win\org.eclipse.equinox.launcher\org.eclipse.equinox.launcher.win32.win32.x86_64_1.2.1100.v20240722-2106\eclipse_11904.dll
Event: 7.873 Loaded shared library C:\Users\athul\AppData\Local\Temp\jna-93140972\jna17441231380491315451.dll

Deoptimization events (20 events):
Event: 144.100 Thread 0x00000151c5621160 DEOPT PACKING pc=0x00000151b485a120 sp=0x0000001fb23fdc70
Event: 144.100 Thread 0x00000151c5621160 DEOPT UNPACKING pc=0x00000151b42e66a3 sp=0x0000001fb23fdb30 mode 2
Event: 144.104 Thread 0x00000151c5621160 DEOPT PACKING pc=0x00000151ad9c5f05 sp=0x0000001fb23fdd80
Event: 144.104 Thread 0x00000151c5621160 DEOPT UNPACKING pc=0x00000151b42e6e43 sp=0x0000001fb23fd328 mode 0
Event: 144.171 Thread 0x00000151c5621160 DEOPT PACKING pc=0x00000151ad6c567e sp=0x0000001fb23fdba0
Event: 144.171 Thread 0x00000151c5621160 DEOPT UNPACKING pc=0x00000151b42e6e43 sp=0x0000001fb23fd008 mode 0
Event: 144.195 Thread 0x00000151c561d9b0 DEOPT PACKING pc=0x00000151ad9c5f05 sp=0x0000001fb20fe2c0
Event: 144.202 Thread 0x00000151c561d9b0 DEOPT UNPACKING pc=0x00000151b42e6e43 sp=0x0000001fb20fd848 mode 0
Event: 144.273 Thread 0x00000151c5621160 DEOPT PACKING pc=0x00000151ad9c5f05 sp=0x0000001fb23fdde0
Event: 144.273 Thread 0x00000151c5621160 DEOPT UNPACKING pc=0x00000151b42e6e43 sp=0x0000001fb23fd388 mode 0
Event: 144.355 Thread 0x00000151c5621160 DEOPT PACKING pc=0x00000151ad9c5f05 sp=0x0000001fb23fde70
Event: 144.355 Thread 0x00000151c5621160 DEOPT UNPACKING pc=0x00000151b42e6e43 sp=0x0000001fb23fd418 mode 0
Event: 144.469 Thread 0x00000151c5621160 DEOPT PACKING pc=0x00000151ad9c5f05 sp=0x0000001fb23fdc50
Event: 144.469 Thread 0x00000151c5621160 DEOPT UNPACKING pc=0x00000151b42e6e43 sp=0x0000001fb23fd1d8 mode 0
Event: 144.862 Thread 0x00000151c5621160 DEOPT PACKING pc=0x00000151ad9c5f05 sp=0x0000001fb23fdc50
Event: 144.864 Thread 0x00000151c5621160 DEOPT UNPACKING pc=0x00000151b42e6e43 sp=0x0000001fb23fd1d8 mode 0
Event: 144.990 Thread 0x00000151c5621160 DEOPT PACKING pc=0x00000151ad9c5f05 sp=0x0000001fb23fdc30
Event: 144.990 Thread 0x00000151c5621160 DEOPT UNPACKING pc=0x00000151b42e6e43 sp=0x0000001fb23fd1b8 mode 0
Event: 145.061 Thread 0x00000151c5621160 DEOPT PACKING pc=0x00000151ad9c5f05 sp=0x0000001fb23fdc30
Event: 145.061 Thread 0x00000151c5621160 DEOPT UNPACKING pc=0x00000151b42e6e43 sp=0x0000001fb23fd1b8 mode 0

Classes loaded (20 events):
Event: 18.607 Loading class java/util/function/ToIntFunction
Event: 18.607 Loading class java/util/function/ToIntFunction done
Event: 18.608 Loading class java/util/stream/ReferencePipeline$4
Event: 18.608 Loading class java/util/stream/ReferencePipeline$4 done
Event: 18.610 Loading class java/util/stream/Nodes$IntFixedNodeBuilder
Event: 18.610 Loading class java/util/stream/Node$Builder$OfInt
Event: 18.610 Loading class java/util/stream/Node$Builder$OfInt done
Event: 18.610 Loading class java/util/stream/Nodes$IntArrayNode
Event: 18.611 Loading class java/util/stream/Nodes$IntArrayNode done
Event: 18.611 Loading class java/util/stream/Nodes$IntFixedNodeBuilder done
Event: 18.611 Loading class java/util/stream/ReferencePipeline$4$1
Event: 18.611 Loading class java/util/stream/ReferencePipeline$4$1 done
Event: 19.168 Loading class java/util/concurrent/ConcurrentHashMap$TreeNode
Event: 19.169 Loading class java/util/concurrent/ConcurrentHashMap$TreeNode done
Event: 19.169 Loading class java/util/concurrent/ConcurrentHashMap$TreeBin
Event: 19.169 Loading class java/util/concurrent/ConcurrentHashMap$TreeBin done
Event: 123.152 Loading class java/util/regex/Pattern$1
Event: 123.156 Loading class java/util/regex/Pattern$1 done
Event: 138.344 Loading class java/util/concurrent/CompletionException
Event: 138.346 Loading class java/util/concurrent/CompletionException done

Classes unloaded (7 events):
Event: 6.477 Thread 0x00000151c37b1580 Unloading class 0x0000000100213c00 'java/lang/invoke/LambdaForm$MH+0x0000000100213c00'
Event: 6.477 Thread 0x00000151c37b1580 Unloading class 0x0000000100213800 'java/lang/invoke/LambdaForm$MH+0x0000000100213800'
Event: 6.477 Thread 0x00000151c37b1580 Unloading class 0x0000000100213400 'java/lang/invoke/LambdaForm$MH+0x0000000100213400'
Event: 6.477 Thread 0x00000151c37b1580 Unloading class 0x0000000100213000 'java/lang/invoke/LambdaForm$MH+0x0000000100213000'
Event: 6.477 Thread 0x00000151c37b1580 Unloading class 0x0000000100212c00 'java/lang/invoke/LambdaForm$BMH+0x0000000100212c00'
Event: 6.477 Thread 0x00000151c37b1580 Unloading class 0x0000000100212800 'java/lang/invoke/LambdaForm$DMH+0x0000000100212800'
Event: 6.477 Thread 0x00000151c37b1580 Unloading class 0x000000010020c400 'java/lang/invoke/LambdaForm$DMH+0x000000010020c400'

Classes redefined (0 events):
No events

Internal exceptions (20 events):
Event: 14.471 Thread 0x00000151c561fd20 Exception <a 'java/lang/LinkageError'{0x00000000eb3eefb0}: loader lombok.launch.ShadowClassLoader @48da8ba1 attempted duplicate class definition for lombok.launch.PatchFixesHider$Transform. (lombok.launch.PatchFixesHider$Transform is in unnamed module of loader lombok.launch.ShadowClassLoader @48da8ba1, parent loader org.eclipse.osgi.internal.loader.EquinoxClassLoader @57d26261)> (0x00000000eb3eefb0) 
thrown [s\src\hotspot\share\classfile\systemDictionary.cpp, line 1723]
Event: 14.479 Thread 0x00000151c5622fc0 Exception <a 'java/lang/LinkageError'{0x00000000eb19b9f8}: loader lombok.launch.ShadowClassLoader @48da8ba1 attempted duplicate class definition for lombok.launch.PatchFixesHider$Transform. (lombok.launch.PatchFixesHider$Transform is in unnamed module of loader lombok.launch.ShadowClassLoader @48da8ba1, parent loader org.eclipse.osgi.internal.loader.EquinoxClassLoader @57d26261)> (0x00000000eb19b9f8) 
thrown [s\src\hotspot\share\classfile\systemDictionary.cpp, line 1723]
Event: 16.472 Thread 0x00000151c5621160 Exception <a 'java/lang/LinkageError'{0x00000000ebb49480}: loader lombok.launch.ShadowClassLoader @48da8ba1 attempted duplicate class definition for lombok.launch.PatchFixesHider$ValPortal. (lombok.launch.PatchFixesHider$ValPortal is in unnamed module of loader lombok.launch.ShadowClassLoader @48da8ba1, parent loader org.eclipse.osgi.internal.loader.EquinoxClassLoader @57d26261)> (0x00000000ebb49480) 
thrown [s\src\hotspot\share\classfile\systemDictionary.cpp, line 1723]
Event: 16.477 Thread 0x00000151c561fd20 Exception <a 'java/lang/LinkageError'{0x00000000ebc2ea00}: loader lombok.launch.ShadowClassLoader @48da8ba1 attempted duplicate class definition for lombok.launch.PatchFixesHider$ValPortal. (lombok.launch.PatchFixesHider$ValPortal is in unnamed module of loader lombok.launch.ShadowClassLoader @48da8ba1, parent loader org.eclipse.osgi.internal.loader.EquinoxClassLoader @57d26261)> (0x00000000ebc2ea00) 
thrown [s\src\hotspot\share\classfile\systemDictionary.cpp, line 1723]
Event: 16.968 Thread 0x00000151c5622fc0 Exception <a 'java/lang/LinkageError'{0x00000000eba1f468}: loader lombok.launch.ShadowClassLoader @202cecc7 attempted duplicate class definition for lombok.launch.PatchFixesHider$FieldInitializer. (lombok.launch.PatchFixesHider$FieldInitializer is in unnamed module of loader lombok.launch.ShadowClassLoader @202cecc7, parent loader org.eclipse.osgi.internal.loader.EquinoxClassLoader @3a90de07)> (0x00000000eba1f468) 
thrown [s\src\hotspot\share\classfile\systemDictionary.cpp, line 1723]
Event: 17.428 Thread 0x00000151c5622fc0 Exception <a 'java/lang/ClassNotFoundException'{0x00000000ead86010}: sun/util/logging/resources/spi/loggingProvider> (0x00000000ead86010) 
thrown [s\src\hotspot\share\classfile\systemDictionary.cpp, line 256]
Event: 17.655 Thread 0x00000151c52d6740 Exception <a 'java/lang/NoSuchMethodError'{0x00000000eaea9208}: 'java.lang.Object java.lang.invoke.DirectMethodHandle$Holder.invokeSpecial(java.lang.Object, java.lang.Object, int, long)'> (0x00000000eaea9208) 
thrown [s\src\hotspot\share\interpreter\linkResolver.cpp, line 759]
Event: 18.139 Thread 0x00000151c561fd20 Exception <a 'java/lang/NoSuchMethodError'{0x00000000eb543930}: 'int java.lang.invoke.DirectMethodHandle$Holder.invokeInterface(java.lang.Object, java.lang.Object)'> (0x00000000eb543930) 
thrown [s\src\hotspot\share\interpreter\linkResolver.cpp, line 759]
Event: 18.140 Thread 0x00000151c561fd20 Exception <a 'java/lang/IncompatibleClassChangeError'{0x00000000eb547130}: Found class java.lang.Object, but interface was expected> (0x00000000eb547130) 
thrown [s\src\hotspot\share\interpreter\linkResolver.cpp, line 826]
Event: 18.233 Thread 0x00000151c561fd20 Exception <a 'java/lang/NoSuchMethodError'{0x00000000eb768128}: 'int java.lang.invoke.DirectMethodHandle$Holder.invokeStatic(java.lang.Object, java.lang.Object, java.lang.Object, int)'> (0x00000000eb768128) 
thrown [s\src\hotspot\share\interpreter\linkResolver.cpp, line 759]
Event: 18.285 Thread 0x00000151c561fd20 Exception <a 'java/lang/NoSuchMethodError'{0x00000000eb8873b0}: 'int java.lang.invoke.DirectMethodHandle$Holder.invokeSpecialIFC(java.lang.Object, java.lang.Object, java.lang.Object)'> (0x00000000eb8873b0) 
thrown [s\src\hotspot\share\interpreter\linkResolver.cpp, line 759]
Event: 18.351 Thread 0x00000151c561fd20 Exception <a 'java/io/FileNotFoundException'{0x00000000ebb1da30}> (0x00000000ebb1da30) 
thrown [s\src\hotspot\share\prims\jni.cpp, line 516]
Event: 18.352 Thread 0x00000151c561fd20 Exception <a 'java/io/FileNotFoundException'{0x00000000ebb1ecc8}> (0x00000000ebb1ecc8) 
thrown [s\src\hotspot\share\prims\jni.cpp, line 516]
Event: 18.356 Thread 0x00000151c52d6740 Exception <a 'java/lang/LinkageError'{0x00000000ebb94ec0}: loader lombok.launch.ShadowClassLoader @48da8ba1 attempted duplicate class definition for lombok.launch.PatchFixesHider$Delegate. (lombok.launch.PatchFixesHider$Delegate is in unnamed module of loader lombok.launch.ShadowClassLoader @48da8ba1, parent loader org.eclipse.osgi.internal.loader.EquinoxClassLoader @57d26261)> (0x00000000ebb94ec0) 
thrown [s\src\hotspot\share\classfile\systemDictionary.cpp, line 1723]
Event: 18.709 Thread 0x00000151c52d6740 Exception <a 'java/lang/LinkageError'{0x00000000ead4fa18}: loader lombok.launch.ShadowClassLoader @48da8ba1 attempted duplicate class definition for lombok.launch.PatchFixesHider$ExtensionMethod. (lombok.launch.PatchFixesHider$ExtensionMethod is in unnamed module of loader lombok.launch.ShadowClassLoader @48da8ba1, parent loader org.eclipse.osgi.internal.loader.EquinoxClassLoader @57d26261)> (0x00000000ead4fa18) 
thrown [s\src\hotspot\share\classfile\systemDictionary.cpp, line 1723]
Event: 18.877 Thread 0x00000151c561fd20 Exception <a 'java/lang/NoSuchMethodError'{0x00000000eb06dc70}: 'int java.lang.invoke.DirectMethodHandle$Holder.invokeStatic(java.lang.Object, int, java.lang.Object)'> (0x00000000eb06dc70) 
thrown [s\src\hotspot\share\interpreter\linkResolver.cpp, line 759]
Event: 18.961 Thread 0x00000151c52d6740 Exception <a 'java/io/FileNotFoundException'{0x00000000eb2c7b68}> (0x00000000eb2c7b68) 
thrown [s\src\hotspot\share\prims\jni.cpp, line 516]
Event: 18.962 Thread 0x00000151c52d6740 Exception <a 'java/io/FileNotFoundException'{0x00000000eb2c8b60}> (0x00000000eb2c8b60) 
thrown [s\src\hotspot\share\prims\jni.cpp, line 516]
Event: 18.962 Thread 0x00000151c52d6740 Exception <a 'java/io/FileNotFoundException'{0x00000000eb2c98c8}> (0x00000000eb2c98c8) 
thrown [s\src\hotspot\share\prims\jni.cpp, line 516]
Event: 123.158 Thread 0x00000151c5621160 Exception <a 'java/lang/ArrayIndexOutOfBoundsException'{0x00000000ebcd4880}> (0x00000000ebcd4880) 
thrown [s\src\hotspot\share\runtime\sharedRuntime.cpp, line 631]

VM Operations (20 events):
Event: 130.074 Executing VM operation: Cleanup
Event: 130.075 Executing VM operation: Cleanup done
Event: 135.126 Executing VM operation: Cleanup
Event: 135.126 Executing VM operation: Cleanup done
Event: 139.169 Executing VM operation: Cleanup
Event: 139.169 Executing VM operation: Cleanup done
Event: 140.056 Executing VM operation: HandshakeAllThreads
Event: 140.056 Executing VM operation: HandshakeAllThreads done
Event: 141.059 Executing VM operation: Cleanup
Event: 141.059 Executing VM operation: Cleanup done
Event: 141.213 Executing VM operation: ParallelGCFailedAllocation
Event: 141.217 Executing VM operation: ParallelGCFailedAllocation done
Event: 142.221 Executing VM operation: Cleanup
Event: 142.221 Executing VM operation: Cleanup done
Event: 144.237 Executing VM operation: Cleanup
Event: 144.252 Executing VM operation: Cleanup done
Event: 144.406 Executing VM operation: ParallelGCFailedAllocation
Event: 144.416 Executing VM operation: ParallelGCFailedAllocation done
Event: 145.424 Executing VM operation: Cleanup
Event: 145.424 Executing VM operation: Cleanup done

Memory protections (0 events):
No events

Nmethod flushes (20 events):
Event: 45.289 Thread 0x00000151be6dc7a0 flushing  nmethod 0x00000151ad7c7b10
Event: 45.289 Thread 0x00000151be6dc7a0 flushing  nmethod 0x00000151ad7f0110
Event: 45.289 Thread 0x00000151be6dc7a0 flushing  nmethod 0x00000151ad7f0c90
Event: 45.290 Thread 0x00000151be6dc7a0 flushing  nmethod 0x00000151ad814990
Event: 45.290 Thread 0x00000151be6dc7a0 flushing  nmethod 0x00000151ad819490
Event: 45.290 Thread 0x00000151be6dc7a0 flushing  nmethod 0x00000151ad825e90
Event: 45.290 Thread 0x00000151be6dc7a0 flushing  nmethod 0x00000151ad827b90
Event: 45.290 Thread 0x00000151be6dc7a0 flushing  nmethod 0x00000151ad828890
Event: 45.290 Thread 0x00000151be6dc7a0 flushing  nmethod 0x00000151ad829690
Event: 45.290 Thread 0x00000151be6dc7a0 flushing osr nmethod 0x00000151ad836c10
Event: 45.290 Thread 0x00000151be6dc7a0 flushing  nmethod 0x00000151ad837810
Event: 45.290 Thread 0x00000151be6dc7a0 flushing  nmethod 0x00000151ad838510
Event: 45.290 Thread 0x00000151be6dc7a0 flushing  nmethod 0x00000151ad83c610
Event: 45.290 Thread 0x00000151be6dc7a0 flushing  nmethod 0x00000151ad83cc10
Event: 45.290 Thread 0x00000151be6dc7a0 flushing  nmethod 0x00000151ad83db90
Event: 45.290 Thread 0x00000151be6dc7a0 flushing  nmethod 0x00000151ad83f390
Event: 45.290 Thread 0x00000151be6dc7a0 flushing  nmethod 0x00000151ad84c590
Event: 45.290 Thread 0x00000151be6dc7a0 flushing  nmethod 0x00000151ad854590
Event: 140.138 Thread 0x00000151be6dc7a0 flushing  nmethod 0x00000151ad68e710
Event: 140.139 Thread 0x00000151be6dc7a0 flushing  nmethod 0x00000151ad743190

Events (20 events):
Event: 10.487 Thread 0x00000151c52d7670 Thread added: 0x00000151c52d6740
Event: 10.574 Thread 0x00000151a8905710 Thread added: 0x00000151c52d4df0
Event: 10.575 Thread 0x00000151a8905710 Thread added: 0x00000151c52d5d20
Event: 10.575 Thread 0x00000151a8905710 Thread added: 0x00000151c52d6230
Event: 10.575 Thread 0x00000151a8905710 Thread added: 0x00000151c52d5300
Event: 10.575 Thread 0x00000151a8905710 Thread added: 0x00000151c52d6c50
Event: 10.575 Thread 0x00000151a8905710 Thread added: 0x00000151c52d7160
Event: 10.575 Thread 0x00000151a8905710 Thread added: 0x00000151c52d5810
Event: 10.575 Thread 0x00000151a8905710 Thread added: 0x00000151c561ca80
Event: 10.576 Thread 0x00000151a8905710 Thread added: 0x00000151c561c060
Event: 10.780 Thread 0x00000151a8905710 Thread added: 0x00000151c561f300
Event: 11.366 Thread 0x00000151a8905710 Thread added: 0x00000151c5622090
Event: 11.367 Thread 0x00000151a8905710 Thread added: 0x00000151c5622fc0
Event: 12.772 Thread 0x00000151c5622fc0 Thread added: 0x00000151c561d9b0
Event: 12.776 Thread 0x00000151c5622fc0 Thread added: 0x00000151c56225a0
Event: 12.792 Thread 0x00000151c5622fc0 Thread added: 0x00000151c561fd20
Event: 12.814 Thread 0x00000151c5622fc0 Thread added: 0x00000151c5621160
Event: 13.133 Thread 0x00000151c4f90cd0 Thread exited: 0x00000151c4f90cd0
Event: 78.271 Thread 0x00000151c52d48e0 Thread exited: 0x00000151c52d48e0
Event: 122.793 Thread 0x00000151c52d6740 Thread added: 0x00000151c5621670


Dynamic libraries:
0x00007ff6fa780000 - 0x00007ff6fa78e000 	c:\Users\athul\.vscode\extensions\redhat.java-1.37.0-win32-x64\jre\17.0.13-win32-x86_64\bin\java.exe
0x00007ffbe2cf0000 - 0x00007ffbe2ee8000 	C:\windows\SYSTEM32\ntdll.dll
0x00007ffbe2760000 - 0x00007ffbe2822000 	C:\windows\System32\KERNEL32.DLL
0x00007ffbe0730000 - 0x00007ffbe0a2e000 	C:\windows\System32\KERNELBASE.dll
0x00007ffbdc960000 - 0x00007ffbdc9f4000 	C:\windows\SYSTEM32\apphelp.dll
0x00007ffbe0ab0000 - 0x00007ffbe0bb0000 	C:\windows\System32\ucrtbase.dll
0x00007ffbdc040000 - 0x00007ffbdc057000 	c:\Users\athul\.vscode\extensions\redhat.java-1.37.0-win32-x64\jre\17.0.13-win32-x86_64\bin\jli.dll
0x00007ffbe25c0000 - 0x00007ffbe275d000 	C:\windows\System32\USER32.dll
0x00007ffbe0a80000 - 0x00007ffbe0aa2000 	C:\windows\System32\win32u.dll
0x00007ffbe2980000 - 0x00007ffbe29ab000 	C:\windows\System32\GDI32.dll
0x00007ffbc6e30000 - 0x00007ffbc70ca000 	C:\windows\WinSxS\amd64_microsoft.windows.common-controls_6595b64144ccf1df_6.0.19041.4355_none_60b8b9eb71f62e16\COMCTL32.dll
0x00007ffbe11e0000 - 0x00007ffbe127e000 	C:\windows\System32\msvcrt.dll
0x00007ffbe0470000 - 0x00007ffbe0587000 	C:\windows\System32\gdi32full.dll
0x00007ffbe0620000 - 0x00007ffbe06bd000 	C:\windows\System32\msvcp_win.dll
0x00007ffbd7de0000 - 0x00007ffbd7dfe000 	c:\Users\athul\.vscode\extensions\redhat.java-1.37.0-win32-x64\jre\17.0.13-win32-x86_64\bin\VCRUNTIME140.dll
0x00007ffbe2c80000 - 0x00007ffbe2caf000 	C:\windows\System32\IMM32.DLL
0x00007ffbdc720000 - 0x00007ffbdc72c000 	c:\Users\athul\.vscode\extensions\redhat.java-1.37.0-win32-x64\jre\17.0.13-win32-x86_64\bin\vcruntime140_1.dll
0x00007ffbb9240000 - 0x00007ffbb92cd000 	c:\Users\athul\.vscode\extensions\redhat.java-1.37.0-win32-x64\jre\17.0.13-win32-x86_64\bin\msvcp140.dll
0x00007ffb97000000 - 0x00007ffb97c6b000 	c:\Users\athul\.vscode\extensions\redhat.java-1.37.0-win32-x64\jre\17.0.13-win32-x86_64\bin\server\jvm.dll
0x00007ffbe24a0000 - 0x00007ffbe2552000 	C:\windows\System32\ADVAPI32.dll
0x00007ffbe1850000 - 0x00007ffbe18f0000 	C:\windows\System32\sechost.dll
0x00007ffbe1280000 - 0x00007ffbe13a3000 	C:\windows\System32\RPCRT4.dll
0x00007ffbe0390000 - 0x00007ffbe03b7000 	C:\windows\System32\bcrypt.dll
0x00007ffbe2ba0000 - 0x00007ffbe2c0b000 	C:\windows\System32\WS2_32.dll
0x00007ffbe01f0000 - 0x00007ffbe023b000 	C:\windows\SYSTEM32\POWRPROF.dll
0x00007ffbd5850000 - 0x00007ffbd5877000 	C:\windows\SYSTEM32\WINMM.dll
0x00007ffbd6190000 - 0x00007ffbd619a000 	C:\windows\SYSTEM32\VERSION.dll
0x00007ffbe01d0000 - 0x00007ffbe01e2000 	C:\windows\SYSTEM32\UMPDC.dll
0x00007ffbde210000 - 0x00007ffbde222000 	C:\windows\SYSTEM32\kernel.appcore.dll
0x00007ffbdb300000 - 0x00007ffbdb30a000 	c:\Users\athul\.vscode\extensions\redhat.java-1.37.0-win32-x64\jre\17.0.13-win32-x86_64\bin\jimage.dll
0x00007ffbd54d0000 - 0x00007ffbd56b4000 	C:\windows\SYSTEM32\DBGHELP.DLL
0x00007ffbca300000 - 0x00007ffbca334000 	C:\windows\SYSTEM32\dbgcore.DLL
0x00007ffbe0590000 - 0x00007ffbe0612000 	C:\windows\System32\bcryptPrimitives.dll
0x00007ffbd3760000 - 0x00007ffbd376e000 	c:\Users\athul\.vscode\extensions\redhat.java-1.37.0-win32-x64\jre\17.0.13-win32-x86_64\bin\instrument.dll
0x00007ffbd3640000 - 0x00007ffbd3665000 	c:\Users\athul\.vscode\extensions\redhat.java-1.37.0-win32-x64\jre\17.0.13-win32-x86_64\bin\java.dll
0x00007ffbd3620000 - 0x00007ffbd3638000 	c:\Users\athul\.vscode\extensions\redhat.java-1.37.0-win32-x64\jre\17.0.13-win32-x86_64\bin\zip.dll
0x00007ffbe18f0000 - 0x00007ffbe205f000 	C:\windows\System32\SHELL32.dll
0x00007ffbde410000 - 0x00007ffbdebb4000 	C:\windows\SYSTEM32\windows.storage.dll
0x00007ffbe14f0000 - 0x00007ffbe1843000 	C:\windows\System32\combase.dll
0x00007ffbdfcf0000 - 0x00007ffbdfd1e000 	C:\windows\SYSTEM32\Wldp.dll
0x00007ffbe2220000 - 0x00007ffbe22ed000 	C:\windows\System32\OLEAUT32.dll
0x00007ffbe1440000 - 0x00007ffbe14ed000 	C:\windows\System32\SHCORE.dll
0x00007ffbe2c10000 - 0x00007ffbe2c65000 	C:\windows\System32\shlwapi.dll
0x00007ffbe02c0000 - 0x00007ffbe02e4000 	C:\windows\SYSTEM32\profapi.dll
0x00007ffbd2540000 - 0x00007ffbd2559000 	C:\Users\athul\.vscode\extensions\redhat.java-1.37.0-win32-x64\jre\17.0.13-win32-x86_64\bin\net.dll
0x00007ffbd7660000 - 0x00007ffbd776d000 	C:\windows\SYSTEM32\WINHTTP.dll
0x00007ffbdfa50000 - 0x00007ffbdfaba000 	C:\windows\system32\mswsock.dll
0x00007ffbd2500000 - 0x00007ffbd2516000 	C:\Users\athul\.vscode\extensions\redhat.java-1.37.0-win32-x64\jre\17.0.13-win32-x86_64\bin\nio.dll
0x00007ffbd3610000 - 0x00007ffbd3620000 	c:\Users\athul\.vscode\extensions\redhat.java-1.37.0-win32-x64\jre\17.0.13-win32-x86_64\bin\verify.dll
0x00007ffbd1d60000 - 0x00007ffbd1da5000 	C:\Users\athul\AppData\Roaming\Code\User\globalStorage\redhat.java\1.37.0\config_ss_win\org.eclipse.equinox.launcher\org.eclipse.equinox.launcher.win32.win32.x86_64_1.2.1100.v20240722-2106\eclipse_11904.dll
0x00007ffbe2830000 - 0x00007ffbe295b000 	C:\windows\System32\ole32.dll
0x00007ffbdfc50000 - 0x00007ffbdfc68000 	C:\windows\SYSTEM32\CRYPTSP.dll
0x00007ffbdf370000 - 0x00007ffbdf3a4000 	C:\windows\system32\rsaenh.dll
0x00007ffbe0240000 - 0x00007ffbe026e000 	C:\windows\SYSTEM32\USERENV.dll
0x00007ffbdfc40000 - 0x00007ffbdfc4c000 	C:\windows\SYSTEM32\CRYPTBASE.dll
0x00007ffbdf730000 - 0x00007ffbdf76b000 	C:\windows\SYSTEM32\IPHLPAPI.DLL
0x00007ffbe1430000 - 0x00007ffbe1438000 	C:\windows\System32\NSI.dll
0x00007ffbd81c0000 - 0x00007ffbd81d7000 	C:\windows\SYSTEM32\dhcpcsvc6.DLL
0x00007ffbd8770000 - 0x00007ffbd878d000 	C:\windows\SYSTEM32\dhcpcsvc.DLL
0x00007ffbdf770000 - 0x00007ffbdf83a000 	C:\windows\SYSTEM32\DNSAPI.dll
0x00007ffbb7450000 - 0x00007ffbb7499000 	C:\Users\athul\AppData\Local\Temp\jna-93140972\jna17441231380491315451.dll
0x00007ffbe2c70000 - 0x00007ffbe2c78000 	C:\windows\System32\PSAPI.DLL

dbghelp: loaded successfully - version: 4.0.5 - missing functions: none
symbol engine: initialized successfully - sym options: 0x614 - pdb path: .;c:\Users\athul\.vscode\extensions\redhat.java-1.37.0-win32-x64\jre\17.0.13-win32-x86_64\bin;C:\windows\SYSTEM32;C:\windows\WinSxS\amd64_microsoft.windows.common-controls_6595b64144ccf1df_6.0.19041.4355_none_60b8b9eb71f62e16;c:\Users\athul\.vscode\extensions\redhat.java-1.37.0-win32-x64\jre\17.0.13-win32-x86_64\bin\server;C:\Users\athul\AppData\Roaming\Code\User\globalStorage\redhat.java\1.37.0\config_ss_win\org.eclipse.equinox.launcher\org.eclipse.equinox.launcher.win32.win32.x86_64_1.2.1100.v20240722-2106;C:\Users\athul\AppData\Local\Temp\jna-93140972

VM Arguments:
jvm_args: --add-modules=ALL-SYSTEM --add-opens=java.base/java.util=ALL-UNNAMED --add-opens=java.base/java.lang=ALL-UNNAMED --add-opens=java.base/sun.nio.fs=ALL-UNNAMED -Declipse.application=org.eclipse.jdt.ls.core.id1 -Dosgi.bundles.defaultStartLevel=4 -Declipse.product=org.eclipse.jdt.ls.core.product -Djava.import.generatesMetadataFilesAtProjectRoot=false -DDetectVMInstallationsJob.disabled=true -Dfile.encoding=utf8 -XX:+UseParallelGC -XX:GCTimeRatio=4 -XX:AdaptiveSizePolicyWeight=90 -Dsun.zip.disableMemoryMapping=true -Xmx1G -Xms100m -Xlog:disable -javaagent:c:\Users\athul\.vscode\extensions\redhat.java-1.37.0-win32-x64\lombok\lombok-1.18.34.jar 
java_command: c:\Users\athul\.vscode\extensions\redhat.java-1.37.0-win32-x64\server\plugins\org.eclipse.equinox.launcher_1.6.900.v20240613-2009.jar -configuration c:\Users\athul\AppData\Roaming\Code\User\globalStorage\redhat.java\1.37.0\config_ss_win -data c:\Users\athul\AppData\Roaming\Code\User\workspaceStorage\5c278fb7de574982b3561c3920dec1c7\redhat.java\ss_ws --pipe=\\.\pipe\lsp-8833cfc95a1bb0e2ee4e2ae8cd1325bc-sock
java_class_path (initial): c:\Users\athul\.vscode\extensions\redhat.java-1.37.0-win32-x64\server\plugins\org.eclipse.equinox.launcher_1.6.900.v20240613-2009.jar
Launcher Type: SUN_STANDARD

[Global flags]
    uintx AdaptiveSizePolicyWeight                 = 90                                        {product} {command line}
     intx CICompilerCount                          = 4                                         {product} {ergonomic}
    uintx GCTimeRatio                              = 4                                         {product} {command line}
   size_t InitialHeapSize                          = 104857600                                 {product} {command line}
   size_t MaxHeapSize                              = 1073741824                                {product} {command line}
   size_t MaxNewSize                               = 357564416                                 {product} {ergonomic}
   size_t MinHeapDeltaBytes                        = 524288                                    {product} {ergonomic}
   size_t MinHeapSize                              = 104857600                                 {product} {command line}
   size_t NewSize                                  = 34603008                                  {product} {ergonomic}
    uintx NonNMethodCodeHeapSize                   = 5839372                                {pd product} {ergonomic}
    uintx NonProfiledCodeHeapSize                  = 122909434                              {pd product} {ergonomic}
   size_t OldSize                                  = 70254592                                  {product} {ergonomic}
    uintx ProfiledCodeHeapSize                     = 122909434                              {pd product} {ergonomic}
    uintx ReservedCodeCacheSize                    = 251658240                              {pd product} {ergonomic}
     bool SegmentedCodeCache                       = true                                      {product} {ergonomic}
   size_t SoftMaxHeapSize                          = 1073741824                             {manageable} {ergonomic}
     bool UseCompressedClassPointers               = true                           {product lp64_product} {ergonomic}
     bool UseCompressedOops                        = true                           {product lp64_product} {ergonomic}
     bool UseLargePagesIndividualAllocation        = false                                  {pd product} {ergonomic}
     bool UseParallelGC                            = true                                      {product} {command line}

Logging:
Log output configuration:
 #0: stdout all=off uptime,level,tags
 #1: stderr all=off uptime,level,tags

Environment Variables:
JAVA_HOME=C:\Users\athul\scoop\apps\openjdk11\current
PATH=C:\Users\athul\scoop\apps\openjdk11\current\bin;C:\Program Files\Eclipse Adoptium\jdk-21.0.3.9-hotspot\bin;C:\windows\system32;C:\windows;C:\windows\System32\Wbem;C:\windows\System32\WindowsPowerShell\v1.0\;C:\windows\System32\OpenSSH\;C:\Program Files\HP\HP One Agent;C:\Program Files\Microsoft SQL Server\150\Tools\Binn\;C:\Program Files\Microsoft SQL Server\Client SDK\ODBC\170\Tools\Binn\;C:\Program Files\dotnet\;C:\Android;C:\Windows\System32;C:\Program Files\Git\cmd;C:\Users\athul\scoop\apps\python\current\Scripts;C:\Users\athul\scoop\apps\python\current;C:\Users\athul\scoop\apps\openjdk11\current\bin;C:\Users\athul\scoop\shims;C:\Program Files\Eclipse Adoptium\jdk-21.0.3.9-hotspot\bin;C:\windows\system32;C:\windows;C:\windows\System32\Wbem;C:\windows\System32\WindowsPowerShell\v1.0\;C:\windows\System32\OpenSSH\;C:\Program Files\HP\HP One Agent;C:\Program Files\Microsoft SQL Server\150\Tools\Binn\;C:\Program Files\Microsoft SQL Server\Client SDK\ODBC\170\Tools\Binn\;C:\Program Files\dotnet\;C:\Android;C:\Windows\System32;C:\Users\athul\AppData\Local\Microsoft\WindowsApps;C:\Users\athul\.dotnet\tools;C:\Users\athul\AppData\Local\Programs\Microsoft VS Code\bin;C:\WebDriver\bin;
USERNAME=athul
OS=Windows_NT
PROCESSOR_IDENTIFIER=AMD64 Family 23 Model 24 Stepping 1, AuthenticAMD
TMP=C:\Users\athul\AppData\Local\Temp
TEMP=C:\Users\athul\AppData\Local\Temp



Periodic native trim disabled


---------------  S Y S T E M  ---------------

OS:
 Windows 10 , 64 bit Build 19041 (10.0.19041.4957)
OS uptime: 31 days 2:16 hours

CPU: total 8 (initial active 8) (8 cores per cpu, 2 threads per core) family 23 model 24 stepping 1 microcode 0x0, cx8, cmov, fxsr, ht, mmx, 3dnowpref, sse, sse2, sse3, ssse3, sse4a, sse4.1, sse4.2, popcnt, lzcnt, tsc, tscinvbit, avx, avx2, aes, clmul, bmi1, bmi2, adx, sha, fma, vzeroupper, clflush, clflushopt
Processor Information for all 8 processors :
  Max Mhz: 2100, Current Mhz: 2100, Mhz Limit: 2100

Memory: 4k page, system-wide physical 6060M (249M free)
TotalPageFile size 24492M (AvailPageFile size 1M)
current process WorkingSet (physical memory assigned to process): 149M, peak: 221M
current process commit charge ("private bytes"): 286M, peak: 305M

vm_info: OpenJDK 64-Bit Server VM (17.0.13+11) for windows-amd64 JRE (17.0.13+11), built on Oct 16 2024 00:10:08 by "admin" with MS VC++ 17.7 (VS2022)

END.
